03:34:25.809 [main] INFO  com.test.automation.driver.DriverFactory - Created new chrome driver instance
03:34:27.492 [main] INFO  com.test.automation.tests.BaseTest - Started test with URL: https://askomdch.com/
03:34:30.351 [main] INFO  com.test.automation.driver.DriverFactory - Quit driver instance
03:38:56.189 [main] INFO  com.test.automation.driver.DriverFactory - Created new chrome driver instance
03:39:49.446 [main] INFO  com.test.automation.tests.BaseTest - Started test with URL: https://askomdch.com/
03:43:19.720 [main] INFO  com.test.automation.driver.DriverFactory - Quit driver instance
03:46:27.283 [main] INFO  com.test.automation.driver.DriverFactory - Created new chrome driver instance
03:47:11.612 [main] INFO  com.test.automation.driver.DriverFactory - Created new chrome driver instance
03:47:13.613 [main] INFO  com.test.automation.tests.BaseTest - Started test with URL: https://askomdch.com/
03:47:17.224 [main] INFO  com.test.automation.actions.WebActions - Clicked element: By.xpath: //li[@id='menu-item-1237']//a[@class='menu-link'][normalize-space()='Account']
03:47:19.890 [main] INFO  com.test.automation.driver.DriverFactory - Quit driver instance
03:48:59.390 [main] INFO  com.test.automation.driver.DriverFactory - Created new chrome driver instance
03:49:13.771 [main] INFO  com.test.automation.tests.BaseTest - Started test with URL: https://askomdch.com/
03:49:48.573 [main] INFO  com.test.automation.actions.WebActions - Clicked element: By.xpath: //li[@id='menu-item-1237']//a[@class='menu-link'][normalize-space()='Account']
03:53:30.598 [main] INFO  com.test.automation.driver.DriverFactory - Quit driver instance
04:04:25.883 [main] INFO  com.test.automation.driver.DriverFactory - Created new chrome driver instance
04:04:28.539 [main] INFO  com.test.automation.tests.BaseTest - Started test with URL: https://askomdch.com/
04:04:36.760 [main] INFO  com.test.automation.actions.WebActions - Clicked element: By.xpath: //li[@id='menu-item-1237']//a[@class='menu-link'][normalize-space()='Account']
04:04:43.192 [main] INFO  com.test.automation.actions.WebActions - Entered text: rayroshn@gmail.com into element: By.xpath: //input[@id='username']
04:04:48.816 [main] INFO  com.test.automation.actions.WebActions - Entered text: $Thinair321 into element: By.xpath: //input[@id='password']
04:04:52.843 [main] INFO  com.test.automation.actions.WebActions - Clicked element: By.xpath: //button[normalize-space()='Log in']
04:50:45.184 [main] INFO  com.test.automation.driver.DriverFactory - Created new chrome driver instance
04:50:46.660 [main] INFO  com.test.automation.tests.BaseTest - Started test with URL: https://askomdch.com/
04:51:03.048 [main] INFO  com.test.automation.actions.WebActions - Clicked element: By.xpath: //li[@id='menu-item-1237']//a[@class='menu-link'][normalize-space()='Account']
04:51:07.600 [main] INFO  com.test.automation.actions.WebActions - Entered text: rayroshn@gmail.com into element: By.xpath: //input[@id='username']
04:51:33.201 [main] INFO  com.test.automation.actions.WebActions - Entered text: $Thinair321 into element: By.xpath: //input[@id='password']
04:51:38.175 [main] INFO  com.test.automation.actions.WebActions - Clicked element: By.xpath: //button[normalize-space()='Log in']
04:52:21.686 [main] INFO  com.test.automation.driver.DriverFactory - Quit driver instance
04:56:41.072 [main] INFO  com.test.automation.driver.DriverFactory - Created new chrome driver instance
04:56:42.139 [main] INFO  com.test.automation.tests.BaseTest - Started test with URL: https://askomdch.com/
04:56:44.678 [main] INFO  com.test.automation.actions.WebActions - Clicked element: By.xpath: //li[@id='menu-item-1237']//a[@class='menu-link'][normalize-space()='Account']
04:56:44.995 [main] INFO  com.test.automation.actions.WebActions - Entered text: rayroshn@gmail.com into element: By.xpath: //input[@id='username']
04:56:45.169 [main] INFO  com.test.automation.actions.WebActions - Entered text: $Thinair321 into element: By.xpath: //input[@id='password']
04:56:46.201 [main] INFO  com.test.automation.actions.WebActions - Clicked element: By.xpath: //button[normalize-space()='Log in']
04:56:46.314 [main] INFO  com.test.automation.actions.WebActions - Retrieved text: Logout
04:56:47.806 [main] INFO  com.test.automation.driver.DriverFactory - Quit driver instance
05:02:44.542 [main] INFO  com.test.automation.driver.DriverFactory - Created new chrome driver instance
05:02:46.923 [main] INFO  com.test.automation.tests.BaseTest - Started test with URL: https://askomdch.com/
05:02:49.528 [main] INFO  com.test.automation.actions.WebActions - Clicked element: By.xpath: //li[@id='menu-item-1237']//a[@class='menu-link'][normalize-space()='Account']
05:02:49.777 [main] INFO  com.test.automation.actions.WebActions - Entered text: rayroshn@gmail.com into element: By.xpath: //input[@id='username']
05:02:49.975 [main] INFO  com.test.automation.actions.WebActions - Entered text: $Thinair321 into element: By.xpath: //input[@id='password']
05:02:51.020 [main] INFO  com.test.automation.actions.WebActions - Clicked element: By.xpath: //button[normalize-space()='Log in']
05:02:51.105 [main] INFO  com.test.automation.actions.WebActions - Retrieved text: Logout
05:02:52.617 [main] INFO  com.test.automation.driver.DriverFactory - Quit driver instance
05:05:51.250 [main] INFO  com.test.automation.driver.DriverFactory - Created new chrome driver instance
05:05:52.386 [main] INFO  com.test.automation.tests.BaseTest - Started test with URL: https://askomdch.com/
05:05:55.956 [main] INFO  com.test.automation.actions.WebActions - Clicked element: By.xpath: //li[@id='menu-item-1237']//a[@class='menu-link'][normalize-space()='Account']
05:05:56.221 [main] INFO  com.test.automation.actions.WebActions - Entered text: rayroshn@gmail.com into element: By.xpath: //input[@id='username']
05:05:56.446 [main] INFO  com.test.automation.actions.WebActions - Entered text: $Thinair321 into element: By.xpath: //input[@id='password']
05:05:57.552 [main] INFO  com.test.automation.actions.WebActions - Clicked element: By.xpath: //button[normalize-space()='Log in']
05:05:57.690 [main] INFO  com.test.automation.actions.WebActions - Retrieved text: Logout
05:05:58.966 [main] INFO  com.test.automation.driver.DriverFactory - Quit driver instance
05:11:49.753 [TestNG-tests-2] INFO  com.test.automation.driver.DriverFactory - Created new chrome driver instance
05:11:50.139 [TestNG-tests-1] INFO  com.test.automation.driver.DriverFactory - Created new chrome driver instance
05:11:51.212 [TestNG-tests-1] INFO  com.test.automation.tests.BaseTest - Started test with URL: https://askomdch.com/
05:11:53.233 [TestNG-tests-2] INFO  com.test.automation.tests.BaseTest - Started test with URL: https://askomdch.com/
05:11:56.205 [TestNG-tests-2] INFO  com.test.automation.actions.WebActions - Clicked element: By.xpath: //li[@id='menu-item-1237']//a[@class='menu-link'][normalize-space()='Account']
05:11:56.232 [TestNG-tests-1] INFO  com.test.automation.actions.WebActions - Clicked element: By.xpath: //li[@id='menu-item-1237']//a[@class='menu-link'][normalize-space()='Account']
05:11:56.620 [TestNG-tests-2] INFO  com.test.automation.actions.WebActions - Entered text: rayroshn@gmail.com into element: By.xpath: //input[@id='username']
05:11:56.681 [TestNG-tests-1] INFO  com.test.automation.actions.WebActions - Entered text: rayroshn@gmail.com into element: By.xpath: //input[@id='username']
05:11:56.874 [TestNG-tests-2] INFO  com.test.automation.actions.WebActions - Entered text: $Thinair321 into element: By.xpath: //input[@id='password']
05:11:57.006 [TestNG-tests-1] INFO  com.test.automation.actions.WebActions - Entered text: $Thinair321 into element: By.xpath: //input[@id='password']
05:11:58.346 [TestNG-tests-2] INFO  com.test.automation.actions.WebActions - Clicked element: By.xpath: //button[normalize-space()='Log in']
05:11:58.470 [TestNG-tests-1] INFO  com.test.automation.actions.WebActions - Clicked element: By.xpath: //button[normalize-space()='Log in']
05:11:58.523 [TestNG-tests-2] INFO  com.test.automation.actions.WebActions - Retrieved text: Logout
05:11:58.720 [TestNG-tests-1] INFO  com.test.automation.actions.WebActions - Retrieved text: Logout
05:11:59.502 [TestNG-tests-2] INFO  com.test.automation.driver.DriverFactory - Quit driver instance
05:11:59.534 [TestNG-tests-1] INFO  com.test.automation.driver.DriverFactory - Quit driver instance
05:20:43.725 [TestNG-tests-2] INFO  com.test.automation.driver.DriverFactory - Created new chrome driver instance
05:20:44.072 [TestNG-tests-1] INFO  com.test.automation.driver.DriverFactory - Created new chrome driver instance
05:20:45.773 [TestNG-tests-2] INFO  com.test.automation.tests.BaseTest - Started test with URL: https://askomdch.com/
05:20:45.993 [TestNG-tests-1] INFO  com.test.automation.tests.BaseTest - Started test with URL: https://askomdch.com/
05:20:49.496 [TestNG-tests-2] INFO  com.test.automation.actions.WebActions - Clicked element: By.xpath: //li[@id='menu-item-1237']//a[@class='menu-link'][normalize-space()='Account']
05:20:49.544 [TestNG-tests-1] INFO  com.test.automation.actions.WebActions - Clicked element: By.xpath: //li[@id='menu-item-1237']//a[@class='menu-link'][normalize-space()='Account']
05:20:49.892 [TestNG-tests-2] INFO  com.test.automation.actions.WebActions - Entered text: rayroshn@gmail.com into element: By.xpath: //input[@id='username']
05:20:49.930 [TestNG-tests-1] INFO  com.test.automation.actions.WebActions - Entered text: rayroshn@gmail.com into element: By.xpath: //input[@id='username']
05:20:50.151 [TestNG-tests-2] INFO  com.test.automation.actions.WebActions - Entered text: $Thinair321 into element: By.xpath: //input[@id='password']
05:20:50.161 [TestNG-tests-1] INFO  com.test.automation.actions.WebActions - Entered text: $Thinair321 into element: By.xpath: //input[@id='password']
05:20:51.612 [TestNG-tests-2] INFO  com.test.automation.actions.WebActions - Clicked element: By.xpath: //button[normalize-space()='Log in']
05:20:51.742 [TestNG-tests-2] INFO  com.test.automation.actions.WebActions - Retrieved text: Logout
05:20:51.989 [TestNG-tests-1] INFO  com.test.automation.actions.WebActions - Clicked element: By.xpath: //button[normalize-space()='Log in']
05:20:52.741 [TestNG-tests-1] INFO  com.test.automation.actions.WebActions - Retrieved text: Logout
05:20:53.302 [TestNG-tests-1] INFO  com.test.automation.driver.DriverFactory - Quit driver instance
05:20:53.329 [TestNG-tests-2] INFO  com.test.automation.driver.DriverFactory - Quit driver instance
05:48:20.295 [main] INFO  com.test.automation.driver.DriverFactory - Created new chrome driver instance
05:48:21.612 [main] INFO  com.test.automation.tests.BaseTest - Started test with URL: https://askomdch.com/
05:51:25.442 [main] INFO  com.test.automation.driver.DriverFactory - Created new chrome driver instance
05:51:26.496 [main] INFO  com.test.automation.tests.BaseTest - Started test with URL: https://askomdch.com/
05:56:10.760 [main] INFO  com.test.automation.driver.DriverFactory - Created new chrome driver instance
05:56:11.989 [main] INFO  com.test.automation.tests.BaseTest - Started test with URL: https://askomdch.com/
05:59:42.906 [main] INFO  com.test.automation.driver.DriverFactory - Quit driver instance
06:01:38.674 [main] INFO  com.test.automation.driver.DriverFactory - Created new chrome driver instance
06:01:39.776 [main] INFO  com.test.automation.tests.BaseTest - Started test with URL: https://askomdch.com/
06:01:42.362 [main] INFO  com.test.automation.driver.DriverFactory - Quit driver instance
06:03:18.539 [main] INFO  com.test.automation.driver.DriverFactory - Created new chrome driver instance
06:03:19.614 [main] INFO  com.test.automation.tests.BaseTest - Started test with URL: https://askomdch.com/
06:03:22.114 [main] INFO  com.test.automation.driver.DriverFactory - Quit driver instance
23:46:29.666 [main] INFO  com.test.automation.utils.CredentialsLoader - Retrieved Username : rayroshn@gmail.com
23:46:29.722 [main] INFO  com.test.automation.utils.CredentialsLoader - Retrieved Password : $Thinair321
23:47:42.501 [main] INFO  com.test.automation.utils.CredentialsLoader - Retrieved Password : null
23:47:42.542 [main] INFO  com.test.automation.utils.CredentialsLoader - Retrieved Username : rayroshn@gmail.com
23:47:42.544 [main] INFO  com.test.automation.utils.CredentialsLoader - Retrieved Password : $Thinair321
23:49:33.386 [main] INFO  com.test.automation.utils.CredentialsLoader - Retrieved Password : JFRoaW5haXIzMjE=
23:49:33.401 [main] INFO  com.test.automation.utils.CredentialsLoader - Retrieved Username : rayroshn@gmail.com
23:50:05.772 [main] INFO  com.test.automation.utils.CredentialsLoader - Retrieved Password : rayroshn@gmail.com
23:50:05.779 [main] INFO  com.test.automation.utils.CredentialsLoader - Retrieved Password : JFRoaW5haXIzMjE=
23:50:05.781 [main] INFO  com.test.automation.utils.CredentialsLoader - Retrieved Username : rayroshn@gmail.com
23:50:32.006 [main] INFO  com.test.automation.utils.CredentialsLoader - Retrieved Password : rayroshn@gmail.com
23:50:32.013 [main] INFO  com.test.automation.utils.CredentialsLoader - Retrieved Password : JFRoaW5haXIzMjE=
23:51:04.069 [main] INFO  com.test.automation.driver.DriverFactory - Created new chrome driver instance
23:51:05.398 [main] INFO  com.test.automation.tests.BaseTest - Started test with URL: https://askomdch.com/
23:51:06.906 [main] INFO  com.test.automation.utils.CredentialsLoader - Retrieved Password : rayroshn@gmail.com
23:51:06.907 [main] INFO  com.test.automation.utils.CredentialsLoader - Retrieved Password : JFRoaW5haXIzMjE=
23:51:08.321 [main] INFO  com.test.automation.actions.WebActions - Clicked element: By.xpath: //li[@id='menu-item-1237']//a[@class='menu-link'][normalize-space()='Account']
23:51:08.582 [main] INFO  com.test.automation.actions.WebActions - Entered text: rayroshn@gmail.com into element: By.xpath: //input[@id='username']
23:51:08.769 [main] INFO  com.test.automation.actions.WebActions - Entered text: $Thinair321 into element: By.xpath: //input[@id='password']
23:51:10.320 [main] INFO  com.test.automation.actions.WebActions - Clicked element: By.xpath: //button[normalize-space()='Log in']
23:51:10.403 [main] INFO  com.test.automation.actions.WebActions - Retrieved text: Logout
23:51:11.623 [main] INFO  com.test.automation.driver.DriverFactory - Quit driver instance
23:53:10.479 [main] INFO  com.test.automation.driver.DriverFactory - Created new chrome driver instance
23:53:11.645 [main] INFO  com.test.automation.tests.BaseTest - Started test with URL: https://askomdch.com/
23:53:13.067 [main] INFO  com.test.automation.utils.CredentialsLoader - Retrieved Password : rayroshn@gmail.com
23:53:13.067 [main] INFO  com.test.automation.utils.CredentialsLoader - Retrieved Password : JFRoaW5haXIzMjE=
23:53:14.119 [main] INFO  com.test.automation.actions.WebActions - Clicked element: By.xpath: //li[@id='menu-item-1237']//a[@class='menu-link'][normalize-space()='Account']
23:53:15.672 [main] INFO  com.test.automation.actions.WebActions - Clicked element: By.xpath: //button[normalize-space()='Log in']
23:53:15.786 [main] INFO  com.test.automation.actions.WebActions - Retrieved text: Logout
23:53:17.006 [main] INFO  com.test.automation.driver.DriverFactory - Quit driver instance
23:56:02.982 [main] INFO  com.test.automation.driver.DriverFactory - Created new chrome driver instance
23:56:04.091 [main] INFO  com.test.automation.tests.BaseTest - Started test with URL...: https://askomdch.com/
23:56:05.991 [main] INFO  com.test.automation.utils.CredentialsLoader - Retrieved Username... : rayroshn@gmail.com
23:56:05.991 [main] INFO  com.test.automation.utils.CredentialsLoader - Retrieved Password... : JFRoaW5haXIzMjE=
23:56:07.277 [main] INFO  com.test.automation.actions.WebActions - Clicked element: By.xpath: //li[@id='menu-item-1237']//a[@class='menu-link'][normalize-space()='Account']
23:56:08.928 [main] INFO  com.test.automation.actions.WebActions - Clicked element: By.xpath: //button[normalize-space()='Log in']
23:56:09.042 [main] INFO  com.test.automation.actions.WebActions - Retrieved text: Logout
23:56:10.485 [main] INFO  com.test.automation.driver.DriverFactory - Quit driver instance
02:10:13.141 [main] INFO  com.test.automation.driver.DriverFactory - Created new chrome driver instance
02:10:14.355 [main] INFO  com.test.automation.tests.BaseTest - Started test with URL...: https://askomdch.com/
02:10:15.930 [main] INFO  com.test.automation.utils.CredentialsLoader - Retrieved Username... : rayroshn@gmail.com
02:10:15.930 [main] INFO  com.test.automation.utils.CredentialsLoader - Retrieved Password... : JFRoaW5haXIzMjE=
02:10:17.618 [main] INFO  com.test.automation.actions.WebActions - Clicked element: By.xpath: //li[@id='menu-item-1237']//a[@class='menu-link'][normalize-space()='Account']
02:10:22.389 [main] INFO  com.test.automation.actions.WebActions - Clicked element: By.xpath: //button[normalize-space()='Log in']
02:10:22.574 [main] INFO  com.test.automation.actions.WebActions - Retrieved text: Logout
02:10:23.574 [main] INFO  com.test.automation.driver.DriverFactory - Quit driver instance
02:25:36.175 [main] INFO  com.test.automation.driver.DriverFactory - Created new chrome driver instance
02:28:01.658 [main] INFO  com.test.automation.tests.BaseTest - Started test with URL...: https://askomdch.com/
02:29:11.703 [main] ERROR com.test.automation.actions.WebActions - Failed to click element: By.xpath: //li[@id='menu-item-1237']//a[@class='menu-link'][normalize-space()='Home']
org.openqa.selenium.TimeoutException: Expected condition failed: waiting for element to be clickable: By.xpath: //li[@id='menu-item-1237']//a[@class='menu-link'][normalize-space()='Home'] (tried for 10 second(s) with 500 milliseconds interval)
Build info: version: '4.21.0', revision: '79ed462ef4'
System info: os.name: 'Windows 10', os.arch: 'amd64', os.version: '10.0', java.version: '11.0.4'
Driver info: org.openqa.selenium.chrome.ChromeDriver
Capabilities {acceptInsecureCerts: false, browserName: chrome, browserVersion: 130.0.6723.70, chrome: {chromedriverVersion: 130.0.6723.69 (3ec172b971b9..., userDataDir: C:\Users\Lenovo\AppData\Loc...}, fedcm:accounts: true, goog:chromeOptions: {debuggerAddress: localhost:58631}, networkConnectionEnabled: false, pageLoadStrategy: normal, platformName: windows, proxy: Proxy(), se:cdp: ws://localhost:58631/devtoo..., se:cdpVersion: 130.0.6723.70, setWindowRect: true, strictFileInteractability: false, timeouts: {implicit: 0, pageLoad: 300000, script: 30000}, unhandledPromptBehavior: dismiss and notify, webauthn:extension:credBlob: true, webauthn:extension:largeBlob: true, webauthn:extension:minPinLength: true, webauthn:extension:prf: true, webauthn:virtualAuthenticators: true}
Session ID: 495d45e1fd96087fbca2c11a540b177a
	at org.openqa.selenium.support.ui.WebDriverWait.timeoutException(WebDriverWait.java:84) ~[selenium-support-4.21.0.jar:?]
	at org.openqa.selenium.support.ui.FluentWait.until(FluentWait.java:228) ~[selenium-support-4.21.0.jar:?]
	at com.test.automation.actions.WebActions.click(WebActions.java:32) ~[classes/:?]
	at com.test.automation.pages.HomePage.addProductToCart(HomePage.java:19) ~[classes/:?]
	at com.test.automation.tests.HomePageTest.addProductTCart(HomePageTest.java:17) ~[test-classes/:?]
	at java.base/jdk.internal.reflect.NativeMethodAccessorImpl.invoke0(Native Method) ~[?:?]
	at java.base/jdk.internal.reflect.NativeMethodAccessorImpl.invoke(NativeMethodAccessorImpl.java:62) ~[?:?]
	at java.base/jdk.internal.reflect.DelegatingMethodAccessorImpl.invoke(DelegatingMethodAccessorImpl.java:43) ~[?:?]
	at java.base/java.lang.reflect.Method.invoke(Method.java:566) ~[?:?]
	at org.testng.internal.invokers.MethodInvocationHelper.invokeMethod(MethodInvocationHelper.java:139) ~[testng-7.8.0.jar:7.8.0]
	at org.testng.internal.invokers.TestInvoker.invokeMethod(TestInvoker.java:664) ~[testng-7.8.0.jar:7.8.0]
	at org.testng.internal.invokers.TestInvoker.invokeTestMethod(TestInvoker.java:227) ~[testng-7.8.0.jar:7.8.0]
	at org.testng.internal.invokers.MethodRunner.runInSequence(MethodRunner.java:50) ~[testng-7.8.0.jar:7.8.0]
	at org.testng.internal.invokers.TestInvoker$MethodInvocationAgent.invoke(TestInvoker.java:957) ~[testng-7.8.0.jar:7.8.0]
	at org.testng.internal.invokers.TestInvoker.invokeTestMethods(TestInvoker.java:200) ~[testng-7.8.0.jar:7.8.0]
	at org.testng.internal.invokers.TestMethodWorker.invokeTestMethods(TestMethodWorker.java:148) ~[testng-7.8.0.jar:7.8.0]
	at org.testng.internal.invokers.TestMethodWorker.run(TestMethodWorker.java:128) ~[testng-7.8.0.jar:7.8.0]
	at java.base/java.util.ArrayList.forEach(ArrayList.java:1540) [?:?]
	at org.testng.TestRunner.privateRun(TestRunner.java:848) [testng-7.8.0.jar:?]
	at org.testng.TestRunner.run(TestRunner.java:621) [testng-7.8.0.jar:?]
	at org.testng.SuiteRunner.runTest(SuiteRunner.java:443) [testng-7.8.0.jar:?]
	at org.testng.SuiteRunner.runSequentially(SuiteRunner.java:437) [testng-7.8.0.jar:?]
	at org.testng.SuiteRunner.privateRun(SuiteRunner.java:397) [testng-7.8.0.jar:?]
	at org.testng.SuiteRunner.run(SuiteRunner.java:336) [testng-7.8.0.jar:?]
	at org.testng.SuiteRunnerWorker.runSuite(SuiteRunnerWorker.java:52) [testng-7.8.0.jar:?]
	at org.testng.SuiteRunnerWorker.run(SuiteRunnerWorker.java:95) [testng-7.8.0.jar:?]
	at org.testng.TestNG.runSuitesSequentially(TestNG.java:1280) [testng-7.8.0.jar:?]
	at org.testng.TestNG.runSuitesLocally(TestNG.java:1200) [testng-7.8.0.jar:?]
	at org.testng.TestNG.runSuites(TestNG.java:1114) [testng-7.8.0.jar:?]
	at org.testng.TestNG.run(TestNG.java:1082) [testng-7.8.0.jar:?]
	at org.testng.IDEARemoteTestNG.run(IDEARemoteTestNG.java:73) [testng-plugin.jar:?]
	at org.testng.RemoteTestNGStarter.main(RemoteTestNGStarter.java:123) [testng-plugin.jar:?]
02:36:40.490 [main] INFO  com.test.automation.driver.DriverFactory - Created new chrome driver instance
02:36:46.180 [main] INFO  com.test.automation.tests.BaseTest - Started test with URL...: https://askomdch.com/
02:36:58.601 [main] INFO  com.test.automation.actions.WebActions - Clicked element: By.xpath: //div[@class="main-navigation ast-inline-flex"]//ul[@id="ast-hf-menu-1"]//li//a[text() = 'Home']
03:19:49.113 [main] INFO  com.test.automation.driver.DriverFactory - Created new chrome driver instance
03:20:01.543 [main] INFO  com.test.automation.tests.BaseTest - Started test with URL...: https://askomdch.com/
03:20:18.600 [main] INFO  com.test.automation.actions.WebActions - Clicked element: By.xpath: //div[@class="main-navigation ast-inline-flex"]//ul[@id="ast-hf-menu-1"]//li//a[text() = 'Home']
03:21:48.390 [main] ERROR com.test.automation.actions.WebActions - Failed to click 'Add to Cart' button for product: Denim Blue Jeans
org.openqa.selenium.InvalidSelectorException: invalid selector
from javascript error: {"status":32,"value":"Unable to locate an element with the xpath expression By.xpath: //h2[text()='Denim Blue Jeans']/ancestor::div[contains(@class, 'astra-shop-summary-wrap')]//a[contains(@class, 'add_to_cart_button')] because of the following error:\nSyntaxError: Failed to execute 'evaluate' on 'Document': The string 'By.xpath: //h2[text()='Denim Blue Jeans']/ancestor::div[contains(@class, 'astra-shop-summary-wrap')]//a[contains(@class, 'add_to_cart_button')]' is not a valid XPath expression."}
  (Session info: chrome=130.0.6723.70)
For documentation on this error, please visit: https://www.selenium.dev/documentation/webdriver/troubleshooting/errors#invalid-selector-exception
Build info: version: '4.21.0', revision: '79ed462ef4'
System info: os.name: 'Windows 10', os.arch: 'amd64', os.version: '10.0', java.version: '11.0.4'
Driver info: org.openqa.selenium.chrome.ChromeDriver
Command: [b1500d237f51f5bc1dbb0a4a32ffd364, findElement {value=By.xpath: //h2[text()='Denim Blue Jeans']/ancestor::div[contains(@class, 'astra-shop-summary-wrap')]//a[contains(@class, 'add_to_cart_button')], using=xpath}]
Capabilities {acceptInsecureCerts: false, browserName: chrome, browserVersion: 130.0.6723.70, chrome: {chromedriverVersion: 130.0.6723.69 (3ec172b971b9..., userDataDir: C:\Users\Lenovo\AppData\Loc...}, fedcm:accounts: true, goog:chromeOptions: {debuggerAddress: localhost:62335}, networkConnectionEnabled: false, pageLoadStrategy: normal, platformName: windows, proxy: Proxy(), se:cdp: ws://localhost:62335/devtoo..., se:cdpVersion: 130.0.6723.70, setWindowRect: true, strictFileInteractability: false, timeouts: {implicit: 0, pageLoad: 300000, script: 30000}, unhandledPromptBehavior: dismiss and notify, webauthn:extension:credBlob: true, webauthn:extension:largeBlob: true, webauthn:extension:minPinLength: true, webauthn:extension:prf: true, webauthn:virtualAuthenticators: true}
Session ID: b1500d237f51f5bc1dbb0a4a32ffd364
	at java.base/jdk.internal.reflect.NativeConstructorAccessorImpl.newInstance0(Native Method) ~[?:?]
	at java.base/jdk.internal.reflect.NativeConstructorAccessorImpl.newInstance(NativeConstructorAccessorImpl.java:62) ~[?:?]
	at java.base/jdk.internal.reflect.DelegatingConstructorAccessorImpl.newInstance(DelegatingConstructorAccessorImpl.java:45) ~[?:?]
	at java.base/java.lang.reflect.Constructor.newInstance(Constructor.java:490) ~[?:?]
	at org.openqa.selenium.remote.ErrorCodec.decode(ErrorCodec.java:167) ~[selenium-remote-driver-4.21.0.jar:?]
	at org.openqa.selenium.remote.codec.w3c.W3CHttpResponseCodec.decode(W3CHttpResponseCodec.java:138) ~[selenium-remote-driver-4.21.0.jar:?]
	at org.openqa.selenium.remote.codec.w3c.W3CHttpResponseCodec.decode(W3CHttpResponseCodec.java:50) ~[selenium-remote-driver-4.21.0.jar:?]
	at org.openqa.selenium.remote.HttpCommandExecutor.execute(HttpCommandExecutor.java:190) ~[selenium-remote-driver-4.21.0.jar:?]
	at org.openqa.selenium.remote.service.DriverCommandExecutor.invokeExecute(DriverCommandExecutor.java:216) ~[selenium-remote-driver-4.21.0.jar:?]
	at org.openqa.selenium.remote.service.DriverCommandExecutor.execute(DriverCommandExecutor.java:174) ~[selenium-remote-driver-4.21.0.jar:?]
	at org.openqa.selenium.remote.RemoteWebDriver.execute(RemoteWebDriver.java:518) ~[selenium-remote-driver-4.21.0.jar:?]
	at org.openqa.selenium.remote.ElementLocation$ElementFinder$2.findElement(ElementLocation.java:165) ~[selenium-remote-driver-4.21.0.jar:?]
	at org.openqa.selenium.remote.ElementLocation.findElement(ElementLocation.java:59) ~[selenium-remote-driver-4.21.0.jar:?]
	at org.openqa.selenium.remote.RemoteWebDriver.findElement(RemoteWebDriver.java:355) ~[selenium-remote-driver-4.21.0.jar:?]
	at org.openqa.selenium.remote.RemoteWebDriver.findElement(RemoteWebDriver.java:349) ~[selenium-remote-driver-4.21.0.jar:?]
	at org.openqa.selenium.support.ui.ExpectedConditions$7.apply(ExpectedConditions.java:194) ~[selenium-support-4.21.0.jar:?]
	at org.openqa.selenium.support.ui.ExpectedConditions$7.apply(ExpectedConditions.java:190) ~[selenium-support-4.21.0.jar:?]
	at org.openqa.selenium.support.ui.ExpectedConditions$22.apply(ExpectedConditions.java:627) ~[selenium-support-4.21.0.jar:?]
	at org.openqa.selenium.support.ui.ExpectedConditions$22.apply(ExpectedConditions.java:624) ~[selenium-support-4.21.0.jar:?]
	at org.openqa.selenium.support.ui.FluentWait.until(FluentWait.java:203) ~[selenium-support-4.21.0.jar:?]
	at com.test.automation.actions.WebActions.click(WebActions.java:58) ~[classes/:?]
	at com.test.automation.pages.HomePage.addProductToCart(HomePage.java:20) ~[classes/:?]
	at com.test.automation.tests.HomePageTest.addProductTCart(HomePageTest.java:17) ~[test-classes/:?]
	at java.base/jdk.internal.reflect.NativeMethodAccessorImpl.invoke0(Native Method) ~[?:?]
	at java.base/jdk.internal.reflect.NativeMethodAccessorImpl.invoke(NativeMethodAccessorImpl.java:62) ~[?:?]
	at java.base/jdk.internal.reflect.DelegatingMethodAccessorImpl.invoke(DelegatingMethodAccessorImpl.java:43) ~[?:?]
	at java.base/java.lang.reflect.Method.invoke(Method.java:566) ~[?:?]
	at org.testng.internal.invokers.MethodInvocationHelper.invokeMethod(MethodInvocationHelper.java:139) ~[testng-7.8.0.jar:7.8.0]
	at org.testng.internal.invokers.TestInvoker.invokeMethod(TestInvoker.java:664) ~[testng-7.8.0.jar:7.8.0]
	at org.testng.internal.invokers.TestInvoker.invokeTestMethod(TestInvoker.java:227) ~[testng-7.8.0.jar:7.8.0]
	at org.testng.internal.invokers.MethodRunner.runInSequence(MethodRunner.java:50) ~[testng-7.8.0.jar:7.8.0]
	at org.testng.internal.invokers.TestInvoker$MethodInvocationAgent.invoke(TestInvoker.java:957) ~[testng-7.8.0.jar:7.8.0]
	at org.testng.internal.invokers.TestInvoker.invokeTestMethods(TestInvoker.java:200) ~[testng-7.8.0.jar:7.8.0]
	at org.testng.internal.invokers.TestMethodWorker.invokeTestMethods(TestMethodWorker.java:148) ~[testng-7.8.0.jar:7.8.0]
	at org.testng.internal.invokers.TestMethodWorker.run(TestMethodWorker.java:128) ~[testng-7.8.0.jar:7.8.0]
	at java.base/java.util.ArrayList.forEach(ArrayList.java:1540) [?:?]
	at org.testng.TestRunner.privateRun(TestRunner.java:848) [testng-7.8.0.jar:?]
	at org.testng.TestRunner.run(TestRunner.java:621) [testng-7.8.0.jar:?]
	at org.testng.SuiteRunner.runTest(SuiteRunner.java:443) [testng-7.8.0.jar:?]
	at org.testng.SuiteRunner.runSequentially(SuiteRunner.java:437) [testng-7.8.0.jar:?]
	at org.testng.SuiteRunner.privateRun(SuiteRunner.java:397) [testng-7.8.0.jar:?]
	at org.testng.SuiteRunner.run(SuiteRunner.java:336) [testng-7.8.0.jar:?]
	at org.testng.SuiteRunnerWorker.runSuite(SuiteRunnerWorker.java:52) [testng-7.8.0.jar:?]
	at org.testng.SuiteRunnerWorker.run(SuiteRunnerWorker.java:95) [testng-7.8.0.jar:?]
	at org.testng.TestNG.runSuitesSequentially(TestNG.java:1280) [testng-7.8.0.jar:?]
	at org.testng.TestNG.runSuitesLocally(TestNG.java:1200) [testng-7.8.0.jar:?]
	at org.testng.TestNG.runSuites(TestNG.java:1114) [testng-7.8.0.jar:?]
	at org.testng.TestNG.run(TestNG.java:1082) [testng-7.8.0.jar:?]
	at org.testng.IDEARemoteTestNG.run(IDEARemoteTestNG.java:73) [testng-plugin.jar:?]
	at org.testng.RemoteTestNGStarter.main(RemoteTestNGStarter.java:123) [testng-plugin.jar:?]
03:23:07.498 [main] INFO  com.test.automation.driver.DriverFactory - Quit driver instance
03:27:53.795 [main] INFO  com.test.automation.driver.DriverFactory - Created new chrome driver instance
03:27:55.537 [main] INFO  com.test.automation.tests.BaseTest - Started test with URL...: https://askomdch.com/
03:28:06.702 [main] INFO  com.test.automation.actions.WebActions - Clicked element: By.xpath: //div[@class="main-navigation ast-inline-flex"]//ul[@id="ast-hf-menu-1"]//li//a[text() = 'Home']
03:29:37.336 [main] INFO  com.test.automation.actions.WebActions - formattedXPath :
03:32:19.052 [main] INFO  com.test.automation.driver.DriverFactory - Created new chrome driver instance
03:32:20.434 [main] INFO  com.test.automation.tests.BaseTest - Started test with URL...: https://askomdch.com/
03:32:23.121 [main] INFO  com.test.automation.actions.WebActions - Clicked element: By.xpath: //div[@class="main-navigation ast-inline-flex"]//ul[@id="ast-hf-menu-1"]//li//a[text() = 'Home']
03:32:23.217 [main] ERROR com.test.automation.actions.WebActions - Failed to click 'Add to Cart' button for product: Denim Blue Jeans
org.openqa.selenium.InvalidSelectorException: invalid selector
from javascript error: {"status":32,"value":"Unable to locate an element with the xpath expression By.xpath: //h2[text()='Denim Blue Jeans']/ancestor::div[contains(@class, 'astra-shop-summary-wrap')]//a[contains(@class, 'add_to_cart_button')] because of the following error:\nSyntaxError: Failed to execute 'evaluate' on 'Document': The string 'By.xpath: //h2[text()='Denim Blue Jeans']/ancestor::div[contains(@class, 'astra-shop-summary-wrap')]//a[contains(@class, 'add_to_cart_button')]' is not a valid XPath expression."}
  (Session info: chrome=130.0.6723.70)
For documentation on this error, please visit: https://www.selenium.dev/documentation/webdriver/troubleshooting/errors#invalid-selector-exception
Build info: version: '4.21.0', revision: '79ed462ef4'
System info: os.name: 'Windows 10', os.arch: 'amd64', os.version: '10.0', java.version: '11.0.4'
Driver info: org.openqa.selenium.chrome.ChromeDriver
Command: [317de6f92a6c4da7c992c76658010168, findElement {using=xpath, value=By.xpath: //h2[text()='Denim Blue Jeans']/ancestor::div[contains(@class, 'astra-shop-summary-wrap')]//a[contains(@class, 'add_to_cart_button')]}]
Capabilities {acceptInsecureCerts: false, browserName: chrome, browserVersion: 130.0.6723.70, chrome: {chromedriverVersion: 130.0.6723.69 (3ec172b971b9..., userDataDir: C:\Users\Lenovo\AppData\Loc...}, fedcm:accounts: true, goog:chromeOptions: {debuggerAddress: localhost:63389}, networkConnectionEnabled: false, pageLoadStrategy: normal, platformName: windows, proxy: Proxy(), se:cdp: ws://localhost:63389/devtoo..., se:cdpVersion: 130.0.6723.70, setWindowRect: true, strictFileInteractability: false, timeouts: {implicit: 0, pageLoad: 300000, script: 30000}, unhandledPromptBehavior: dismiss and notify, webauthn:extension:credBlob: true, webauthn:extension:largeBlob: true, webauthn:extension:minPinLength: true, webauthn:extension:prf: true, webauthn:virtualAuthenticators: true}
Session ID: 317de6f92a6c4da7c992c76658010168
	at java.base/jdk.internal.reflect.NativeConstructorAccessorImpl.newInstance0(Native Method) ~[?:?]
	at java.base/jdk.internal.reflect.NativeConstructorAccessorImpl.newInstance(NativeConstructorAccessorImpl.java:62) ~[?:?]
	at java.base/jdk.internal.reflect.DelegatingConstructorAccessorImpl.newInstance(DelegatingConstructorAccessorImpl.java:45) ~[?:?]
	at java.base/java.lang.reflect.Constructor.newInstance(Constructor.java:490) ~[?:?]
	at org.openqa.selenium.remote.ErrorCodec.decode(ErrorCodec.java:167) ~[selenium-remote-driver-4.21.0.jar:?]
	at org.openqa.selenium.remote.codec.w3c.W3CHttpResponseCodec.decode(W3CHttpResponseCodec.java:138) ~[selenium-remote-driver-4.21.0.jar:?]
	at org.openqa.selenium.remote.codec.w3c.W3CHttpResponseCodec.decode(W3CHttpResponseCodec.java:50) ~[selenium-remote-driver-4.21.0.jar:?]
	at org.openqa.selenium.remote.HttpCommandExecutor.execute(HttpCommandExecutor.java:190) ~[selenium-remote-driver-4.21.0.jar:?]
	at org.openqa.selenium.remote.service.DriverCommandExecutor.invokeExecute(DriverCommandExecutor.java:216) ~[selenium-remote-driver-4.21.0.jar:?]
	at org.openqa.selenium.remote.service.DriverCommandExecutor.execute(DriverCommandExecutor.java:174) ~[selenium-remote-driver-4.21.0.jar:?]
	at org.openqa.selenium.remote.RemoteWebDriver.execute(RemoteWebDriver.java:518) ~[selenium-remote-driver-4.21.0.jar:?]
	at org.openqa.selenium.remote.ElementLocation$ElementFinder$2.findElement(ElementLocation.java:165) ~[selenium-remote-driver-4.21.0.jar:?]
	at org.openqa.selenium.remote.ElementLocation.findElement(ElementLocation.java:59) ~[selenium-remote-driver-4.21.0.jar:?]
	at org.openqa.selenium.remote.RemoteWebDriver.findElement(RemoteWebDriver.java:355) ~[selenium-remote-driver-4.21.0.jar:?]
	at org.openqa.selenium.remote.RemoteWebDriver.findElement(RemoteWebDriver.java:349) ~[selenium-remote-driver-4.21.0.jar:?]
	at org.openqa.selenium.support.ui.ExpectedConditions$7.apply(ExpectedConditions.java:194) ~[selenium-support-4.21.0.jar:?]
	at org.openqa.selenium.support.ui.ExpectedConditions$7.apply(ExpectedConditions.java:190) ~[selenium-support-4.21.0.jar:?]
	at org.openqa.selenium.support.ui.ExpectedConditions$22.apply(ExpectedConditions.java:627) ~[selenium-support-4.21.0.jar:?]
	at org.openqa.selenium.support.ui.ExpectedConditions$22.apply(ExpectedConditions.java:624) ~[selenium-support-4.21.0.jar:?]
	at org.openqa.selenium.support.ui.FluentWait.until(FluentWait.java:203) ~[selenium-support-4.21.0.jar:?]
	at com.test.automation.actions.WebActions.click(WebActions.java:60) ~[classes/:?]
	at com.test.automation.pages.HomePage.addProductToCart(HomePage.java:20) ~[classes/:?]
	at com.test.automation.tests.HomePageTest.addProductTCart(HomePageTest.java:17) ~[test-classes/:?]
	at java.base/jdk.internal.reflect.NativeMethodAccessorImpl.invoke0(Native Method) ~[?:?]
	at java.base/jdk.internal.reflect.NativeMethodAccessorImpl.invoke(NativeMethodAccessorImpl.java:62) ~[?:?]
	at java.base/jdk.internal.reflect.DelegatingMethodAccessorImpl.invoke(DelegatingMethodAccessorImpl.java:43) ~[?:?]
	at java.base/java.lang.reflect.Method.invoke(Method.java:566) ~[?:?]
	at org.testng.internal.invokers.MethodInvocationHelper.invokeMethod(MethodInvocationHelper.java:139) ~[testng-7.8.0.jar:7.8.0]
	at org.testng.internal.invokers.TestInvoker.invokeMethod(TestInvoker.java:664) ~[testng-7.8.0.jar:7.8.0]
	at org.testng.internal.invokers.TestInvoker.invokeTestMethod(TestInvoker.java:227) ~[testng-7.8.0.jar:7.8.0]
	at org.testng.internal.invokers.MethodRunner.runInSequence(MethodRunner.java:50) ~[testng-7.8.0.jar:7.8.0]
	at org.testng.internal.invokers.TestInvoker$MethodInvocationAgent.invoke(TestInvoker.java:957) ~[testng-7.8.0.jar:7.8.0]
	at org.testng.internal.invokers.TestInvoker.invokeTestMethods(TestInvoker.java:200) ~[testng-7.8.0.jar:7.8.0]
	at org.testng.internal.invokers.TestMethodWorker.invokeTestMethods(TestMethodWorker.java:148) ~[testng-7.8.0.jar:7.8.0]
	at org.testng.internal.invokers.TestMethodWorker.run(TestMethodWorker.java:128) ~[testng-7.8.0.jar:7.8.0]
	at java.base/java.util.ArrayList.forEach(ArrayList.java:1540) [?:?]
	at org.testng.TestRunner.privateRun(TestRunner.java:848) [testng-7.8.0.jar:?]
	at org.testng.TestRunner.run(TestRunner.java:621) [testng-7.8.0.jar:?]
	at org.testng.SuiteRunner.runTest(SuiteRunner.java:443) [testng-7.8.0.jar:?]
	at org.testng.SuiteRunner.runSequentially(SuiteRunner.java:437) [testng-7.8.0.jar:?]
	at org.testng.SuiteRunner.privateRun(SuiteRunner.java:397) [testng-7.8.0.jar:?]
	at org.testng.SuiteRunner.run(SuiteRunner.java:336) [testng-7.8.0.jar:?]
	at org.testng.SuiteRunnerWorker.runSuite(SuiteRunnerWorker.java:52) [testng-7.8.0.jar:?]
	at org.testng.SuiteRunnerWorker.run(SuiteRunnerWorker.java:95) [testng-7.8.0.jar:?]
	at org.testng.TestNG.runSuitesSequentially(TestNG.java:1280) [testng-7.8.0.jar:?]
	at org.testng.TestNG.runSuitesLocally(TestNG.java:1200) [testng-7.8.0.jar:?]
	at org.testng.TestNG.runSuites(TestNG.java:1114) [testng-7.8.0.jar:?]
	at org.testng.TestNG.run(TestNG.java:1082) [testng-7.8.0.jar:?]
	at org.testng.IDEARemoteTestNG.run(IDEARemoteTestNG.java:73) [testng-plugin.jar:?]
	at org.testng.RemoteTestNGStarter.main(RemoteTestNGStarter.java:123) [testng-plugin.jar:?]
03:32:24.709 [main] INFO  com.test.automation.driver.DriverFactory - Quit driver instance
03:44:15.478 [main] INFO  com.test.automation.driver.DriverFactory - Created new chrome driver instance
03:44:16.876 [main] INFO  com.test.automation.tests.BaseTest - Started test with URL...: https://askomdch.com/
03:44:18.312 [main] INFO  com.test.automation.actions.WebActions - Clicked element: By.xpath: //div[@class="main-navigation ast-inline-flex"]//ul[@id="ast-hf-menu-1"]//li//a[text() = 'Home']
03:44:18.394 [main] ERROR com.test.automation.actions.WebActions - Failed to click 'Add to Cart' button for product: Denim Blue Jeans
org.openqa.selenium.InvalidSelectorException: invalid selector
from javascript error: {"status":32,"value":"Unable to locate an element with the xpath expression By.xpath: //h2[text()='Denim Blue Jeans']/ancestor::div[contains(@class, 'astra-shop-summary-wrap')]//a[contains(@class, 'add_to_cart_button')] because of the following error:\nSyntaxError: Failed to execute 'evaluate' on 'Document': The string 'By.xpath: //h2[text()='Denim Blue Jeans']/ancestor::div[contains(@class, 'astra-shop-summary-wrap')]//a[contains(@class, 'add_to_cart_button')]' is not a valid XPath expression."}
  (Session info: chrome=130.0.6723.70)
For documentation on this error, please visit: https://www.selenium.dev/documentation/webdriver/troubleshooting/errors#invalid-selector-exception
Build info: version: '4.21.0', revision: '79ed462ef4'
System info: os.name: 'Windows 10', os.arch: 'amd64', os.version: '10.0', java.version: '11.0.4'
Driver info: org.openqa.selenium.chrome.ChromeDriver
Command: [01b17f7aed7edcb4fd722cbfd3cb59c4, findElement {using=xpath, value=By.xpath: //h2[text()='Denim Blue Jeans']/ancestor::div[contains(@class, 'astra-shop-summary-wrap')]//a[contains(@class, 'add_to_cart_button')]}]
Capabilities {acceptInsecureCerts: false, browserName: chrome, browserVersion: 130.0.6723.70, chrome: {chromedriverVersion: 130.0.6723.69 (3ec172b971b9..., userDataDir: C:\Users\Lenovo\AppData\Loc...}, fedcm:accounts: true, goog:chromeOptions: {debuggerAddress: localhost:64045}, networkConnectionEnabled: false, pageLoadStrategy: normal, platformName: windows, proxy: Proxy(), se:cdp: ws://localhost:64045/devtoo..., se:cdpVersion: 130.0.6723.70, setWindowRect: true, strictFileInteractability: false, timeouts: {implicit: 0, pageLoad: 300000, script: 30000}, unhandledPromptBehavior: dismiss and notify, webauthn:extension:credBlob: true, webauthn:extension:largeBlob: true, webauthn:extension:minPinLength: true, webauthn:extension:prf: true, webauthn:virtualAuthenticators: true}
Session ID: 01b17f7aed7edcb4fd722cbfd3cb59c4
	at java.base/jdk.internal.reflect.NativeConstructorAccessorImpl.newInstance0(Native Method) ~[?:?]
	at java.base/jdk.internal.reflect.NativeConstructorAccessorImpl.newInstance(NativeConstructorAccessorImpl.java:62) ~[?:?]
	at java.base/jdk.internal.reflect.DelegatingConstructorAccessorImpl.newInstance(DelegatingConstructorAccessorImpl.java:45) ~[?:?]
	at java.base/java.lang.reflect.Constructor.newInstance(Constructor.java:490) ~[?:?]
	at org.openqa.selenium.remote.ErrorCodec.decode(ErrorCodec.java:167) ~[selenium-remote-driver-4.21.0.jar:?]
	at org.openqa.selenium.remote.codec.w3c.W3CHttpResponseCodec.decode(W3CHttpResponseCodec.java:138) ~[selenium-remote-driver-4.21.0.jar:?]
	at org.openqa.selenium.remote.codec.w3c.W3CHttpResponseCodec.decode(W3CHttpResponseCodec.java:50) ~[selenium-remote-driver-4.21.0.jar:?]
	at org.openqa.selenium.remote.HttpCommandExecutor.execute(HttpCommandExecutor.java:190) ~[selenium-remote-driver-4.21.0.jar:?]
	at org.openqa.selenium.remote.service.DriverCommandExecutor.invokeExecute(DriverCommandExecutor.java:216) ~[selenium-remote-driver-4.21.0.jar:?]
	at org.openqa.selenium.remote.service.DriverCommandExecutor.execute(DriverCommandExecutor.java:174) ~[selenium-remote-driver-4.21.0.jar:?]
	at org.openqa.selenium.remote.RemoteWebDriver.execute(RemoteWebDriver.java:518) ~[selenium-remote-driver-4.21.0.jar:?]
	at org.openqa.selenium.remote.ElementLocation$ElementFinder$2.findElement(ElementLocation.java:165) ~[selenium-remote-driver-4.21.0.jar:?]
	at org.openqa.selenium.remote.ElementLocation.findElement(ElementLocation.java:59) ~[selenium-remote-driver-4.21.0.jar:?]
	at org.openqa.selenium.remote.RemoteWebDriver.findElement(RemoteWebDriver.java:355) ~[selenium-remote-driver-4.21.0.jar:?]
	at org.openqa.selenium.remote.RemoteWebDriver.findElement(RemoteWebDriver.java:349) ~[selenium-remote-driver-4.21.0.jar:?]
	at org.openqa.selenium.support.ui.ExpectedConditions$7.apply(ExpectedConditions.java:194) ~[selenium-support-4.21.0.jar:?]
	at org.openqa.selenium.support.ui.ExpectedConditions$7.apply(ExpectedConditions.java:190) ~[selenium-support-4.21.0.jar:?]
	at org.openqa.selenium.support.ui.ExpectedConditions$22.apply(ExpectedConditions.java:627) ~[selenium-support-4.21.0.jar:?]
	at org.openqa.selenium.support.ui.ExpectedConditions$22.apply(ExpectedConditions.java:624) ~[selenium-support-4.21.0.jar:?]
	at org.openqa.selenium.support.ui.FluentWait.until(FluentWait.java:203) ~[selenium-support-4.21.0.jar:?]
	at com.test.automation.actions.WebActions.click(WebActions.java:60) ~[classes/:?]
	at com.test.automation.pages.HomePage.addProductToCart(HomePage.java:20) ~[classes/:?]
	at com.test.automation.tests.HomePageTest.addProductTCart(HomePageTest.java:17) ~[test-classes/:?]
	at java.base/jdk.internal.reflect.NativeMethodAccessorImpl.invoke0(Native Method) ~[?:?]
	at java.base/jdk.internal.reflect.NativeMethodAccessorImpl.invoke(NativeMethodAccessorImpl.java:62) ~[?:?]
	at java.base/jdk.internal.reflect.DelegatingMethodAccessorImpl.invoke(DelegatingMethodAccessorImpl.java:43) ~[?:?]
	at java.base/java.lang.reflect.Method.invoke(Method.java:566) ~[?:?]
	at org.testng.internal.invokers.MethodInvocationHelper.invokeMethod(MethodInvocationHelper.java:139) ~[testng-7.8.0.jar:7.8.0]
	at org.testng.internal.invokers.TestInvoker.invokeMethod(TestInvoker.java:664) ~[testng-7.8.0.jar:7.8.0]
	at org.testng.internal.invokers.TestInvoker.invokeTestMethod(TestInvoker.java:227) ~[testng-7.8.0.jar:7.8.0]
	at org.testng.internal.invokers.MethodRunner.runInSequence(MethodRunner.java:50) ~[testng-7.8.0.jar:7.8.0]
	at org.testng.internal.invokers.TestInvoker$MethodInvocationAgent.invoke(TestInvoker.java:957) ~[testng-7.8.0.jar:7.8.0]
	at org.testng.internal.invokers.TestInvoker.invokeTestMethods(TestInvoker.java:200) ~[testng-7.8.0.jar:7.8.0]
	at org.testng.internal.invokers.TestMethodWorker.invokeTestMethods(TestMethodWorker.java:148) ~[testng-7.8.0.jar:7.8.0]
	at org.testng.internal.invokers.TestMethodWorker.run(TestMethodWorker.java:128) ~[testng-7.8.0.jar:7.8.0]
	at java.base/java.util.ArrayList.forEach(ArrayList.java:1540) [?:?]
	at org.testng.TestRunner.privateRun(TestRunner.java:848) [testng-7.8.0.jar:?]
	at org.testng.TestRunner.run(TestRunner.java:621) [testng-7.8.0.jar:?]
	at org.testng.SuiteRunner.runTest(SuiteRunner.java:443) [testng-7.8.0.jar:?]
	at org.testng.SuiteRunner.runSequentially(SuiteRunner.java:437) [testng-7.8.0.jar:?]
	at org.testng.SuiteRunner.privateRun(SuiteRunner.java:397) [testng-7.8.0.jar:?]
	at org.testng.SuiteRunner.run(SuiteRunner.java:336) [testng-7.8.0.jar:?]
	at org.testng.SuiteRunnerWorker.runSuite(SuiteRunnerWorker.java:52) [testng-7.8.0.jar:?]
	at org.testng.SuiteRunnerWorker.run(SuiteRunnerWorker.java:95) [testng-7.8.0.jar:?]
	at org.testng.TestNG.runSuitesSequentially(TestNG.java:1280) [testng-7.8.0.jar:?]
	at org.testng.TestNG.runSuitesLocally(TestNG.java:1200) [testng-7.8.0.jar:?]
	at org.testng.TestNG.runSuites(TestNG.java:1114) [testng-7.8.0.jar:?]
	at org.testng.TestNG.run(TestNG.java:1082) [testng-7.8.0.jar:?]
	at org.testng.IDEARemoteTestNG.run(IDEARemoteTestNG.java:73) [testng-plugin.jar:?]
	at org.testng.RemoteTestNGStarter.main(RemoteTestNGStarter.java:123) [testng-plugin.jar:?]
03:44:20.077 [main] INFO  com.test.automation.driver.DriverFactory - Quit driver instance
03:50:30.032 [main] INFO  com.test.automation.driver.DriverFactory - Created new chrome driver instance
03:50:31.449 [main] INFO  com.test.automation.tests.BaseTest - Started test with URL...: https://askomdch.com/
03:50:47.872 [main] INFO  com.test.automation.actions.WebActions - Clicked element: By.xpath: //div[@class="main-navigation ast-inline-flex"]//ul[@id="ast-hf-menu-1"]//li//a[text() = 'Home']
03:52:23.969 [main] INFO  com.test.automation.actions.WebActions - Clicked 'Add to Cart' button for product: Denim Blue Jeans
03:52:33.372 [main] INFO  com.test.automation.driver.DriverFactory - Quit driver instance
03:54:41.542 [TestNG-tests-1] INFO  com.test.automation.driver.DriverFactory - Created new chrome driver instance
03:54:41.665 [TestNG-tests-2] INFO  com.test.automation.driver.DriverFactory - Created new chrome driver instance
03:54:43.613 [TestNG-tests-1] INFO  com.test.automation.tests.BaseTest - Started test with URL...: https://askomdch.com/
03:54:43.613 [TestNG-tests-2] INFO  com.test.automation.tests.BaseTest - Started test with URL...: https://askomdch.com/
03:54:49.284 [TestNG-tests-1] INFO  com.test.automation.utils.CredentialsLoader - Retrieved Username... : rayroshn@gmail.com
03:54:49.284 [TestNG-tests-1] INFO  com.test.automation.utils.CredentialsLoader - Retrieved Password... : JFRoaW5haXIzMjE=
03:54:49.335 [TestNG-tests-2] INFO  com.test.automation.utils.CredentialsLoader - Retrieved Username... : rayroshn@gmail.com
03:54:49.335 [TestNG-tests-2] INFO  com.test.automation.utils.CredentialsLoader - Retrieved Password... : JFRoaW5haXIzMjE=
03:54:51.162 [TestNG-tests-1] INFO  com.test.automation.actions.WebActions - Clicked element: By.xpath: //li[@id='menu-item-1237']//a[@class='menu-link'][normalize-space()='Account']
03:54:52.065 [TestNG-tests-2] INFO  com.test.automation.actions.WebActions - Clicked element: By.xpath: //li[@id='menu-item-1237']//a[@class='menu-link'][normalize-space()='Account']
03:54:54.444 [TestNG-tests-2] INFO  com.test.automation.actions.WebActions - Clicked element: By.xpath: //button[normalize-space()='Log in']
03:54:54.683 [TestNG-tests-1] INFO  com.test.automation.actions.WebActions - Clicked element: By.xpath: //button[normalize-space()='Log in']
03:54:54.933 [TestNG-tests-1] INFO  com.test.automation.actions.WebActions - Retrieved text: Logout
03:54:56.514 [TestNG-tests-1] INFO  com.test.automation.driver.DriverFactory - Quit driver instance
03:54:56.579 [TestNG-tests-2] INFO  com.test.automation.driver.DriverFactory - Quit driver instance
03:55:00.073 [TestNG-tests-1] INFO  com.test.automation.driver.DriverFactory - Created new chrome driver instance
03:55:00.988 [TestNG-tests-2] INFO  com.test.automation.driver.DriverFactory - Created new chrome driver instance
03:55:03.174 [TestNG-tests-1] INFO  com.test.automation.tests.BaseTest - Started test with URL...: https://askomdch.com/
03:55:03.934 [TestNG-tests-1] INFO  com.test.automation.actions.WebActions - Clicked element: By.xpath: //div[@class="main-navigation ast-inline-flex"]//ul[@id="ast-hf-menu-1"]//li//a[text() = 'Home']
03:55:03.940 [TestNG-tests-2] INFO  com.test.automation.tests.BaseTest - Started test with URL...: https://askomdch.com/
03:55:04.400 [TestNG-tests-1] INFO  com.test.automation.actions.WebActions - Clicked 'Add to Cart' button for product: Denim Blue Jeans
03:55:04.817 [TestNG-tests-2] INFO  com.test.automation.actions.WebActions - Clicked element: By.xpath: //div[@class="main-navigation ast-inline-flex"]//ul[@id="ast-hf-menu-1"]//li//a[text() = 'Home']
03:55:05.105 [TestNG-tests-2] INFO  com.test.automation.actions.WebActions - Clicked 'Add to Cart' button for product: Denim Blue Jeans
03:55:05.956 [TestNG-tests-1] INFO  com.test.automation.driver.DriverFactory - Quit driver instance
03:55:06.004 [TestNG-tests-2] INFO  com.test.automation.driver.DriverFactory - Quit driver instance
04:00:26.297 [TestNG-tests-2] INFO  com.test.automation.driver.DriverFactory - Created new chrome driver instance
04:00:26.510 [TestNG-tests-1] INFO  com.test.automation.driver.DriverFactory - Created new chrome driver instance
04:00:30.044 [TestNG-tests-1] INFO  com.test.automation.tests.BaseTest - Started test with URL...: https://askomdch.com/
04:00:30.166 [TestNG-tests-2] INFO  com.test.automation.tests.BaseTest - Started test with URL...: https://askomdch.com/
04:00:32.065 [TestNG-tests-1] INFO  com.test.automation.utils.CredentialsLoader - Retrieved Username... : rayroshn@gmail.com
04:00:32.065 [TestNG-tests-2] INFO  com.test.automation.utils.CredentialsLoader - Retrieved Username... : rayroshn@gmail.com
04:00:32.066 [TestNG-tests-1] INFO  com.test.automation.utils.CredentialsLoader - Retrieved Password... : JFRoaW5haXIzMjE=
04:00:32.066 [TestNG-tests-2] INFO  com.test.automation.utils.CredentialsLoader - Retrieved Password... : JFRoaW5haXIzMjE=
04:00:34.638 [TestNG-tests-2] INFO  com.test.automation.actions.WebActions - Clicked element: By.xpath: //li[@id='menu-item-1237']//a[@class='menu-link'][normalize-space()='Account']
04:00:36.110 [TestNG-tests-1] INFO  com.test.automation.actions.WebActions - Clicked element: By.xpath: //li[@id='menu-item-1237']//a[@class='menu-link'][normalize-space()='Account']
04:00:37.067 [TestNG-tests-2] INFO  com.test.automation.actions.WebActions - Clicked element: By.xpath: //button[normalize-space()='Log in']
04:00:37.182 [TestNG-tests-2] INFO  com.test.automation.actions.WebActions - Retrieved text: Logout
04:00:38.038 [TestNG-tests-2] INFO  com.test.automation.driver.DriverFactory - Quit driver instance
04:00:39.161 [TestNG-tests-1] INFO  com.test.automation.actions.WebActions - Clicked element: By.xpath: //button[normalize-space()='Log in']
04:00:39.334 [TestNG-tests-1] INFO  com.test.automation.actions.WebActions - Retrieved text: Logout
04:00:41.605 [TestNG-tests-2] INFO  com.test.automation.driver.DriverFactory - Created new chrome driver instance
04:00:42.083 [TestNG-tests-1] INFO  com.test.automation.driver.DriverFactory - Quit driver instance
04:00:42.713 [TestNG-tests-2] INFO  com.test.automation.tests.BaseTest - Started test with URL...: https://askomdch.com/
04:00:43.190 [TestNG-tests-2] INFO  com.test.automation.actions.WebActions - Clicked element: By.xpath: //div[@class="main-navigation ast-inline-flex"]//ul[@id="ast-hf-menu-1"]//li//a[text() = 'Home']
04:00:43.430 [TestNG-tests-2] INFO  com.test.automation.actions.WebActions - Clicked 'Add to Cart' button for product: Denim Blue Jeans
04:00:45.078 [TestNG-tests-1] INFO  com.test.automation.driver.DriverFactory - Created new chrome driver instance
04:00:45.587 [TestNG-tests-2] INFO  com.test.automation.driver.DriverFactory - Quit driver instance
04:00:45.640 [TestNG-tests-1] INFO  com.test.automation.tests.BaseTest - Started test with URL...: https://askomdch.com/
04:00:46.545 [TestNG-tests-1] INFO  com.test.automation.actions.WebActions - Clicked element: By.xpath: //div[@class="main-navigation ast-inline-flex"]//ul[@id="ast-hf-menu-1"]//li//a[text() = 'Home']
04:00:46.713 [TestNG-tests-1] INFO  com.test.automation.actions.WebActions - Clicked 'Add to Cart' button for product: Denim Blue Jeans
04:00:47.130 [TestNG-tests-1] INFO  com.test.automation.driver.DriverFactory - Quit driver instance
04:32:20.009 [main] INFO  com.test.automation.driver.DriverFactory - Created new chrome driver instance
04:32:21.848 [main] INFO  com.test.automation.tests.BaseTest - Started test with URL...: https://askomdch.com/
04:51:40.557 [main] INFO  com.test.automation.driver.DriverFactory - Created new chrome driver instance
04:53:57.621 [main] INFO  com.test.automation.driver.DriverFactory - Created new chrome driver instance
04:53:58.731 [main] INFO  com.test.automation.tests.BaseTest - Started test with URL...: https://askomdch.com/
04:54:00.551 [main] INFO  com.test.automation.utils.CredentialsLoader - Retrieved Username... : rayroshn@gmail.com
04:54:00.551 [main] INFO  com.test.automation.utils.CredentialsLoader - Retrieved Password... : JFRoaW5haXIzMjE=
04:54:02.185 [main] INFO  com.test.automation.actions.WebActions - Clicked element: By.xpath: //li[@id='menu-item-1237']//a[@class='menu-link'][normalize-space()='Account']
04:54:03.940 [main] INFO  com.test.automation.actions.WebActions - Clicked element: By.xpath: //button[normalize-space()='Log in']
04:54:04.102 [main] INFO  com.test.automation.actions.WebActions - Retrieved text: Logout
04:54:05.465 [main] INFO  com.test.automation.driver.DriverFactory - Quit driver instance
05:03:35.672 [TestNG-tests-2] INFO  com.test.automation.driver.DriverFactory - Created new chrome driver instance
05:03:35.711 [TestNG-tests-1] INFO  com.test.automation.driver.DriverFactory - Created new chrome driver instance
05:03:37.268 [TestNG-tests-2] INFO  com.test.automation.tests.BaseTest - Started test with URL...: https://askomdch.com/
05:03:37.320 [TestNG-tests-1] INFO  com.test.automation.tests.BaseTest - Started test with URL...: https://askomdch.com/
05:03:40.495 [TestNG-tests-2] INFO  com.test.automation.utils.CredentialsLoader - Retrieved Username... : rayroshn@gmail.com
05:03:40.495 [TestNG-tests-1] INFO  com.test.automation.utils.CredentialsLoader - Retrieved Username... : rayroshn@gmail.com
05:03:40.496 [TestNG-tests-2] INFO  com.test.automation.utils.CredentialsLoader - Retrieved Password... : JFRoaW5haXIzMjE=
05:03:40.496 [TestNG-tests-1] INFO  com.test.automation.utils.CredentialsLoader - Retrieved Password... : JFRoaW5haXIzMjE=
05:03:42.450 [TestNG-tests-2] INFO  com.test.automation.actions.WebActions - Clicked element: By.xpath: //li[@id='menu-item-1237']//a[@class='menu-link'][normalize-space()='Account']
05:03:43.140 [TestNG-tests-1] INFO  com.test.automation.actions.WebActions - Clicked element: By.xpath: //li[@id='menu-item-1237']//a[@class='menu-link'][normalize-space()='Account']
05:03:44.889 [TestNG-tests-2] INFO  com.test.automation.actions.WebActions - Clicked element: By.xpath: //button[normalize-space()='Log in']
05:03:45.103 [TestNG-tests-2] INFO  com.test.automation.actions.WebActions - Retrieved text: Logout
05:03:45.600 [TestNG-tests-1] INFO  com.test.automation.actions.WebActions - Clicked element: By.xpath: //button[normalize-space()='Log in']
05:03:45.776 [TestNG-tests-1] INFO  com.test.automation.actions.WebActions - Retrieved text: Logout
05:03:47.155 [TestNG-tests-2] INFO  com.test.automation.driver.DriverFactory - Quit driver instance
05:03:47.248 [TestNG-tests-1] INFO  com.test.automation.driver.DriverFactory - Quit driver instance
05:03:50.845 [TestNG-tests-1] INFO  com.test.automation.driver.DriverFactory - Created new chrome driver instance
05:03:50.889 [TestNG-tests-2] INFO  com.test.automation.driver.DriverFactory - Created new chrome driver instance
05:03:51.392 [TestNG-tests-2] INFO  com.test.automation.tests.BaseTest - Started test with URL...: https://askomdch.com/
05:03:52.572 [TestNG-tests-1] INFO  com.test.automation.tests.BaseTest - Started test with URL...: https://askomdch.com/
05:03:53.423 [TestNG-tests-2] INFO  com.test.automation.actions.WebActions - Clicked element: By.xpath: //div[@class="main-navigation ast-inline-flex"]//ul[@id="ast-hf-menu-1"]//li//a[text() = 'Home']
05:03:53.425 [TestNG-tests-1] INFO  com.test.automation.actions.WebActions - Clicked element: By.xpath: //div[@class="main-navigation ast-inline-flex"]//ul[@id="ast-hf-menu-1"]//li//a[text() = 'Home']
05:03:53.792 [TestNG-tests-1] INFO  com.test.automation.actions.WebActions - Clicked 'Add to Cart' button for product: Denim Blue Jeans
05:03:54.127 [TestNG-tests-2] INFO  com.test.automation.actions.WebActions - Clicked 'Add to Cart' button for product: Denim Blue Jeans
05:03:55.054 [TestNG-tests-2] INFO  com.test.automation.driver.DriverFactory - Quit driver instance
05:03:55.124 [TestNG-tests-1] INFO  com.test.automation.driver.DriverFactory - Quit driver instance
05:06:39.101 [TestNG-tests-2] INFO  com.test.automation.driver.DriverFactory - Created new chrome driver instance
05:06:39.384 [TestNG-tests-1] INFO  com.test.automation.driver.DriverFactory - Created new chrome driver instance
05:06:40.540 [TestNG-tests-2] INFO  com.test.automation.tests.BaseTest - Started test with URL...: https://askomdch.com/
05:06:41.133 [TestNG-tests-1] INFO  com.test.automation.tests.BaseTest - Started test with URL...: https://askomdch.com/
05:06:43.568 [TestNG-tests-1] INFO  com.test.automation.utils.CredentialsLoader - Retrieved Username... : rayroshn@gmail.com
05:06:43.569 [TestNG-tests-1] INFO  com.test.automation.utils.CredentialsLoader - Retrieved Password... : JFRoaW5haXIzMjE=
05:06:43.569 [TestNG-tests-2] INFO  com.test.automation.utils.CredentialsLoader - Retrieved Username... : rayroshn@gmail.com
05:06:43.570 [TestNG-tests-2] INFO  com.test.automation.utils.CredentialsLoader - Retrieved Password... : JFRoaW5haXIzMjE=
05:06:45.386 [TestNG-tests-1] INFO  com.test.automation.actions.WebActions - Clicked element: By.xpath: //li[@id='menu-item-1237']//a[@class='menu-link'][normalize-space()='Account']
05:06:45.828 [TestNG-tests-2] INFO  com.test.automation.actions.WebActions - Clicked element: By.xpath: //li[@id='menu-item-1237']//a[@class='menu-link'][normalize-space()='Account']
05:06:47.080 [TestNG-tests-1] INFO  com.test.automation.actions.WebActions - Clicked element: By.xpath: //button[normalize-space()='Log in']
05:06:47.256 [TestNG-tests-1] INFO  com.test.automation.actions.WebActions - Retrieved text: Logout
05:06:48.050 [TestNG-tests-2] INFO  com.test.automation.actions.WebActions - Clicked element: By.xpath: //button[normalize-space()='Log in']
05:06:48.267 [TestNG-tests-2] INFO  com.test.automation.actions.WebActions - Retrieved text: Logout
05:06:48.751 [TestNG-tests-1] INFO  com.test.automation.driver.DriverFactory - Quit driver instance
05:06:48.751 [TestNG-tests-2] INFO  com.test.automation.driver.DriverFactory - Quit driver instance
05:06:52.729 [TestNG-tests-1] INFO  com.test.automation.driver.DriverFactory - Created new chrome driver instance
05:06:52.978 [TestNG-tests-2] INFO  com.test.automation.driver.DriverFactory - Created new chrome driver instance
05:06:54.233 [TestNG-tests-1] INFO  com.test.automation.tests.BaseTest - Started test with URL...: https://askomdch.com/
05:06:54.426 [TestNG-tests-2] INFO  com.test.automation.tests.BaseTest - Started test with URL...: https://askomdch.com/
05:06:54.860 [TestNG-tests-1] INFO  com.test.automation.actions.WebActions - Clicked element: By.xpath: //div[@class="main-navigation ast-inline-flex"]//ul[@id="ast-hf-menu-1"]//li//a[text() = 'Home']
05:06:55.051 [TestNG-tests-2] INFO  com.test.automation.actions.WebActions - Clicked element: By.xpath: //div[@class="main-navigation ast-inline-flex"]//ul[@id="ast-hf-menu-1"]//li//a[text() = 'Home']
05:06:55.273 [TestNG-tests-1] INFO  com.test.automation.actions.WebActions - Clicked 'Add to Cart' button for product: Denim Blue Jeans
05:06:55.607 [TestNG-tests-2] INFO  com.test.automation.actions.WebActions - Clicked 'Add to Cart' button for product: Denim Blue Jeans
05:06:56.379 [TestNG-tests-2] INFO  com.test.automation.driver.DriverFactory - Quit driver instance
05:06:56.380 [TestNG-tests-1] INFO  com.test.automation.driver.DriverFactory - Quit driver instance
05:07:56.952 [main] INFO  com.test.automation.driver.DriverFactory - Created new chrome driver instance
05:08:44.556 [TestNG-tests-1] INFO  com.test.automation.driver.DriverFactory - Created new chrome driver instance
05:08:44.754 [TestNG-tests-2] INFO  com.test.automation.driver.DriverFactory - Created new chrome driver instance
05:09:57.060 [TestNG-tests-1] INFO  com.test.automation.driver.DriverFactory - Created new chrome driver instance
05:09:57.642 [TestNG-tests-2] INFO  com.test.automation.driver.DriverFactory - Created new chrome driver instance
05:10:38.784 [TestNG-tests-1] INFO  com.test.automation.driver.DriverFactory - Created new chrome driver instance
05:10:39.332 [TestNG-tests-2] INFO  com.test.automation.driver.DriverFactory - Created new chrome driver instance
05:12:42.912 [TestNG-tests-2] INFO  com.test.automation.driver.DriverFactory - Created new chrome driver instance
05:12:43.084 [TestNG-tests-1] INFO  com.test.automation.driver.DriverFactory - Created new chrome driver instance
05:17:00.494 [TestNG-tests-2] INFO  com.test.automation.driver.DriverFactory - Created new chrome driver instance
05:17:00.832 [TestNG-tests-1] INFO  com.test.automation.driver.DriverFactory - Created new chrome driver instance
05:21:22.250 [TestNG-tests-2] INFO  com.test.automation.driver.DriverFactory - Created new chrome driver instance
05:21:22.530 [TestNG-tests-1] INFO  com.test.automation.driver.DriverFactory - Created new chrome driver instance
05:22:42.335 [TestNG-tests-2] INFO  com.test.automation.driver.DriverFactory - Created new chrome driver instance
05:22:42.920 [TestNG-tests-1] INFO  com.test.automation.driver.DriverFactory - Created new chrome driver instance
05:22:44.589 [TestNG-tests-2] INFO  com.test.automation.tests.BaseTest - Started test with URL...: https://askomdch.com/
05:22:44.783 [TestNG-tests-1] INFO  com.test.automation.tests.BaseTest - Started test with URL...: https://askomdch.com/
05:22:46.654 [TestNG-tests-1] INFO  com.test.automation.utils.CredentialsLoader - Retrieved Username... : rayroshn@gmail.com
05:22:46.655 [TestNG-tests-1] INFO  com.test.automation.utils.CredentialsLoader - Retrieved Password... : JFRoaW5haXIzMjE=
05:22:46.654 [TestNG-tests-2] INFO  com.test.automation.utils.CredentialsLoader - Retrieved Username... : rayroshn@gmail.com
05:22:46.656 [TestNG-tests-2] INFO  com.test.automation.utils.CredentialsLoader - Retrieved Password... : JFRoaW5haXIzMjE=
05:22:48.592 [TestNG-tests-2] INFO  com.test.automation.actions.WebActions - Clicked element: By.xpath: //li[@id='menu-item-1237']//a[@class='menu-link'][normalize-space()='Account']
05:22:48.872 [TestNG-tests-1] INFO  com.test.automation.actions.WebActions - Clicked element: By.xpath: //li[@id='menu-item-1237']//a[@class='menu-link'][normalize-space()='Account']
05:22:50.917 [TestNG-tests-2] INFO  com.test.automation.actions.WebActions - Clicked element: By.xpath: //button[normalize-space()='Log in']
05:22:51.035 [TestNG-tests-2] INFO  com.test.automation.actions.WebActions - Retrieved text: Logout
05:22:51.612 [TestNG-tests-1] INFO  com.test.automation.actions.WebActions - Clicked element: By.xpath: //button[normalize-space()='Log in']
05:22:51.737 [TestNG-tests-1] INFO  com.test.automation.actions.WebActions - Retrieved text: Logout
05:22:52.370 [TestNG-tests-2] INFO  com.test.automation.driver.DriverFactory - Quit driver instance
05:22:54.562 [TestNG-tests-2] INFO  com.test.automation.driver.DriverFactory - Created new chrome driver instance
05:22:54.812 [TestNG-tests-1] INFO  com.test.automation.driver.DriverFactory - Quit driver instance
05:22:55.137 [TestNG-tests-2] INFO  com.test.automation.tests.BaseTest - Started test with URL...: https://askomdch.com/
05:22:56.481 [TestNG-tests-2] INFO  com.test.automation.actions.WebActions - Clicked element: By.xpath: //div[@class="main-navigation ast-inline-flex"]//ul[@id="ast-hf-menu-1"]//li//a[text() = 'Home']
05:22:57.561 [TestNG-tests-1] INFO  com.test.automation.driver.DriverFactory - Created new chrome driver instance
05:22:57.859 [TestNG-tests-2] INFO  com.test.automation.actions.WebActions - Clicked 'Add to Cart' button for product: Denim Blue Jeans
05:22:58.129 [TestNG-tests-1] INFO  com.test.automation.tests.BaseTest - Started test with URL...: https://askomdch.com/
05:22:59.421 [TestNG-tests-1] INFO  com.test.automation.actions.WebActions - Clicked element: By.xpath: //div[@class="main-navigation ast-inline-flex"]//ul[@id="ast-hf-menu-1"]//li//a[text() = 'Home']
05:22:59.522 [TestNG-tests-2] INFO  com.test.automation.driver.DriverFactory - Quit driver instance
05:22:59.712 [TestNG-tests-1] INFO  com.test.automation.actions.WebActions - Clicked 'Add to Cart' button for product: Denim Blue Jeans
05:23:00.216 [TestNG-tests-1] INFO  com.test.automation.driver.DriverFactory - Quit driver instance
05:30:58.466 [TestNG-tests-2] INFO  com.test.automation.driver.DriverFactory - Created new chrome driver instance
05:30:58.682 [TestNG-tests-1] INFO  com.test.automation.driver.DriverFactory - Created new chrome driver instance
05:30:59.265 [TestNG-tests-2] INFO  com.test.automation.tests.BaseTest - Started test with URL...: https://askomdch.com/
05:31:00.818 [TestNG-tests-1] INFO  com.test.automation.tests.BaseTest - Started test with URL...: https://askomdch.com/
05:31:02.807 [TestNG-tests-1] INFO  com.test.automation.utils.CredentialsLoader - Retrieved Username... : rayroshn@gmail.com
05:31:02.808 [TestNG-tests-1] INFO  com.test.automation.utils.CredentialsLoader - Retrieved Password... : JFRoaW5haXIzMjE=
05:31:02.807 [TestNG-tests-2] INFO  com.test.automation.utils.CredentialsLoader - Retrieved Username... : rayroshn@gmail.com
05:31:02.810 [TestNG-tests-2] INFO  com.test.automation.utils.CredentialsLoader - Retrieved Password... : JFRoaW5haXIzMjE=
05:31:04.481 [TestNG-tests-1] INFO  com.test.automation.actions.WebActions - Clicked element: By.xpath: //li[@id='menu-item-1237']//a[@class='menu-link'][normalize-space()='Account']
05:31:06.045 [TestNG-tests-1] ERROR com.test.automation.actions.WebActions - Failed to enter text: rayroshn@gmail.com into element: By.xpath: //input[@id='username']
org.openqa.selenium.remote.UnreachableBrowserException: Error communicating with the remote browser. It may have died.
Build info: version: '4.21.0', revision: '79ed462ef4'
System info: os.name: 'Windows 10', os.arch: 'amd64', os.version: '10.0', java.version: '17.0.9'
Driver info: org.openqa.selenium.chrome.ChromeDriver
Command: [a13f8fe00e3be3d38bf2d0f9685c35a8, clearElement [id]]
Capabilities {acceptInsecureCerts: false, browserName: chrome, browserVersion: 130.0.6723.70, chrome: {chromedriverVersion: 130.0.6723.69 (3ec172b971b9..., userDataDir: C:\Users\Lenovo\AppData\Loc...}, fedcm:accounts: true, goog:chromeOptions: {debuggerAddress: localhost:62184}, networkConnectionEnabled: false, pageLoadStrategy: normal, platformName: windows, proxy: Proxy(), se:cdp: ws://localhost:62184/devtoo..., se:cdpVersion: 130.0.6723.70, setWindowRect: true, strictFileInteractability: false, timeouts: {implicit: 0, pageLoad: 300000, script: 30000}, unhandledPromptBehavior: dismiss and notify, webauthn:extension:credBlob: true, webauthn:extension:largeBlob: true, webauthn:extension:minPinLength: true, webauthn:extension:prf: true, webauthn:virtualAuthenticators: true}
Element: [[ChromeDriver: chrome on windows (a13f8fe00e3be3d38bf2d0f9685c35a8)] -> xpath: //input[@id='username']]
Session ID: a13f8fe00e3be3d38bf2d0f9685c35a8
	at org.openqa.selenium.remote.RemoteWebDriver.execute(RemoteWebDriver.java:545) ~[selenium-remote-driver-4.21.0.jar:?]
	at org.openqa.selenium.remote.RemoteWebElement.execute(RemoteWebElement.java:223) ~[selenium-remote-driver-4.21.0.jar:?]
	at org.openqa.selenium.remote.RemoteWebElement.clear(RemoteWebElement.java:129) ~[selenium-remote-driver-4.21.0.jar:?]
	at com.test.automation.actions.WebActions.enterText(WebActions.java:77) ~[classes/:?]
	at com.test.automation.pages.LoginPage.login(LoginPage.java:24) ~[classes/:?]
	at com.test.automation.tests.LoginTest.testSuccessfulLogin(LoginTest.java:27) ~[test-classes/:?]
	at java.base/jdk.internal.reflect.NativeMethodAccessorImpl.invoke0(Native Method) ~[?:?]
	at java.base/jdk.internal.reflect.NativeMethodAccessorImpl.invoke(NativeMethodAccessorImpl.java:77) ~[?:?]
	at java.base/jdk.internal.reflect.DelegatingMethodAccessorImpl.invoke(DelegatingMethodAccessorImpl.java:43) ~[?:?]
	at java.base/java.lang.reflect.Method.invoke(Method.java:568) ~[?:?]
	at org.testng.internal.invokers.MethodInvocationHelper.invokeMethod(MethodInvocationHelper.java:139) ~[testng-7.8.0.jar:7.8.0]
	at org.testng.internal.invokers.TestInvoker.invokeMethod(TestInvoker.java:664) ~[testng-7.8.0.jar:7.8.0]
	at org.testng.internal.invokers.TestInvoker.invokeTestMethod(TestInvoker.java:227) ~[testng-7.8.0.jar:7.8.0]
	at org.testng.internal.invokers.MethodRunner.runInSequence(MethodRunner.java:50) ~[testng-7.8.0.jar:7.8.0]
	at org.testng.internal.invokers.TestInvoker$MethodInvocationAgent.invoke(TestInvoker.java:957) ~[testng-7.8.0.jar:7.8.0]
	at org.testng.internal.invokers.TestInvoker.invokeTestMethods(TestInvoker.java:200) ~[testng-7.8.0.jar:7.8.0]
	at org.testng.internal.invokers.TestMethodWorker.invokeTestMethods(TestMethodWorker.java:148) ~[testng-7.8.0.jar:7.8.0]
	at org.testng.internal.invokers.TestMethodWorker.run(TestMethodWorker.java:128) ~[testng-7.8.0.jar:7.8.0]
	at java.base/java.util.ArrayList.forEach(ArrayList.java:1511) ~[?:?]
	at org.testng.TestRunner.privateRun(TestRunner.java:848) ~[testng-7.8.0.jar:7.8.0]
	at org.testng.TestRunner.run(TestRunner.java:621) ~[testng-7.8.0.jar:7.8.0]
	at org.testng.SuiteRunner.runTest(SuiteRunner.java:443) ~[testng-7.8.0.jar:7.8.0]
	at org.testng.SuiteRunner$SuiteWorker.run(SuiteRunner.java:481) ~[testng-7.8.0.jar:7.8.0]
	at org.testng.internal.thread.ThreadUtil.lambda$execute$0(ThreadUtil.java:58) ~[testng-7.8.0.jar:7.8.0]
	at java.base/java.util.concurrent.FutureTask.run(FutureTask.java:264) [?:?]
	at java.base/java.util.concurrent.ThreadPoolExecutor.runWorker(ThreadPoolExecutor.java:1136) [?:?]
	at java.base/java.util.concurrent.ThreadPoolExecutor$Worker.run(ThreadPoolExecutor.java:635) [?:?]
	at java.base/java.lang.Thread.run(Thread.java:842) [?:?]
Caused by: java.io.UncheckedIOException: java.io.IOException: HTTP/1.1 header parser received no bytes
	at org.openqa.selenium.remote.http.jdk.JdkHttpClient.execute0(JdkHttpClient.java:439) ~[selenium-http-4.21.0.jar:?]
	at org.openqa.selenium.remote.http.AddSeleniumUserAgent.lambda$apply$0(AddSeleniumUserAgent.java:42) ~[selenium-http-4.21.0.jar:?]
	at org.openqa.selenium.remote.http.Filter.lambda$andFinally$1(Filter.java:55) ~[selenium-http-4.21.0.jar:?]
	at org.openqa.selenium.remote.http.jdk.JdkHttpClient.execute(JdkHttpClient.java:355) ~[selenium-http-4.21.0.jar:?]
	at org.openqa.selenium.remote.HttpCommandExecutor.execute(HttpCommandExecutor.java:187) ~[selenium-remote-driver-4.21.0.jar:?]
	at org.openqa.selenium.remote.service.DriverCommandExecutor.invokeExecute(DriverCommandExecutor.java:216) ~[selenium-remote-driver-4.21.0.jar:?]
	at org.openqa.selenium.remote.service.DriverCommandExecutor.execute(DriverCommandExecutor.java:174) ~[selenium-remote-driver-4.21.0.jar:?]
	at org.openqa.selenium.remote.RemoteWebDriver.execute(RemoteWebDriver.java:518) ~[selenium-remote-driver-4.21.0.jar:?]
	... 27 more
Caused by: java.io.IOException: HTTP/1.1 header parser received no bytes
	at java.net.http/jdk.internal.net.http.common.Utils.wrapWithExtraDetail(Utils.java:348) ~[java.net.http:?]
	at java.net.http/jdk.internal.net.http.Http1Response$HeadersReader.onReadError(Http1Response.java:675) ~[java.net.http:?]
	at java.net.http/jdk.internal.net.http.Http1AsyncReceiver.checkForErrors(Http1AsyncReceiver.java:302) ~[java.net.http:?]
	at java.net.http/jdk.internal.net.http.Http1AsyncReceiver.flush(Http1AsyncReceiver.java:268) ~[java.net.http:?]
	at java.net.http/jdk.internal.net.http.common.SequentialScheduler$LockingRestartableTask.run(SequentialScheduler.java:205) ~[java.net.http:?]
	at java.net.http/jdk.internal.net.http.common.SequentialScheduler$CompleteRestartableTask.run(SequentialScheduler.java:149) ~[java.net.http:?]
	at java.net.http/jdk.internal.net.http.common.SequentialScheduler$SchedulableTask.run(SequentialScheduler.java:230) ~[java.net.http:?]
	... 3 more
Caused by: java.net.SocketException: Connection reset
	at java.base/sun.nio.ch.SocketChannelImpl.throwConnectionReset(SocketChannelImpl.java:394) ~[?:?]
	at java.base/sun.nio.ch.SocketChannelImpl.read(SocketChannelImpl.java:426) ~[?:?]
	at java.net.http/jdk.internal.net.http.SocketTube.readAvailable(SocketTube.java:1170) ~[java.net.http:?]
	at java.net.http/jdk.internal.net.http.SocketTube$InternalReadPublisher$InternalReadSubscription.read(SocketTube.java:833) ~[java.net.http:?]
	at java.net.http/jdk.internal.net.http.SocketTube$SocketFlowTask.run(SocketTube.java:181) ~[java.net.http:?]
	at java.net.http/jdk.internal.net.http.common.SequentialScheduler$SchedulableTask.run(SequentialScheduler.java:230) ~[java.net.http:?]
	at java.net.http/jdk.internal.net.http.common.SequentialScheduler.runOrSchedule(SequentialScheduler.java:303) ~[java.net.http:?]
	at java.net.http/jdk.internal.net.http.common.SequentialScheduler.runOrSchedule(SequentialScheduler.java:256) ~[java.net.http:?]
	at java.net.http/jdk.internal.net.http.SocketTube$InternalReadPublisher$InternalReadSubscription.signalReadable(SocketTube.java:774) ~[java.net.http:?]
	at java.net.http/jdk.internal.net.http.SocketTube$InternalReadPublisher$ReadEvent.signalEvent(SocketTube.java:957) ~[java.net.http:?]
	at java.net.http/jdk.internal.net.http.SocketTube$SocketFlowEvent.handle(SocketTube.java:253) ~[java.net.http:?]
	at java.net.http/jdk.internal.net.http.HttpClientImpl$SelectorManager.handleEvent(HttpClientImpl.java:979) ~[java.net.http:?]
	at java.net.http/jdk.internal.net.http.HttpClientImpl$SelectorManager.lambda$run$3(HttpClientImpl.java:934) ~[java.net.http:?]
	at java.base/java.util.ArrayList.forEach(ArrayList.java:1511) ~[?:?]
	at java.net.http/jdk.internal.net.http.HttpClientImpl$SelectorManager.run(HttpClientImpl.java:934) ~[java.net.http:?]
05:31:13.181 [TestNG-tests-2] ERROR com.test.automation.actions.WebActions - Failed to click element: By.xpath: //li[@id='menu-item-1237']//a[@class='menu-link'][normalize-space()='Account']
org.openqa.selenium.TimeoutException: Expected condition failed: waiting for element to be clickable: By.xpath: //li[@id='menu-item-1237']//a[@class='menu-link'][normalize-space()='Account'] (tried for 10 second(s) with 500 milliseconds interval)
	at org.openqa.selenium.support.ui.WebDriverWait.timeoutException(WebDriverWait.java:84) ~[selenium-support-4.21.0.jar:?]
	at org.openqa.selenium.support.ui.FluentWait.until(FluentWait.java:228) ~[selenium-support-4.21.0.jar:?]
	at com.test.automation.actions.WebActions.click(WebActions.java:32) ~[classes/:?]
	at com.test.automation.pages.LoginPage.login(LoginPage.java:23) ~[classes/:?]
	at com.test.automation.tests.LoginTest.testSuccessfulLogin(LoginTest.java:27) ~[test-classes/:?]
	at java.base/jdk.internal.reflect.NativeMethodAccessorImpl.invoke0(Native Method) ~[?:?]
	at java.base/jdk.internal.reflect.NativeMethodAccessorImpl.invoke(NativeMethodAccessorImpl.java:77) ~[?:?]
	at java.base/jdk.internal.reflect.DelegatingMethodAccessorImpl.invoke(DelegatingMethodAccessorImpl.java:43) ~[?:?]
	at java.base/java.lang.reflect.Method.invoke(Method.java:568) ~[?:?]
	at org.testng.internal.invokers.MethodInvocationHelper.invokeMethod(MethodInvocationHelper.java:139) ~[testng-7.8.0.jar:7.8.0]
	at org.testng.internal.invokers.TestInvoker.invokeMethod(TestInvoker.java:664) ~[testng-7.8.0.jar:7.8.0]
	at org.testng.internal.invokers.TestInvoker.invokeTestMethod(TestInvoker.java:227) ~[testng-7.8.0.jar:7.8.0]
	at org.testng.internal.invokers.MethodRunner.runInSequence(MethodRunner.java:50) ~[testng-7.8.0.jar:7.8.0]
	at org.testng.internal.invokers.TestInvoker$MethodInvocationAgent.invoke(TestInvoker.java:957) ~[testng-7.8.0.jar:7.8.0]
	at org.testng.internal.invokers.TestInvoker.invokeTestMethods(TestInvoker.java:200) ~[testng-7.8.0.jar:7.8.0]
	at org.testng.internal.invokers.TestMethodWorker.invokeTestMethods(TestMethodWorker.java:148) ~[testng-7.8.0.jar:7.8.0]
	at org.testng.internal.invokers.TestMethodWorker.run(TestMethodWorker.java:128) ~[testng-7.8.0.jar:7.8.0]
	at java.base/java.util.ArrayList.forEach(ArrayList.java:1511) ~[?:?]
	at org.testng.TestRunner.privateRun(TestRunner.java:848) ~[testng-7.8.0.jar:7.8.0]
	at org.testng.TestRunner.run(TestRunner.java:621) ~[testng-7.8.0.jar:7.8.0]
	at org.testng.SuiteRunner.runTest(SuiteRunner.java:443) ~[testng-7.8.0.jar:7.8.0]
	at org.testng.SuiteRunner$SuiteWorker.run(SuiteRunner.java:481) ~[testng-7.8.0.jar:7.8.0]
	at org.testng.internal.thread.ThreadUtil.lambda$execute$0(ThreadUtil.java:58) ~[testng-7.8.0.jar:7.8.0]
	at java.base/java.util.concurrent.FutureTask.run(FutureTask.java:264) [?:?]
	at java.base/java.util.concurrent.ThreadPoolExecutor.runWorker(ThreadPoolExecutor.java:1136) [?:?]
	at java.base/java.util.concurrent.ThreadPoolExecutor$Worker.run(ThreadPoolExecutor.java:635) [?:?]
	at java.base/java.lang.Thread.run(Thread.java:842) [?:?]
Caused by: org.openqa.selenium.NoSuchWindowException: no such window: target window already closed
from unknown error: web view not found
  (Session info: chrome=130.0.6723.70)
Build info: version: '4.21.0', revision: '79ed462ef4'
System info: os.name: 'Windows 10', os.arch: 'amd64', os.version: '10.0', java.version: '17.0.9'
Driver info: org.openqa.selenium.chrome.ChromeDriver
Command: [e979a6f420e1525771393c2dba622741, findElement {value=//li[@id='menu-item-1237']//a[@class='menu-link'][normalize-space()='Account'], using=xpath}]
Capabilities {acceptInsecureCerts: false, browserName: chrome, browserVersion: 130.0.6723.70, chrome: {chromedriverVersion: 130.0.6723.69 (3ec172b971b9..., userDataDir: C:\Users\Lenovo\AppData\Loc...}, fedcm:accounts: true, goog:chromeOptions: {debuggerAddress: localhost:62185}, networkConnectionEnabled: false, pageLoadStrategy: normal, platformName: windows, proxy: Proxy(), se:cdp: ws://localhost:62185/devtoo..., se:cdpVersion: 130.0.6723.70, setWindowRect: true, strictFileInteractability: false, timeouts: {implicit: 0, pageLoad: 300000, script: 30000}, unhandledPromptBehavior: dismiss and notify, webauthn:extension:credBlob: true, webauthn:extension:largeBlob: true, webauthn:extension:minPinLength: true, webauthn:extension:prf: true, webauthn:virtualAuthenticators: true}
Session ID: e979a6f420e1525771393c2dba622741
	at jdk.internal.reflect.GeneratedConstructorAccessor15.newInstance(Unknown Source) ~[?:?]
	at java.base/jdk.internal.reflect.DelegatingConstructorAccessorImpl.newInstance(DelegatingConstructorAccessorImpl.java:45) ~[?:?]
	at java.base/java.lang.reflect.Constructor.newInstanceWithCaller(Constructor.java:499) ~[?:?]
	at java.base/java.lang.reflect.Constructor.newInstance(Constructor.java:480) ~[?:?]
	at org.openqa.selenium.remote.ErrorCodec.decode(ErrorCodec.java:167) ~[selenium-remote-driver-4.21.0.jar:?]
	at org.openqa.selenium.remote.codec.w3c.W3CHttpResponseCodec.decode(W3CHttpResponseCodec.java:138) ~[selenium-remote-driver-4.21.0.jar:?]
	at org.openqa.selenium.remote.codec.w3c.W3CHttpResponseCodec.decode(W3CHttpResponseCodec.java:50) ~[selenium-remote-driver-4.21.0.jar:?]
	at org.openqa.selenium.remote.HttpCommandExecutor.execute(HttpCommandExecutor.java:190) ~[selenium-remote-driver-4.21.0.jar:?]
	at org.openqa.selenium.remote.service.DriverCommandExecutor.invokeExecute(DriverCommandExecutor.java:216) ~[selenium-remote-driver-4.21.0.jar:?]
	at org.openqa.selenium.remote.service.DriverCommandExecutor.execute(DriverCommandExecutor.java:174) ~[selenium-remote-driver-4.21.0.jar:?]
	at org.openqa.selenium.remote.RemoteWebDriver.execute(RemoteWebDriver.java:518) ~[selenium-remote-driver-4.21.0.jar:?]
	at org.openqa.selenium.remote.ElementLocation$ElementFinder$2.findElement(ElementLocation.java:165) ~[selenium-remote-driver-4.21.0.jar:?]
	at org.openqa.selenium.remote.ElementLocation.findElement(ElementLocation.java:59) ~[selenium-remote-driver-4.21.0.jar:?]
	at org.openqa.selenium.remote.RemoteWebDriver.findElement(RemoteWebDriver.java:355) ~[selenium-remote-driver-4.21.0.jar:?]
	at org.openqa.selenium.remote.RemoteWebDriver.findElement(RemoteWebDriver.java:349) ~[selenium-remote-driver-4.21.0.jar:?]
	at org.openqa.selenium.support.ui.ExpectedConditions$7.apply(ExpectedConditions.java:194) ~[selenium-support-4.21.0.jar:?]
	at org.openqa.selenium.support.ui.ExpectedConditions$7.apply(ExpectedConditions.java:190) ~[selenium-support-4.21.0.jar:?]
	at org.openqa.selenium.support.ui.ExpectedConditions$22.apply(ExpectedConditions.java:627) ~[selenium-support-4.21.0.jar:?]
	at org.openqa.selenium.support.ui.ExpectedConditions$22.apply(ExpectedConditions.java:624) ~[selenium-support-4.21.0.jar:?]
	at org.openqa.selenium.support.ui.FluentWait.until(FluentWait.java:203) ~[selenium-support-4.21.0.jar:?]
	... 25 more
05:31:13.340 [TestNG-tests-2] INFO  com.test.automation.driver.DriverFactory - Quit driver instance
05:31:15.419 [TestNG-tests-2] INFO  com.test.automation.driver.DriverFactory - Created new chrome driver instance
05:31:16.485 [TestNG-tests-2] INFO  com.test.automation.tests.BaseTest - Started test with URL...: https://askomdch.com/
05:31:17.228 [TestNG-tests-2] INFO  com.test.automation.actions.WebActions - Clicked element: By.xpath: //div[@class="main-navigation ast-inline-flex"]//ul[@id="ast-hf-menu-1"]//li//a[text() = 'Home']
05:31:17.499 [TestNG-tests-2] INFO  com.test.automation.actions.WebActions - Clicked 'Add to Cart' button for product: Denim Blue Jeans
05:31:17.897 [TestNG-tests-2] INFO  com.test.automation.driver.DriverFactory - Quit driver instance
05:33:27.429 [main] INFO  com.test.automation.driver.DriverFactory - Created new chrome driver instance
05:33:52.736 [main] INFO  com.test.automation.tests.BaseTest - Started test with URL...: https://askomdch.com/
05:34:02.988 [main] INFO  com.test.automation.utils.CredentialsLoader - Retrieved Username... : rayroshn@gmail.com
05:34:02.989 [main] INFO  com.test.automation.utils.CredentialsLoader - Retrieved Password... : JFRoaW5haXIzMjE=
05:34:04.644 [main] INFO  com.test.automation.actions.WebActions - Clicked element: By.xpath: //li[@id='menu-item-1237']//a[@class='menu-link'][normalize-space()='Account']
05:34:06.444 [main] INFO  com.test.automation.actions.WebActions - Clicked element: By.xpath: //button[normalize-space()='Log in']
05:34:06.645 [main] INFO  com.test.automation.actions.WebActions - Retrieved text: Logout
05:34:07.824 [main] INFO  com.test.automation.driver.DriverFactory - Quit driver instance
05:35:25.020 [TestNG-tests-1] INFO  com.test.automation.driver.DriverFactory - Created new chrome driver instance
05:35:25.049 [TestNG-tests-2] INFO  com.test.automation.driver.DriverFactory - Created new chrome driver instance
05:35:25.624 [TestNG-tests-2] INFO  com.test.automation.tests.BaseTest - Started test with URL...: https://askomdch.com/
05:35:27.713 [TestNG-tests-1] INFO  com.test.automation.tests.BaseTest - Started test with URL...: https://askomdch.com/
05:35:29.485 [TestNG-tests-2] INFO  com.test.automation.utils.CredentialsLoader - Retrieved Username... : rayroshn@gmail.com
05:35:29.485 [TestNG-tests-1] INFO  com.test.automation.utils.CredentialsLoader - Retrieved Username... : rayroshn@gmail.com
05:35:29.485 [TestNG-tests-2] INFO  com.test.automation.utils.CredentialsLoader - Retrieved Password... : JFRoaW5haXIzMjE=
05:35:29.485 [TestNG-tests-1] INFO  com.test.automation.utils.CredentialsLoader - Retrieved Password... : JFRoaW5haXIzMjE=
05:35:32.032 [TestNG-tests-1] INFO  com.test.automation.actions.WebActions - Clicked element: By.xpath: //li[@id='menu-item-1237']//a[@class='menu-link'][normalize-space()='Account']
05:35:32.079 [TestNG-tests-2] INFO  com.test.automation.actions.WebActions - Clicked element: By.xpath: //li[@id='menu-item-1237']//a[@class='menu-link'][normalize-space()='Account']
05:35:34.454 [TestNG-tests-1] INFO  com.test.automation.actions.WebActions - Clicked element: By.xpath: //button[normalize-space()='Log in']
05:35:34.455 [TestNG-tests-2] INFO  com.test.automation.actions.WebActions - Clicked element: By.xpath: //button[normalize-space()='Log in']
05:35:34.589 [TestNG-tests-2] INFO  com.test.automation.actions.WebActions - Retrieved text: Logout
05:35:35.496 [TestNG-tests-2] INFO  com.test.automation.driver.DriverFactory - Quit driver instance
05:35:37.367 [TestNG-tests-2] INFO  com.test.automation.driver.DriverFactory - Created new chrome driver instance
05:35:37.442 [TestNG-tests-1] INFO  com.test.automation.driver.DriverFactory - Quit driver instance
05:35:38.627 [TestNG-tests-2] INFO  com.test.automation.tests.BaseTest - Started test with URL...: https://askomdch.com/
05:35:39.370 [TestNG-tests-2] INFO  com.test.automation.actions.WebActions - Clicked element: By.xpath: //div[@class="main-navigation ast-inline-flex"]//ul[@id="ast-hf-menu-1"]//li//a[text() = 'Home']
05:35:40.217 [TestNG-tests-1] INFO  com.test.automation.driver.DriverFactory - Created new chrome driver instance
05:35:40.378 [TestNG-tests-2] INFO  com.test.automation.actions.WebActions - Clicked 'Add to Cart' button for product: Denim Blue Jeans
05:35:40.605 [TestNG-tests-1] INFO  com.test.automation.tests.BaseTest - Started test with URL...: https://askomdch.com/
05:35:41.887 [TestNG-tests-1] INFO  com.test.automation.actions.WebActions - Clicked element: By.xpath: //div[@class="main-navigation ast-inline-flex"]//ul[@id="ast-hf-menu-1"]//li//a[text() = 'Home']
05:35:42.132 [TestNG-tests-1] INFO  com.test.automation.actions.WebActions - Clicked 'Add to Cart' button for product: Denim Blue Jeans
05:35:42.554 [TestNG-tests-2] INFO  com.test.automation.driver.DriverFactory - Quit driver instance
05:35:42.694 [TestNG-tests-1] INFO  com.test.automation.driver.DriverFactory - Quit driver instance
05:36:34.577 [TestNG-tests-1] INFO  com.test.automation.driver.DriverFactory - Created new chrome driver instance
05:36:34.564 [TestNG-tests-2] INFO  com.test.automation.driver.DriverFactory - Created new chrome driver instance
05:36:36.331 [TestNG-tests-2] INFO  com.test.automation.tests.BaseTest - Started test with URL...: https://askomdch.com/
05:36:36.670 [TestNG-tests-1] INFO  com.test.automation.tests.BaseTest - Started test with URL...: https://askomdch.com/
05:36:38.736 [TestNG-tests-1] INFO  com.test.automation.utils.CredentialsLoader - Retrieved Username... : rayroshn@gmail.com
05:36:38.737 [TestNG-tests-1] INFO  com.test.automation.utils.CredentialsLoader - Retrieved Password... : JFRoaW5haXIzMjE=
05:36:38.765 [TestNG-tests-2] INFO  com.test.automation.utils.CredentialsLoader - Retrieved Username... : rayroshn@gmail.com
05:36:38.765 [TestNG-tests-2] INFO  com.test.automation.utils.CredentialsLoader - Retrieved Password... : JFRoaW5haXIzMjE=
05:36:41.022 [TestNG-tests-1] INFO  com.test.automation.actions.WebActions - Clicked element: By.xpath: //li[@id='menu-item-1237']//a[@class='menu-link'][normalize-space()='Account']
05:36:41.277 [TestNG-tests-2] INFO  com.test.automation.actions.WebActions - Clicked element: By.xpath: //li[@id='menu-item-1237']//a[@class='menu-link'][normalize-space()='Account']
05:36:44.114 [TestNG-tests-1] INFO  com.test.automation.actions.WebActions - Clicked element: By.xpath: //button[normalize-space()='Log in']
05:36:44.190 [TestNG-tests-2] INFO  com.test.automation.actions.WebActions - Clicked element: By.xpath: //button[normalize-space()='Log in']
05:36:44.423 [TestNG-tests-2] INFO  com.test.automation.actions.WebActions - Retrieved text: Logout
05:36:44.431 [TestNG-tests-1] INFO  com.test.automation.actions.WebActions - Retrieved text: Logout
05:36:45.596 [TestNG-tests-1] INFO  com.test.automation.driver.DriverFactory - Quit driver instance
05:36:47.428 [TestNG-tests-1] INFO  com.test.automation.driver.DriverFactory - Created new chrome driver instance
05:36:47.696 [TestNG-tests-2] INFO  com.test.automation.driver.DriverFactory - Quit driver instance
05:36:47.940 [TestNG-tests-1] INFO  com.test.automation.tests.BaseTest - Started test with URL...: https://askomdch.com/
05:36:49.177 [TestNG-tests-1] INFO  com.test.automation.actions.WebActions - Clicked element: By.xpath: //div[@class="main-navigation ast-inline-flex"]//ul[@id="ast-hf-menu-1"]//li//a[text() = 'Home']
05:36:49.430 [TestNG-tests-1] INFO  com.test.automation.actions.WebActions - Clicked 'Add to Cart' button for product: Denim Blue Jeans
05:36:50.490 [TestNG-tests-2] INFO  com.test.automation.driver.DriverFactory - Created new chrome driver instance
05:36:51.622 [TestNG-tests-2] INFO  com.test.automation.tests.BaseTest - Started test with URL...: https://askomdch.com/
05:36:51.744 [TestNG-tests-1] INFO  com.test.automation.driver.DriverFactory - Quit driver instance
05:36:52.123 [TestNG-tests-2] INFO  com.test.automation.actions.WebActions - Clicked element: By.xpath: //div[@class="main-navigation ast-inline-flex"]//ul[@id="ast-hf-menu-1"]//li//a[text() = 'Home']
05:36:52.337 [TestNG-tests-2] INFO  com.test.automation.actions.WebActions - Clicked 'Add to Cart' button for product: Denim Blue Jeans
05:36:52.598 [TestNG-tests-2] INFO  com.test.automation.driver.DriverFactory - Quit driver instance
05:39:13.291 [TestNG-tests-2] INFO  com.test.automation.driver.DriverFactory - Created new chrome driver instance
05:39:13.291 [TestNG-tests-1] INFO  com.test.automation.driver.DriverFactory - Created new chrome driver instance
05:39:15.700 [TestNG-tests-1] INFO  com.test.automation.tests.BaseTest - Started test with URL...: https://askomdch.com/
05:39:16.058 [TestNG-tests-2] INFO  com.test.automation.tests.BaseTest - Started test with URL...: https://askomdch.com/
05:39:17.562 [TestNG-tests-2] INFO  com.test.automation.utils.CredentialsLoader - Retrieved Username... : rayroshn@gmail.com
05:39:17.562 [TestNG-tests-1] INFO  com.test.automation.utils.CredentialsLoader - Retrieved Username... : rayroshn@gmail.com
05:39:17.562 [TestNG-tests-2] INFO  com.test.automation.utils.CredentialsLoader - Retrieved Password... : JFRoaW5haXIzMjE=
05:39:17.562 [TestNG-tests-1] INFO  com.test.automation.utils.CredentialsLoader - Retrieved Password... : JFRoaW5haXIzMjE=
05:39:19.421 [TestNG-tests-1] INFO  com.test.automation.actions.WebActions - Clicked element: By.xpath: //li[@id='menu-item-1237']//a[@class='menu-link'][normalize-space()='Account']
05:39:19.503 [TestNG-tests-2] INFO  com.test.automation.actions.WebActions - Clicked element: By.xpath: //li[@id='menu-item-1237']//a[@class='menu-link'][normalize-space()='Account']
05:39:21.537 [TestNG-tests-1] INFO  com.test.automation.actions.WebActions - Clicked element: By.xpath: //button[normalize-space()='Log in']
05:39:21.740 [TestNG-tests-2] INFO  com.test.automation.actions.WebActions - Clicked element: By.xpath: //button[normalize-space()='Log in']
05:39:21.772 [TestNG-tests-1] INFO  com.test.automation.actions.WebActions - Retrieved text: Logout
05:39:21.900 [TestNG-tests-2] INFO  com.test.automation.actions.WebActions - Retrieved text: Logout
05:39:22.261 [TestNG-tests-1] INFO  com.test.automation.driver.DriverFactory - Quit driver instance
05:39:22.415 [TestNG-tests-2] INFO  com.test.automation.driver.DriverFactory - Quit driver instance
05:39:25.039 [TestNG-tests-1] INFO  com.test.automation.driver.DriverFactory - Created new chrome driver instance
05:39:25.208 [TestNG-tests-2] INFO  com.test.automation.driver.DriverFactory - Created new chrome driver instance
05:39:25.526 [TestNG-tests-1] INFO  com.test.automation.tests.BaseTest - Started test with URL...: https://askomdch.com/
05:39:27.076 [TestNG-tests-2] INFO  com.test.automation.tests.BaseTest - Started test with URL...: https://askomdch.com/
05:39:27.367 [TestNG-tests-1] INFO  com.test.automation.actions.WebActions - Clicked element: By.xpath: //div[@class="main-navigation ast-inline-flex"]//ul[@id="ast-hf-menu-1"]//li//a[text() = 'Home']
05:39:27.722 [TestNG-tests-1] INFO  com.test.automation.actions.WebActions - Clicked 'Add to Cart' button for product: Denim Blue Jeans
05:39:27.773 [TestNG-tests-2] INFO  com.test.automation.actions.WebActions - Clicked element: By.xpath: //div[@class="main-navigation ast-inline-flex"]//ul[@id="ast-hf-menu-1"]//li//a[text() = 'Home']
05:39:28.016 [TestNG-tests-2] INFO  com.test.automation.actions.WebActions - Clicked 'Add to Cart' button for product: Denim Blue Jeans
05:39:28.415 [TestNG-tests-1] INFO  com.test.automation.driver.DriverFactory - Quit driver instance
05:39:28.451 [TestNG-tests-2] INFO  com.test.automation.driver.DriverFactory - Quit driver instance
05:40:50.217 [TestNG-tests-1] INFO  com.test.automation.driver.DriverFactory - Created new chrome driver instance
05:40:51.289 [TestNG-tests-1] INFO  com.test.automation.tests.BaseTest - Started test with URL...: https://askomdch.com/
05:40:53.115 [TestNG-tests-1] INFO  com.test.automation.utils.CredentialsLoader - Retrieved Username... : rayroshn@gmail.com
05:40:53.116 [TestNG-tests-1] INFO  com.test.automation.utils.CredentialsLoader - Retrieved Password... : JFRoaW5haXIzMjE=
05:40:54.331 [TestNG-tests-1] INFO  com.test.automation.actions.WebActions - Clicked element: By.xpath: //li[@id='menu-item-1237']//a[@class='menu-link'][normalize-space()='Account']
05:40:55.925 [TestNG-tests-1] INFO  com.test.automation.actions.WebActions - Clicked element: By.xpath: //button[normalize-space()='Log in']
05:40:56.075 [TestNG-tests-1] INFO  com.test.automation.actions.WebActions - Retrieved text: Logout
05:40:56.470 [TestNG-tests-1] INFO  com.test.automation.driver.DriverFactory - Quit driver instance
05:40:58.098 [TestNG-tests-1] INFO  com.test.automation.driver.DriverFactory - Created new chrome driver instance
05:40:59.193 [TestNG-tests-1] INFO  com.test.automation.tests.BaseTest - Started test with URL...: https://askomdch.com/
05:40:59.651 [TestNG-tests-1] INFO  com.test.automation.actions.WebActions - Clicked element: By.xpath: //div[@class="main-navigation ast-inline-flex"]//ul[@id="ast-hf-menu-1"]//li//a[text() = 'Home']
05:40:59.799 [TestNG-tests-1] INFO  com.test.automation.actions.WebActions - Clicked 'Add to Cart' button for product: Denim Blue Jeans
05:41:00.067 [TestNG-tests-1] INFO  com.test.automation.driver.DriverFactory - Quit driver instance
05:46:17.886 [TestNG-tests-1] INFO  com.test.automation.driver.DriverFactory - Created new chrome driver instance
05:46:19.076 [TestNG-tests-1] INFO  com.test.automation.tests.BaseTest - Started test with URL...: https://askomdch.com/
05:46:20.794 [TestNG-tests-1] INFO  com.test.automation.utils.CredentialsLoader - Retrieved Username... : rayroshn@gmail.com
05:46:20.794 [TestNG-tests-1] INFO  com.test.automation.utils.CredentialsLoader - Retrieved Password... : JFRoaW5haXIzMjE=
05:46:21.906 [TestNG-tests-1] INFO  com.test.automation.actions.WebActions - Clicked element: By.xpath: //li[@id='menu-item-1237']//a[@class='menu-link'][normalize-space()='Account']
05:46:23.512 [TestNG-tests-1] INFO  com.test.automation.actions.WebActions - Clicked element: By.xpath: //button[normalize-space()='Log in']
05:46:23.588 [TestNG-tests-1] INFO  com.test.automation.actions.WebActions - Retrieved text: Logout
05:46:24.081 [TestNG-tests-1] INFO  com.test.automation.driver.DriverFactory - Quit driver instance
05:46:25.866 [TestNG-tests-1] INFO  com.test.automation.driver.DriverFactory - Created new chrome driver instance
05:46:27.000 [TestNG-tests-1] INFO  com.test.automation.tests.BaseTest - Started test with URL...: https://askomdch.com/
05:46:27.351 [TestNG-tests-1] INFO  com.test.automation.actions.WebActions - Clicked element: By.xpath: //div[@class="main-navigation ast-inline-flex"]//ul[@id="ast-hf-menu-1"]//li//a[text() = 'Home']
05:46:27.542 [TestNG-tests-1] INFO  com.test.automation.actions.WebActions - Clicked 'Add to Cart' button for product: Denim Blue Jeans
05:46:27.846 [TestNG-tests-1] INFO  com.test.automation.driver.DriverFactory - Quit driver instance
05:48:10.518 [main] INFO  com.test.automation.driver.DriverFactory - Created new chrome driver instance
05:48:11.798 [main] INFO  com.test.automation.tests.BaseTest - Started test with URL...: https://askomdch.com/
05:48:13.244 [main] INFO  com.test.automation.utils.CredentialsLoader - Retrieved Username... : rayroshn@gmail.com
05:48:13.244 [main] INFO  com.test.automation.utils.CredentialsLoader - Retrieved Password... : JFRoaW5haXIzMjE=
05:48:14.317 [main] INFO  com.test.automation.actions.WebActions - Clicked element: By.xpath: //li[@id='menu-item-1237']//a[@class='menu-link'][normalize-space()='Account']
05:48:15.883 [main] INFO  com.test.automation.actions.WebActions - Clicked element: By.xpath: //button[normalize-space()='Log in']
05:48:15.969 [main] INFO  com.test.automation.actions.WebActions - Retrieved text: Logout
05:48:17.114 [main] INFO  com.test.automation.driver.DriverFactory - Quit driver instance
05:48:38.534 [main] INFO  com.test.automation.driver.DriverFactory - Created new chrome driver instance
05:48:39.625 [main] INFO  com.test.automation.tests.BaseTest - Started test with URL...: https://askomdch.com/
05:48:41.014 [main] INFO  com.test.automation.utils.CredentialsLoader - Retrieved Username... : rayroshn@gmail.com
05:48:41.014 [main] INFO  com.test.automation.utils.CredentialsLoader - Retrieved Password... : JFRoaW5haXIzMjE=
05:48:42.146 [main] INFO  com.test.automation.actions.WebActions - Clicked element: By.xpath: //li[@id='menu-item-1237']//a[@class='menu-link'][normalize-space()='Account']
05:48:43.648 [main] INFO  com.test.automation.actions.WebActions - Clicked element: By.xpath: //button[normalize-space()='Log in']
05:48:43.766 [main] INFO  com.test.automation.actions.WebActions - Retrieved text: Logout
05:48:44.710 [main] INFO  com.test.automation.driver.DriverFactory - Quit driver instance
06:01:56.407 [main] INFO  com.test.automation.driver.DriverFactory - Created new chrome driver instance
06:01:57.585 [main] INFO  com.test.automation.tests.BaseTest - Started test with URL...: https://askomdch.com/
06:01:58.938 [main] INFO  com.test.automation.utils.CredentialsLoader - Retrieved Username... : rayroshn@gmail.com
06:01:58.938 [main] INFO  com.test.automation.utils.CredentialsLoader - Retrieved Password... : JFRoaW5haXIzMjE=
06:02:00.492 [main] INFO  com.test.automation.actions.WebActions - Clicked element: By.xpath: //li[@id='menu-item-1237']//a[@class='menu-link'][normalize-space()='Account']
06:02:02.599 [main] INFO  com.test.automation.actions.WebActions - Clicked element: By.xpath: //button[normalize-space()='Log in']
06:02:02.740 [main] INFO  com.test.automation.actions.WebActions - Retrieved text: Logout
06:02:04.027 [main] INFO  com.test.automation.driver.DriverFactory - Quit driver instance
23:43:31.742 [main] INFO  com.test.automation.driver.DriverFactory - Created new chrome driver instance
23:43:44.728 [main] INFO  com.test.automation.tests.BaseTest - Started test with URL...: https://askomdch.com/
23:43:51.058 [main] INFO  com.test.automation.utils.CredentialsLoader - Retrieved Username... : rayroshn@gmail.com
23:43:51.059 [main] INFO  com.test.automation.utils.CredentialsLoader - Retrieved Password... : JFRoaW5haXIzMjE=
23:43:52.809 [main] INFO  com.test.automation.actions.WebActions - Clicked element: By.xpath: //li[@id='menu-item-1237']//a[@class='menu-link'][normalize-space()='Account']
23:43:55.165 [main] INFO  com.test.automation.actions.WebActions - Clicked element: By.xpath: //button[normalize-space()='Log in']
23:43:55.314 [main] INFO  com.test.automation.actions.WebActions - Retrieved text: Logout
23:43:56.787 [main] INFO  com.test.automation.driver.DriverFactory - Quit driver instance
23:51:30.851 [main] INFO  com.test.automation.driver.DriverFactory - Created new chrome driver instance
23:51:32.035 [main] INFO  com.test.automation.tests.BaseTest - Started test with URL...: https://askomdch.com/
23:51:32.652 [main] INFO  com.test.automation.tests.BaseTest - Started test with URL...: https://askomdch.com/
23:51:33.604 [main] INFO  com.test.automation.actions.WebActions - Clicked element: By.xpath: //div[@class="main-navigation ast-inline-flex"]//ul[@id="ast-hf-menu-1"]//li//a[text() = 'Home']
23:51:33.878 [main] INFO  com.test.automation.actions.WebActions - Clicked 'Add to Cart' button for product: Denim Blue Jeans
23:51:34.999 [main] INFO  com.test.automation.driver.DriverFactory - Quit driver instance
23:52:20.769 [main] INFO  com.test.automation.driver.DriverFactory - Created new chrome driver instance
23:52:23.684 [main] INFO  com.test.automation.tests.BaseTest - Started test with URL...: https://askomdch.com/
23:52:24.277 [main] INFO  com.test.automation.tests.BaseTest - Started test with URL...: https://askomdch.com/
23:52:25.090 [main] INFO  com.test.automation.actions.WebActions - Clicked element: By.xpath: //div[@class="main-navigation ast-inline-flex"]//ul[@id="ast-hf-menu-1"]//li//a[text() = 'Home']
23:52:25.267 [main] INFO  com.test.automation.actions.WebActions - Clicked 'Add to Cart' button for product: Denim Blue Jeans
23:52:26.202 [main] INFO  com.test.automation.driver.DriverFactory - Quit driver instance
23:52:45.934 [main] INFO  com.test.automation.driver.DriverFactory - Created new chrome driver instance
23:52:47.176 [main] INFO  com.test.automation.tests.BaseTest - Started test with URL...: https://askomdch.com/
23:52:47.747 [main] INFO  com.test.automation.tests.BaseTest - Started test with URL...: https://askomdch.com/
23:52:48.565 [main] INFO  com.test.automation.actions.WebActions - Clicked element: By.xpath: //div[@class="main-navigation ast-inline-flex"]//ul[@id="ast-hf-menu-1"]//li//a[text() = 'Home']
23:52:48.751 [main] INFO  com.test.automation.actions.WebActions - Clicked 'Add to Cart' button for product: Denim Blue Jeans
23:52:49.653 [main] INFO  com.test.automation.driver.DriverFactory - Quit driver instance
23:52:51.666 [main] INFO  com.test.automation.driver.DriverFactory - Created new chrome driver instance
23:52:52.772 [main] INFO  com.test.automation.tests.BaseTest - Started test with URL...: https://askomdch.com/
23:52:52.958 [main] INFO  com.test.automation.tests.BaseTest - Started test with URL...: https://askomdch.com/
23:52:53.389 [main] INFO  com.test.automation.actions.WebActions - Clicked element: By.xpath: //div[@class="main-navigation ast-inline-flex"]//ul[@id="ast-hf-menu-1"]//li//a[text() = 'Home']
23:52:53.570 [main] INFO  com.test.automation.actions.WebActions - Clicked 'Add to Cart' button for product: Denim Blue Jeans
23:52:54.334 [main] INFO  com.test.automation.driver.DriverFactory - Quit driver instance
23:53:35.611 [main] INFO  com.test.automation.driver.DriverFactory - Created new chrome driver instance
23:53:36.537 [main] INFO  com.test.automation.tests.BaseTest - Started test with URL...: https://askomdch.com/
23:53:37.145 [main] INFO  com.test.automation.tests.BaseTest - Started test with URL...: https://askomdch.com/
23:53:37.997 [main] INFO  com.test.automation.actions.WebActions - Clicked element: By.xpath: //div[@class="main-navigation ast-inline-flex"]//ul[@id="ast-hf-menu-1"]//li//a[text() = 'Home']
23:53:38.261 [main] INFO  com.test.automation.actions.WebActions - Clicked 'Add to Cart' button for product: Denim Blue Jeans
23:53:39.431 [main] INFO  com.test.automation.driver.DriverFactory - Quit driver instance
23:53:41.517 [main] INFO  com.test.automation.driver.DriverFactory - Created new chrome driver instance
23:53:42.477 [main] INFO  com.test.automation.tests.BaseTest - Started test with URL...: https://askomdch.com/
23:53:42.530 [main] ERROR com.test.automation.actions.WebActions - Failed to click element: By.xpath: //div[@class="main-navigation ast-inline-flex"]//ul[@id="ast-hf-menu-1"]//li//a[text() = 'Home']
org.openqa.selenium.NoSuchSessionException: Session ID is null. Using WebDriver after calling quit()?
Build info: version: '4.21.0', revision: '79ed462ef4'
System info: os.name: 'Windows 10', os.arch: 'amd64', os.version: '10.0', java.version: '11.0.4'
Driver info: org.openqa.selenium.chrome.ChromeDriver
Command: [null, findElement {value=//div[@class="main-navigation ast-inline-flex"]//ul[@id="ast-hf-menu-1"]//li//a[text() = 'Home'], using=xpath}]
Capabilities {acceptInsecureCerts: false, browserName: chrome, browserVersion: 130.0.6723.70, chrome: {chromedriverVersion: 130.0.6723.91 (53ac07678369..., userDataDir: C:\Users\Lenovo\AppData\Loc...}, fedcm:accounts: true, goog:chromeOptions: {debuggerAddress: localhost:64546}, networkConnectionEnabled: false, pageLoadStrategy: normal, platformName: windows, proxy: Proxy(), se:cdp: ws://localhost:64546/devtoo..., se:cdpVersion: 130.0.6723.70, setWindowRect: true, strictFileInteractability: false, timeouts: {implicit: 0, pageLoad: 300000, script: 30000}, unhandledPromptBehavior: dismiss and notify, webauthn:extension:credBlob: true, webauthn:extension:largeBlob: true, webauthn:extension:minPinLength: true, webauthn:extension:prf: true, webauthn:virtualAuthenticators: true}
	at org.openqa.selenium.remote.HttpCommandExecutor.execute(HttpCommandExecutor.java:151) ~[selenium-remote-driver-4.21.0.jar:?]
	at org.openqa.selenium.remote.service.DriverCommandExecutor.invokeExecute(DriverCommandExecutor.java:216) ~[selenium-remote-driver-4.21.0.jar:?]
	at org.openqa.selenium.remote.service.DriverCommandExecutor.execute(DriverCommandExecutor.java:174) ~[selenium-remote-driver-4.21.0.jar:?]
	at org.openqa.selenium.remote.RemoteWebDriver.execute(RemoteWebDriver.java:518) ~[selenium-remote-driver-4.21.0.jar:?]
	at org.openqa.selenium.remote.ElementLocation$ElementFinder$2.findElement(ElementLocation.java:165) ~[selenium-remote-driver-4.21.0.jar:?]
	at org.openqa.selenium.remote.ElementLocation.findElement(ElementLocation.java:59) ~[selenium-remote-driver-4.21.0.jar:?]
	at org.openqa.selenium.remote.RemoteWebDriver.findElement(RemoteWebDriver.java:355) ~[selenium-remote-driver-4.21.0.jar:?]
	at org.openqa.selenium.remote.RemoteWebDriver.findElement(RemoteWebDriver.java:349) ~[selenium-remote-driver-4.21.0.jar:?]
	at org.openqa.selenium.support.ui.ExpectedConditions$7.apply(ExpectedConditions.java:194) ~[selenium-support-4.21.0.jar:?]
	at org.openqa.selenium.support.ui.ExpectedConditions$7.apply(ExpectedConditions.java:190) ~[selenium-support-4.21.0.jar:?]
	at org.openqa.selenium.support.ui.ExpectedConditions$22.apply(ExpectedConditions.java:627) ~[selenium-support-4.21.0.jar:?]
	at org.openqa.selenium.support.ui.ExpectedConditions$22.apply(ExpectedConditions.java:624) ~[selenium-support-4.21.0.jar:?]
	at org.openqa.selenium.support.ui.FluentWait.until(FluentWait.java:203) ~[selenium-support-4.21.0.jar:?]
	at com.test.automation.actions.WebActions.click(WebActions.java:32) ~[classes/:?]
	at com.test.automation.pages.HomePage.addProductToCart(HomePage.java:19) ~[classes/:?]
	at com.test.automation.tests.HomePageTest.addProductTCart1(HomePageTest.java:38) ~[test-classes/:?]
	at java.base/jdk.internal.reflect.NativeMethodAccessorImpl.invoke0(Native Method) ~[?:?]
	at java.base/jdk.internal.reflect.NativeMethodAccessorImpl.invoke(NativeMethodAccessorImpl.java:62) ~[?:?]
	at java.base/jdk.internal.reflect.DelegatingMethodAccessorImpl.invoke(DelegatingMethodAccessorImpl.java:43) ~[?:?]
	at java.base/java.lang.reflect.Method.invoke(Method.java:566) ~[?:?]
	at org.testng.internal.invokers.MethodInvocationHelper.invokeMethod(MethodInvocationHelper.java:139) ~[testng-7.8.0.jar:7.8.0]
	at org.testng.internal.invokers.TestInvoker.invokeMethod(TestInvoker.java:664) ~[testng-7.8.0.jar:7.8.0]
	at org.testng.internal.invokers.TestInvoker.invokeTestMethod(TestInvoker.java:227) ~[testng-7.8.0.jar:7.8.0]
	at org.testng.internal.invokers.MethodRunner.runInSequence(MethodRunner.java:50) ~[testng-7.8.0.jar:7.8.0]
	at org.testng.internal.invokers.TestInvoker$MethodInvocationAgent.invoke(TestInvoker.java:957) ~[testng-7.8.0.jar:7.8.0]
	at org.testng.internal.invokers.TestInvoker.invokeTestMethods(TestInvoker.java:200) ~[testng-7.8.0.jar:7.8.0]
	at org.testng.internal.invokers.TestMethodWorker.invokeTestMethods(TestMethodWorker.java:148) ~[testng-7.8.0.jar:7.8.0]
	at org.testng.internal.invokers.TestMethodWorker.run(TestMethodWorker.java:128) ~[testng-7.8.0.jar:7.8.0]
	at java.base/java.util.ArrayList.forEach(ArrayList.java:1540) [?:?]
	at org.testng.TestRunner.privateRun(TestRunner.java:848) [testng-7.8.0.jar:?]
	at org.testng.TestRunner.run(TestRunner.java:621) [testng-7.8.0.jar:?]
	at org.testng.SuiteRunner.runTest(SuiteRunner.java:443) [testng-7.8.0.jar:?]
	at org.testng.SuiteRunner.runSequentially(SuiteRunner.java:437) [testng-7.8.0.jar:?]
	at org.testng.SuiteRunner.privateRun(SuiteRunner.java:397) [testng-7.8.0.jar:?]
	at org.testng.SuiteRunner.run(SuiteRunner.java:336) [testng-7.8.0.jar:?]
	at org.testng.SuiteRunnerWorker.runSuite(SuiteRunnerWorker.java:52) [testng-7.8.0.jar:?]
	at org.testng.SuiteRunnerWorker.run(SuiteRunnerWorker.java:95) [testng-7.8.0.jar:?]
	at org.testng.TestNG.runSuitesSequentially(TestNG.java:1280) [testng-7.8.0.jar:?]
	at org.testng.TestNG.runSuitesLocally(TestNG.java:1200) [testng-7.8.0.jar:?]
	at org.testng.TestNG.runSuites(TestNG.java:1114) [testng-7.8.0.jar:?]
	at org.testng.TestNG.run(TestNG.java:1082) [testng-7.8.0.jar:?]
	at org.testng.IDEARemoteTestNG.run(IDEARemoteTestNG.java:73) [testng-plugin.jar:?]
	at org.testng.RemoteTestNGStarter.main(RemoteTestNGStarter.java:123) [testng-plugin.jar:?]
23:53:43.615 [main] INFO  com.test.automation.driver.DriverFactory - Quit driver instance
00:02:11.617 [main] INFO  com.test.automation.driver.DriverFactory - Created new chrome driver instance
00:02:12.696 [main] INFO  com.test.automation.tests.BaseTest - Started test with URL...: https://askomdch.com/
00:02:13.921 [main] INFO  com.test.automation.actions.WebActions - Clicked element: By.xpath: //div[@class="main-navigation ast-inline-flex"]//ul[@id="ast-hf-menu-1"]//li//a[text() = 'Home']
00:02:14.124 [main] INFO  com.test.automation.actions.WebActions - Clicked 'Add to Cart' button for product: Denim Blue Jeans
00:02:15.204 [main] INFO  com.test.automation.driver.DriverFactory - Quit driver instance
00:03:01.542 [main] INFO  com.test.automation.driver.DriverFactory - Created new chrome driver instance
00:03:02.846 [main] INFO  com.test.automation.tests.BaseTest - Started test with URL...: https://askomdch.com/
00:03:04.135 [main] INFO  com.test.automation.actions.WebActions - Clicked element: By.xpath: //div[@class="main-navigation ast-inline-flex"]//ul[@id="ast-hf-menu-1"]//li//a[text() = 'Home']
00:03:04.465 [main] INFO  com.test.automation.actions.WebActions - Clicked 'Add to Cart' button for product: Denim Blue Jeans
00:03:06.491 [main] INFO  com.test.automation.driver.DriverFactory - Quit driver instance
00:03:46.034 [main] INFO  com.test.automation.driver.DriverFactory - Created new chrome driver instance
00:03:46.593 [main] INFO  com.test.automation.tests.BaseTest - Started test with URL...: https://askomdch.com/
00:03:48.348 [main] INFO  com.test.automation.actions.WebActions - Clicked element: By.xpath: //div[@class="main-navigation ast-inline-flex"]//ul[@id="ast-hf-menu-1"]//li//a[text() = 'Home']
00:03:48.730 [main] INFO  com.test.automation.actions.WebActions - Clicked 'Add to Cart' button for product: Denim Blue Jeans
00:03:50.112 [main] INFO  com.test.automation.driver.DriverFactory - Quit driver instance
00:03:52.349 [main] INFO  com.test.automation.driver.DriverFactory - Created new chrome driver instance
00:03:53.508 [main] INFO  com.test.automation.tests.BaseTest - Started test with URL...: https://askomdch.com/
00:03:53.830 [main] INFO  com.test.automation.actions.WebActions - Clicked element: By.xpath: //div[@class="main-navigation ast-inline-flex"]//ul[@id="ast-hf-menu-1"]//li//a[text() = 'Home']
00:03:54.019 [main] INFO  com.test.automation.actions.WebActions - Clicked 'Add to Cart' button for product: Denim Blue Jeans
00:03:54.928 [main] INFO  com.test.automation.driver.DriverFactory - Quit driver instance
00:08:33.198 [main] INFO  com.test.automation.driver.DriverFactory - Created new chrome driver instance
00:09:25.439 [main] INFO  com.test.automation.driver.DriverFactory - Created new chrome driver instance
00:09:26.705 [main] INFO  com.test.automation.tests.BaseTest - Started test with URL...: https://askomdch.com/
00:09:27.783 [main] INFO  com.test.automation.utils.CredentialsLoader - Retrieved Username... : rayroshn@gmail.com
00:09:27.784 [main] INFO  com.test.automation.utils.CredentialsLoader - Retrieved Password... : JFRoaW5haXIzMjE=
00:09:29.153 [main] INFO  com.test.automation.actions.WebActions - Clicked element: By.xpath: //li[@id='menu-item-1237']//a[@class='menu-link'][normalize-space()='Account']
00:09:31.300 [main] INFO  com.test.automation.actions.WebActions - Clicked element: By.xpath: //button[normalize-space()='Log in']
00:09:31.421 [main] INFO  com.test.automation.actions.WebActions - Retrieved text: Logout
00:09:32.677 [main] INFO  com.test.automation.driver.DriverFactory - Quit driver instance
00:14:25.225 [main] INFO  com.test.automation.driver.DriverFactory - Created new chrome driver instance
00:14:27.668 [main] INFO  com.test.automation.tests.BaseTest - Started test with URL...: https://askomdch.com/
00:14:28.718 [main] INFO  com.test.automation.utils.CredentialsLoader - Retrieved Username... : rayroshn@gmail.com
00:14:28.718 [main] INFO  com.test.automation.utils.CredentialsLoader - Retrieved Password... : JFRoaW5haXIzMjE=
00:14:28.721 [main] INFO  com.test.automation.tests.LoginTest - loader.getUsername() = rayroshn@gmail.com
00:14:30.576 [main] INFO  com.test.automation.actions.WebActions - Clicked element: By.xpath: //li[@id='menu-item-1237']//a[@class='menu-link'][normalize-space()='Account']
00:14:32.295 [main] INFO  com.test.automation.actions.WebActions - Clicked element: By.xpath: //button[normalize-space()='Log in']
00:14:32.371 [main] INFO  com.test.automation.actions.WebActions - Retrieved text: Logout
00:14:33.289 [main] INFO  com.test.automation.driver.DriverFactory - Quit driver instance
00:15:33.871 [TestNG-tests-2] INFO  com.test.automation.driver.DriverFactory - Created new chrome driver instance
00:15:33.880 [TestNG-tests-1] INFO  com.test.automation.driver.DriverFactory - Created new chrome driver instance
00:15:36.259 [TestNG-tests-1] INFO  com.test.automation.tests.BaseTest - Started test with URL...: https://askomdch.com/
00:15:36.452 [TestNG-tests-2] INFO  com.test.automation.tests.BaseTest - Started test with URL...: https://askomdch.com/
00:15:37.573 [TestNG-tests-1] INFO  com.test.automation.utils.CredentialsLoader - Retrieved Username... : rayroshn@gmail.com
00:15:37.573 [TestNG-tests-1] INFO  com.test.automation.utils.CredentialsLoader - Retrieved Password... : JFRoaW5haXIzMjE=
00:15:37.574 [TestNG-tests-2] INFO  com.test.automation.utils.CredentialsLoader - Retrieved Username... : rayroshn@gmail.com
00:15:37.575 [TestNG-tests-2] INFO  com.test.automation.utils.CredentialsLoader - Retrieved Password... : JFRoaW5haXIzMjE=
00:15:37.576 [TestNG-tests-1] INFO  com.test.automation.tests.LoginTest - loader.getUsername() = rayroshn@gmail.com
00:15:37.576 [TestNG-tests-2] INFO  com.test.automation.tests.LoginTest - loader.getUsername() = rayroshn@gmail.com
00:15:39.869 [TestNG-tests-2] INFO  com.test.automation.actions.WebActions - Clicked element: By.xpath: //li[@id='menu-item-1237']//a[@class='menu-link'][normalize-space()='Account']
00:15:40.194 [TestNG-tests-1] INFO  com.test.automation.actions.WebActions - Clicked element: By.xpath: //li[@id='menu-item-1237']//a[@class='menu-link'][normalize-space()='Account']
00:15:42.063 [TestNG-tests-2] INFO  com.test.automation.actions.WebActions - Clicked element: By.xpath: //button[normalize-space()='Log in']
00:15:42.153 [TestNG-tests-2] INFO  com.test.automation.actions.WebActions - Retrieved text: Logout
00:15:42.662 [TestNG-tests-2] INFO  com.test.automation.driver.DriverFactory - Quit driver instance
00:15:42.724 [TestNG-tests-1] INFO  com.test.automation.actions.WebActions - Clicked element: By.xpath: //button[normalize-space()='Log in']
00:15:42.799 [TestNG-tests-1] INFO  com.test.automation.actions.WebActions - Retrieved text: Logout
00:15:43.195 [TestNG-tests-1] INFO  com.test.automation.driver.DriverFactory - Quit driver instance
00:15:44.928 [TestNG-tests-2] INFO  com.test.automation.driver.DriverFactory - Created new chrome driver instance
00:15:46.689 [TestNG-tests-1] INFO  com.test.automation.driver.DriverFactory - Created new chrome driver instance
00:15:46.881 [TestNG-tests-2] INFO  com.test.automation.tests.BaseTest - Started test with URL...: https://askomdch.com/
00:15:47.672 [TestNG-tests-2] INFO  com.test.automation.actions.WebActions - Clicked element: By.xpath: //div[@class="main-navigation ast-inline-flex"]//ul[@id="ast-hf-menu-1"]//li//a[text() = 'Home']
00:15:48.093 [TestNG-tests-1] INFO  com.test.automation.tests.BaseTest - Started test with URL...: https://askomdch.com/
00:15:48.524 [TestNG-tests-2] INFO  com.test.automation.actions.WebActions - Clicked 'Add to Cart' button for product: Denim Blue Jeans
00:15:48.878 [TestNG-tests-1] INFO  com.test.automation.actions.WebActions - Clicked element: By.xpath: //div[@class="main-navigation ast-inline-flex"]//ul[@id="ast-hf-menu-1"]//li//a[text() = 'Home']
00:15:49.306 [TestNG-tests-1] INFO  com.test.automation.actions.WebActions - Clicked 'Add to Cart' button for product: Denim Blue Jeans
00:15:50.272 [TestNG-tests-1] INFO  com.test.automation.driver.DriverFactory - Quit driver instance
00:15:50.420 [TestNG-tests-2] INFO  com.test.automation.driver.DriverFactory - Quit driver instance
00:15:54.099 [TestNG-tests-2] INFO  com.test.automation.driver.DriverFactory - Created new chrome driver instance
00:15:54.099 [TestNG-tests-1] INFO  com.test.automation.driver.DriverFactory - Created new chrome driver instance
00:15:54.748 [TestNG-tests-1] INFO  com.test.automation.tests.BaseTest - Started test with URL...: https://askomdch.com/
00:15:56.411 [TestNG-tests-2] INFO  com.test.automation.tests.BaseTest - Started test with URL...: https://askomdch.com/
00:15:57.052 [TestNG-tests-2] INFO  com.test.automation.actions.WebActions - Clicked element: By.xpath: //div[@class="main-navigation ast-inline-flex"]//ul[@id="ast-hf-menu-1"]//li//a[text() = 'Home']
00:15:57.083 [TestNG-tests-1] INFO  com.test.automation.actions.WebActions - Clicked element: By.xpath: //div[@class="main-navigation ast-inline-flex"]//ul[@id="ast-hf-menu-1"]//li//a[text() = 'Home']
00:15:57.540 [TestNG-tests-2] INFO  com.test.automation.actions.WebActions - Clicked 'Add to Cart' button for product: Denim Blue Jeans
00:15:57.636 [TestNG-tests-1] INFO  com.test.automation.actions.WebActions - Clicked 'Add to Cart' button for product: Denim Blue Jeans
00:15:58.262 [TestNG-tests-1] INFO  com.test.automation.driver.DriverFactory - Quit driver instance
00:15:58.297 [TestNG-tests-2] INFO  com.test.automation.driver.DriverFactory - Quit driver instance
00:16:45.033 [TestNG-test=Chrome Tests-2] INFO  com.test.automation.driver.DriverFactory - Created new chrome driver instance
00:16:45.224 [TestNG-test=Chrome Tests-1] INFO  com.test.automation.driver.DriverFactory - Created new chrome driver instance
00:16:45.605 [TestNG-test=Chrome Tests-3] INFO  com.test.automation.driver.DriverFactory - Created new chrome driver instance
00:16:47.075 [TestNG-test=Chrome Tests-2] INFO  com.test.automation.tests.BaseTest - Started test with URL...: https://askomdch.com/
00:16:48.076 [TestNG-test=Chrome Tests-1] INFO  com.test.automation.tests.BaseTest - Started test with URL...: https://askomdch.com/
00:16:48.405 [TestNG-test=Chrome Tests-3] INFO  com.test.automation.tests.BaseTest - Started test with URL...: https://askomdch.com/
00:16:50.689 [TestNG-test=Chrome Tests-2] INFO  com.test.automation.actions.WebActions - Clicked element: By.xpath: //div[@class="main-navigation ast-inline-flex"]//ul[@id="ast-hf-menu-1"]//li//a[text() = 'Home']
00:16:50.863 [TestNG-test=Chrome Tests-3] ERROR com.test.automation.actions.WebActions - Failed to click element: By.xpath: //div[@class="main-navigation ast-inline-flex"]//ul[@id="ast-hf-menu-1"]//li//a[text() = 'Home']
org.openqa.selenium.StaleElementReferenceException: stale element reference: stale element not found
  (Session info: chrome=130.0.6723.70)
For documentation on this error, please visit: https://www.selenium.dev/documentation/webdriver/troubleshooting/errors#stale-element-reference-exception
Build info: version: '4.21.0', revision: '79ed462ef4'
System info: os.name: 'Windows 10', os.arch: 'amd64', os.version: '10.0', java.version: '17.0.9'
Driver info: org.openqa.selenium.chrome.ChromeDriver
Command: [fcba603c5505d4d38cf3ef428765c990, clickElement {id=f.FCEA28589E078F6E28F087C79BEAA83A.d.C5D45220B7BF11A3104E7647F9DA2A1B.e.15}]
Capabilities {acceptInsecureCerts: false, browserName: chrome, browserVersion: 130.0.6723.70, chrome: {chromedriverVersion: 130.0.6723.91 (53ac07678369..., userDataDir: C:\Users\Lenovo\AppData\Loc...}, fedcm:accounts: true, goog:chromeOptions: {debuggerAddress: localhost:65505}, networkConnectionEnabled: false, pageLoadStrategy: normal, platformName: windows, proxy: Proxy(), se:cdp: ws://localhost:65505/devtoo..., se:cdpVersion: 130.0.6723.70, setWindowRect: true, strictFileInteractability: false, timeouts: {implicit: 0, pageLoad: 300000, script: 30000}, unhandledPromptBehavior: dismiss and notify, webauthn:extension:credBlob: true, webauthn:extension:largeBlob: true, webauthn:extension:minPinLength: true, webauthn:extension:prf: true, webauthn:virtualAuthenticators: true}
Element: [[ChromeDriver: chrome on windows (fcba603c5505d4d38cf3ef428765c990)] -> xpath: //div[@class="main-navigation ast-inline-flex"]//ul[@id="ast-hf-menu-1"]//li//a[text() = 'Home']]
Session ID: fcba603c5505d4d38cf3ef428765c990
	at java.base/jdk.internal.reflect.NativeConstructorAccessorImpl.newInstance0(Native Method) ~[?:?]
	at java.base/jdk.internal.reflect.NativeConstructorAccessorImpl.newInstance(NativeConstructorAccessorImpl.java:77) ~[?:?]
	at java.base/jdk.internal.reflect.DelegatingConstructorAccessorImpl.newInstance(DelegatingConstructorAccessorImpl.java:45) ~[?:?]
	at java.base/java.lang.reflect.Constructor.newInstanceWithCaller(Constructor.java:499) ~[?:?]
	at java.base/java.lang.reflect.Constructor.newInstance(Constructor.java:480) ~[?:?]
	at org.openqa.selenium.remote.ErrorCodec.decode(ErrorCodec.java:167) ~[selenium-remote-driver-4.21.0.jar:?]
	at org.openqa.selenium.remote.codec.w3c.W3CHttpResponseCodec.decode(W3CHttpResponseCodec.java:138) ~[selenium-remote-driver-4.21.0.jar:?]
	at org.openqa.selenium.remote.codec.w3c.W3CHttpResponseCodec.decode(W3CHttpResponseCodec.java:50) ~[selenium-remote-driver-4.21.0.jar:?]
	at org.openqa.selenium.remote.HttpCommandExecutor.execute(HttpCommandExecutor.java:190) ~[selenium-remote-driver-4.21.0.jar:?]
	at org.openqa.selenium.remote.service.DriverCommandExecutor.invokeExecute(DriverCommandExecutor.java:216) ~[selenium-remote-driver-4.21.0.jar:?]
	at org.openqa.selenium.remote.service.DriverCommandExecutor.execute(DriverCommandExecutor.java:174) ~[selenium-remote-driver-4.21.0.jar:?]
	at org.openqa.selenium.remote.RemoteWebDriver.execute(RemoteWebDriver.java:518) ~[selenium-remote-driver-4.21.0.jar:?]
	at org.openqa.selenium.remote.RemoteWebElement.execute(RemoteWebElement.java:223) ~[selenium-remote-driver-4.21.0.jar:?]
	at org.openqa.selenium.remote.RemoteWebElement.click(RemoteWebElement.java:76) ~[selenium-remote-driver-4.21.0.jar:?]
	at com.test.automation.actions.WebActions.click(WebActions.java:33) [classes/:?]
	at com.test.automation.pages.HomePage.addProductToCart(HomePage.java:19) [classes/:?]
	at com.test.automation.tests.HomePageTest.addProductTCart1(HomePageTest.java:26) [test-classes/:?]
	at java.base/jdk.internal.reflect.NativeMethodAccessorImpl.invoke0(Native Method) ~[?:?]
	at java.base/jdk.internal.reflect.NativeMethodAccessorImpl.invoke(NativeMethodAccessorImpl.java:77) ~[?:?]
	at java.base/jdk.internal.reflect.DelegatingMethodAccessorImpl.invoke(DelegatingMethodAccessorImpl.java:43) ~[?:?]
	at java.base/java.lang.reflect.Method.invoke(Method.java:568) ~[?:?]
	at org.testng.internal.invokers.MethodInvocationHelper.invokeMethod(MethodInvocationHelper.java:139) [testng-7.8.0.jar:7.8.0]
	at org.testng.internal.invokers.TestInvoker.invokeMethod(TestInvoker.java:664) [testng-7.8.0.jar:7.8.0]
	at org.testng.internal.invokers.TestInvoker.invokeTestMethod(TestInvoker.java:227) [testng-7.8.0.jar:7.8.0]
	at org.testng.internal.invokers.MethodRunner.runInSequence(MethodRunner.java:50) [testng-7.8.0.jar:7.8.0]
	at org.testng.internal.invokers.TestInvoker$MethodInvocationAgent.invoke(TestInvoker.java:957) [testng-7.8.0.jar:7.8.0]
	at org.testng.internal.invokers.TestInvoker.invokeTestMethods(TestInvoker.java:200) [testng-7.8.0.jar:7.8.0]
	at org.testng.internal.invokers.TestMethodWorker.invokeTestMethods(TestMethodWorker.java:148) [testng-7.8.0.jar:7.8.0]
	at org.testng.internal.invokers.TestMethodWorker.run(TestMethodWorker.java:128) [testng-7.8.0.jar:7.8.0]
	at java.base/java.util.concurrent.ThreadPoolExecutor.runWorker(ThreadPoolExecutor.java:1136) [?:?]
	at java.base/java.util.concurrent.ThreadPoolExecutor$Worker.run(ThreadPoolExecutor.java:635) [?:?]
	at java.base/java.lang.Thread.run(Thread.java:842) [?:?]
00:16:51.385 [TestNG-test=Chrome Tests-1] INFO  com.test.automation.utils.CredentialsLoader - Retrieved Username... : rayroshn@gmail.com
00:16:51.385 [TestNG-test=Chrome Tests-1] INFO  com.test.automation.utils.CredentialsLoader - Retrieved Password... : JFRoaW5haXIzMjE=
00:16:51.388 [TestNG-test=Chrome Tests-1] INFO  com.test.automation.tests.LoginTest - loader.getUsername() = rayroshn@gmail.com
00:16:52.652 [TestNG-test=Chrome Tests-1] INFO  com.test.automation.actions.WebActions - Clicked element: By.xpath: //li[@id='menu-item-1237']//a[@class='menu-link'][normalize-space()='Account']
00:16:53.938 [TestNG-test=Chrome Tests-3] INFO  com.test.automation.driver.DriverFactory - Quit driver instance
00:16:54.726 [TestNG-test=Chrome Tests-1] INFO  com.test.automation.actions.WebActions - Clicked element: By.xpath: //button[normalize-space()='Log in']
00:16:54.829 [TestNG-test=Chrome Tests-1] INFO  com.test.automation.actions.WebActions - Retrieved text: Logout
00:16:55.428 [TestNG-test=Chrome Tests-1] INFO  com.test.automation.driver.DriverFactory - Quit driver instance
00:19:51.163 [TestNG-test=Chrome Tests-2] ERROR com.test.automation.actions.WebActions - Failed to click 'Add to Cart' button for product: Denim Blue Jeans
org.openqa.selenium.TimeoutException: java.util.concurrent.TimeoutException
Build info: version: '4.21.0', revision: '79ed462ef4'
System info: os.name: 'Windows 10', os.arch: 'amd64', os.version: '10.0', java.version: '17.0.9'
Driver info: org.openqa.selenium.chrome.ChromeDriver
Command: [fcba603c5505d4d38cf3ef428765c990, isElementDisplayed {id=f.FCEA28589E078F6E28F087C79BEAA83A.d.E82BDFF5017AC26B0587BBD04C92E761.e.86}]
Capabilities {acceptInsecureCerts: false, browserName: chrome, browserVersion: 130.0.6723.70, chrome: {chromedriverVersion: 130.0.6723.91 (53ac07678369..., userDataDir: C:\Users\Lenovo\AppData\Loc...}, fedcm:accounts: true, goog:chromeOptions: {debuggerAddress: localhost:65505}, networkConnectionEnabled: false, pageLoadStrategy: normal, platformName: windows, proxy: Proxy(), se:cdp: ws://localhost:65505/devtoo..., se:cdpVersion: 130.0.6723.70, setWindowRect: true, strictFileInteractability: false, timeouts: {implicit: 0, pageLoad: 300000, script: 30000}, unhandledPromptBehavior: dismiss and notify, webauthn:extension:credBlob: true, webauthn:extension:largeBlob: true, webauthn:extension:minPinLength: true, webauthn:extension:prf: true, webauthn:virtualAuthenticators: true}
Element: [[ChromeDriver: chrome on windows (fcba603c5505d4d38cf3ef428765c990)] -> xpath: //h2[text()='Denim Blue Jeans']/ancestor::div[contains(@class, 'astra-shop-summary-wrap')]//a[contains(@class, 'add_to_cart_button')]]
	at org.openqa.selenium.remote.http.jdk.JdkHttpClient.execute0(JdkHttpClient.java:399) ~[selenium-http-4.21.0.jar:?]
	at org.openqa.selenium.remote.http.AddSeleniumUserAgent.lambda$apply$0(AddSeleniumUserAgent.java:42) ~[selenium-http-4.21.0.jar:?]
	at org.openqa.selenium.remote.http.Filter.lambda$andFinally$1(Filter.java:55) ~[selenium-http-4.21.0.jar:?]
	at org.openqa.selenium.remote.http.jdk.JdkHttpClient.execute(JdkHttpClient.java:355) ~[selenium-http-4.21.0.jar:?]
	at org.openqa.selenium.remote.HttpCommandExecutor.execute(HttpCommandExecutor.java:187) ~[selenium-remote-driver-4.21.0.jar:?]
	at org.openqa.selenium.remote.service.DriverCommandExecutor.invokeExecute(DriverCommandExecutor.java:216) ~[selenium-remote-driver-4.21.0.jar:?]
	at org.openqa.selenium.remote.service.DriverCommandExecutor.execute(DriverCommandExecutor.java:174) ~[selenium-remote-driver-4.21.0.jar:?]
	at org.openqa.selenium.remote.RemoteWebDriver.execute(RemoteWebDriver.java:518) ~[selenium-remote-driver-4.21.0.jar:?]
	at org.openqa.selenium.remote.RemoteWebElement.execute(RemoteWebElement.java:223) ~[selenium-remote-driver-4.21.0.jar:?]
	at org.openqa.selenium.remote.RemoteWebElement.isDisplayed(RemoteWebElement.java:282) ~[selenium-remote-driver-4.21.0.jar:?]
	at org.openqa.selenium.support.ui.ExpectedConditions.elementIfVisible(ExpectedConditions.java:304) ~[selenium-support-4.21.0.jar:?]
	at org.openqa.selenium.support.ui.ExpectedConditions$7.apply(ExpectedConditions.java:194) ~[selenium-support-4.21.0.jar:?]
	at org.openqa.selenium.support.ui.ExpectedConditions$7.apply(ExpectedConditions.java:190) ~[selenium-support-4.21.0.jar:?]
	at org.openqa.selenium.support.ui.ExpectedConditions$22.apply(ExpectedConditions.java:627) ~[selenium-support-4.21.0.jar:?]
	at org.openqa.selenium.support.ui.ExpectedConditions$22.apply(ExpectedConditions.java:624) ~[selenium-support-4.21.0.jar:?]
	at org.openqa.selenium.support.ui.FluentWait.until(FluentWait.java:203) ~[selenium-support-4.21.0.jar:?]
	at com.test.automation.actions.WebActions.click(WebActions.java:61) [classes/:?]
	at com.test.automation.pages.HomePage.addProductToCart(HomePage.java:20) [classes/:?]
	at com.test.automation.tests.HomePageTest.addProductTCart(HomePageTest.java:17) [test-classes/:?]
	at java.base/jdk.internal.reflect.NativeMethodAccessorImpl.invoke0(Native Method) ~[?:?]
	at java.base/jdk.internal.reflect.NativeMethodAccessorImpl.invoke(NativeMethodAccessorImpl.java:77) ~[?:?]
	at java.base/jdk.internal.reflect.DelegatingMethodAccessorImpl.invoke(DelegatingMethodAccessorImpl.java:43) ~[?:?]
	at java.base/java.lang.reflect.Method.invoke(Method.java:568) ~[?:?]
	at org.testng.internal.invokers.MethodInvocationHelper.invokeMethod(MethodInvocationHelper.java:139) [testng-7.8.0.jar:7.8.0]
	at org.testng.internal.invokers.TestInvoker.invokeMethod(TestInvoker.java:664) [testng-7.8.0.jar:7.8.0]
	at org.testng.internal.invokers.TestInvoker.invokeTestMethod(TestInvoker.java:227) [testng-7.8.0.jar:7.8.0]
	at org.testng.internal.invokers.MethodRunner.runInSequence(MethodRunner.java:50) [testng-7.8.0.jar:7.8.0]
	at org.testng.internal.invokers.TestInvoker$MethodInvocationAgent.invoke(TestInvoker.java:957) [testng-7.8.0.jar:7.8.0]
	at org.testng.internal.invokers.TestInvoker.invokeTestMethods(TestInvoker.java:200) [testng-7.8.0.jar:7.8.0]
	at org.testng.internal.invokers.TestMethodWorker.invokeTestMethods(TestMethodWorker.java:148) [testng-7.8.0.jar:7.8.0]
	at org.testng.internal.invokers.TestMethodWorker.run(TestMethodWorker.java:128) [testng-7.8.0.jar:7.8.0]
	at java.base/java.util.concurrent.ThreadPoolExecutor.runWorker(ThreadPoolExecutor.java:1136) [?:?]
	at java.base/java.util.concurrent.ThreadPoolExecutor$Worker.run(ThreadPoolExecutor.java:635) [?:?]
	at java.base/java.lang.Thread.run(Thread.java:842) [?:?]
Caused by: java.util.concurrent.TimeoutException
	at java.base/java.util.concurrent.CompletableFuture.timedGet(CompletableFuture.java:1960) ~[?:?]
	at java.base/java.util.concurrent.CompletableFuture.get(CompletableFuture.java:2095) ~[?:?]
	at org.openqa.selenium.remote.http.jdk.JdkHttpClient.execute0(JdkHttpClient.java:382) ~[selenium-http-4.21.0.jar:?]
	... 33 more
00:19:51.612 [TestNG-test=Chrome Tests-2] INFO  com.test.automation.driver.DriverFactory - Quit driver instance
00:19:55.338 [TestNG-test=Firefox Tests-2] INFO  com.test.automation.driver.DriverFactory - Created new chrome driver instance
00:19:55.388 [TestNG-test=Firefox Tests-3] INFO  com.test.automation.driver.DriverFactory - Created new chrome driver instance
00:19:56.888 [TestNG-test=Firefox Tests-2] INFO  com.test.automation.tests.BaseTest - Started test with URL...: https://askomdch.com/
00:19:56.891 [TestNG-test=Firefox Tests-3] INFO  com.test.automation.tests.BaseTest - Started test with URL...: https://askomdch.com/
00:19:58.027 [TestNG-test=Firefox Tests-2] INFO  com.test.automation.actions.WebActions - Clicked element: By.xpath: //div[@class="main-navigation ast-inline-flex"]//ul[@id="ast-hf-menu-1"]//li//a[text() = 'Home']
00:19:58.302 [TestNG-test=Firefox Tests-3] ERROR com.test.automation.actions.WebActions - Failed to click element: By.xpath: //div[@class="main-navigation ast-inline-flex"]//ul[@id="ast-hf-menu-1"]//li//a[text() = 'Home']
org.openqa.selenium.StaleElementReferenceException: stale element reference: stale element not found
  (Session info: chrome=130.0.6723.70)
For documentation on this error, please visit: https://www.selenium.dev/documentation/webdriver/troubleshooting/errors#stale-element-reference-exception
Build info: version: '4.21.0', revision: '79ed462ef4'
System info: os.name: 'Windows 10', os.arch: 'amd64', os.version: '10.0', java.version: '17.0.9'
Driver info: org.openqa.selenium.chrome.ChromeDriver
Command: [0fc4343d1c0db4130d94b674262a7cd0, clickElement {id=f.53221B028A5367D6FBA2DA7A34AE6E63.d.5B9CF287CBE7E56217339C4056CC08BF.e.13}]
Capabilities {acceptInsecureCerts: false, browserName: chrome, browserVersion: 130.0.6723.70, chrome: {chromedriverVersion: 130.0.6723.91 (53ac07678369..., userDataDir: C:\Users\Lenovo\AppData\Loc...}, fedcm:accounts: true, goog:chromeOptions: {debuggerAddress: localhost:49529}, networkConnectionEnabled: false, pageLoadStrategy: normal, platformName: windows, proxy: Proxy(), se:cdp: ws://localhost:49529/devtoo..., se:cdpVersion: 130.0.6723.70, setWindowRect: true, strictFileInteractability: false, timeouts: {implicit: 0, pageLoad: 300000, script: 30000}, unhandledPromptBehavior: dismiss and notify, webauthn:extension:credBlob: true, webauthn:extension:largeBlob: true, webauthn:extension:minPinLength: true, webauthn:extension:prf: true, webauthn:virtualAuthenticators: true}
Element: [[ChromeDriver: chrome on windows (0fc4343d1c0db4130d94b674262a7cd0)] -> xpath: //div[@class="main-navigation ast-inline-flex"]//ul[@id="ast-hf-menu-1"]//li//a[text() = 'Home']]
Session ID: 0fc4343d1c0db4130d94b674262a7cd0
	at java.base/jdk.internal.reflect.NativeConstructorAccessorImpl.newInstance0(Native Method) ~[?:?]
	at java.base/jdk.internal.reflect.NativeConstructorAccessorImpl.newInstance(NativeConstructorAccessorImpl.java:77) ~[?:?]
	at java.base/jdk.internal.reflect.DelegatingConstructorAccessorImpl.newInstance(DelegatingConstructorAccessorImpl.java:45) ~[?:?]
	at java.base/java.lang.reflect.Constructor.newInstanceWithCaller(Constructor.java:499) ~[?:?]
	at java.base/java.lang.reflect.Constructor.newInstance(Constructor.java:480) ~[?:?]
	at org.openqa.selenium.remote.ErrorCodec.decode(ErrorCodec.java:167) ~[selenium-remote-driver-4.21.0.jar:?]
	at org.openqa.selenium.remote.codec.w3c.W3CHttpResponseCodec.decode(W3CHttpResponseCodec.java:138) ~[selenium-remote-driver-4.21.0.jar:?]
	at org.openqa.selenium.remote.codec.w3c.W3CHttpResponseCodec.decode(W3CHttpResponseCodec.java:50) ~[selenium-remote-driver-4.21.0.jar:?]
	at org.openqa.selenium.remote.HttpCommandExecutor.execute(HttpCommandExecutor.java:190) ~[selenium-remote-driver-4.21.0.jar:?]
	at org.openqa.selenium.remote.service.DriverCommandExecutor.invokeExecute(DriverCommandExecutor.java:216) ~[selenium-remote-driver-4.21.0.jar:?]
	at org.openqa.selenium.remote.service.DriverCommandExecutor.execute(DriverCommandExecutor.java:174) ~[selenium-remote-driver-4.21.0.jar:?]
	at org.openqa.selenium.remote.RemoteWebDriver.execute(RemoteWebDriver.java:518) ~[selenium-remote-driver-4.21.0.jar:?]
	at org.openqa.selenium.remote.RemoteWebElement.execute(RemoteWebElement.java:223) ~[selenium-remote-driver-4.21.0.jar:?]
	at org.openqa.selenium.remote.RemoteWebElement.click(RemoteWebElement.java:76) ~[selenium-remote-driver-4.21.0.jar:?]
	at com.test.automation.actions.WebActions.click(WebActions.java:33) [classes/:?]
	at com.test.automation.pages.HomePage.addProductToCart(HomePage.java:19) [classes/:?]
	at com.test.automation.tests.HomePageTest.addProductTCart1(HomePageTest.java:26) [test-classes/:?]
	at java.base/jdk.internal.reflect.NativeMethodAccessorImpl.invoke0(Native Method) ~[?:?]
	at java.base/jdk.internal.reflect.NativeMethodAccessorImpl.invoke(NativeMethodAccessorImpl.java:77) ~[?:?]
	at java.base/jdk.internal.reflect.DelegatingMethodAccessorImpl.invoke(DelegatingMethodAccessorImpl.java:43) ~[?:?]
	at java.base/java.lang.reflect.Method.invoke(Method.java:568) ~[?:?]
	at org.testng.internal.invokers.MethodInvocationHelper.invokeMethod(MethodInvocationHelper.java:139) [testng-7.8.0.jar:7.8.0]
	at org.testng.internal.invokers.TestInvoker.invokeMethod(TestInvoker.java:664) [testng-7.8.0.jar:7.8.0]
	at org.testng.internal.invokers.TestInvoker.invokeTestMethod(TestInvoker.java:227) [testng-7.8.0.jar:7.8.0]
	at org.testng.internal.invokers.MethodRunner.runInSequence(MethodRunner.java:50) [testng-7.8.0.jar:7.8.0]
	at org.testng.internal.invokers.TestInvoker$MethodInvocationAgent.invoke(TestInvoker.java:957) [testng-7.8.0.jar:7.8.0]
	at org.testng.internal.invokers.TestInvoker.invokeTestMethods(TestInvoker.java:200) [testng-7.8.0.jar:7.8.0]
	at org.testng.internal.invokers.TestMethodWorker.invokeTestMethods(TestMethodWorker.java:148) [testng-7.8.0.jar:7.8.0]
	at org.testng.internal.invokers.TestMethodWorker.run(TestMethodWorker.java:128) [testng-7.8.0.jar:7.8.0]
	at java.base/java.util.concurrent.ThreadPoolExecutor.runWorker(ThreadPoolExecutor.java:1136) [?:?]
	at java.base/java.util.concurrent.ThreadPoolExecutor$Worker.run(ThreadPoolExecutor.java:635) [?:?]
	at java.base/java.lang.Thread.run(Thread.java:842) [?:?]
00:19:58.774 [TestNG-test=Firefox Tests-1] INFO  com.test.automation.driver.DriverFactory - Created new chrome driver instance
00:19:59.972 [TestNG-test=Firefox Tests-1] INFO  com.test.automation.tests.BaseTest - Started test with URL...: https://askomdch.com/
00:19:59.990 [TestNG-test=Firefox Tests-1] INFO  com.test.automation.utils.CredentialsLoader - Retrieved Username... : rayroshn@gmail.com
00:19:59.990 [TestNG-test=Firefox Tests-1] INFO  com.test.automation.utils.CredentialsLoader - Retrieved Password... : JFRoaW5haXIzMjE=
00:19:59.991 [TestNG-test=Firefox Tests-1] INFO  com.test.automation.tests.LoginTest - loader.getUsername() = rayroshn@gmail.com
00:20:01.375 [TestNG-test=Firefox Tests-1] INFO  com.test.automation.actions.WebActions - Clicked element: By.xpath: //li[@id='menu-item-1237']//a[@class='menu-link'][normalize-space()='Account']
00:20:02.420 [TestNG-test=Firefox Tests-3] INFO  com.test.automation.driver.DriverFactory - Quit driver instance
00:20:03.635 [TestNG-test=Firefox Tests-1] INFO  com.test.automation.actions.WebActions - Clicked element: By.xpath: //button[normalize-space()='Log in']
00:20:03.781 [TestNG-test=Firefox Tests-1] INFO  com.test.automation.actions.WebActions - Retrieved text: Logout
00:20:04.317 [TestNG-test=Firefox Tests-1] INFO  com.test.automation.driver.DriverFactory - Quit driver instance
00:22:07.187 [TestNG-test=Chrome Tests-1] INFO  com.test.automation.driver.DriverFactory - Created new chrome driver instance
00:22:07.282 [TestNG-test=Chrome Tests-2] INFO  com.test.automation.driver.DriverFactory - Created new chrome driver instance
00:22:09.176 [TestNG-test=Chrome Tests-1] INFO  com.test.automation.tests.BaseTest - Started test with URL...: https://askomdch.com/
00:22:09.302 [TestNG-test=Chrome Tests-2] INFO  com.test.automation.tests.BaseTest - Started test with URL...: https://askomdch.com/
00:22:11.732 [TestNG-test=Chrome Tests-2] INFO  com.test.automation.actions.WebActions - Clicked element: By.xpath: //div[@class="main-navigation ast-inline-flex"]//ul[@id="ast-hf-menu-1"]//li//a[text() = 'Home']
00:22:12.289 [TestNG-test=Chrome Tests-1] INFO  com.test.automation.utils.CredentialsLoader - Retrieved Username... : rayroshn@gmail.com
00:22:12.289 [TestNG-test=Chrome Tests-1] INFO  com.test.automation.utils.CredentialsLoader - Retrieved Password... : JFRoaW5haXIzMjE=
00:22:12.293 [TestNG-test=Chrome Tests-1] INFO  com.test.automation.tests.LoginTest - loader.getUsername() = rayroshn@gmail.com
00:22:12.933 [TestNG-test=Chrome Tests-2] INFO  com.test.automation.actions.WebActions - Clicked 'Add to Cart' button for product: Denim Blue Jeans
00:22:14.042 [TestNG-test=Chrome Tests-1] INFO  com.test.automation.actions.WebActions - Clicked element: By.xpath: //li[@id='menu-item-1237']//a[@class='menu-link'][normalize-space()='Account']
00:22:17.208 [TestNG-test=Chrome Tests-1] INFO  com.test.automation.actions.WebActions - Clicked element: By.xpath: //button[normalize-space()='Log in']
00:22:17.391 [TestNG-test=Chrome Tests-1] INFO  com.test.automation.actions.WebActions - Retrieved text: Logout
00:22:18.654 [TestNG-test=Chrome Tests-2] INFO  com.test.automation.driver.DriverFactory - Quit driver instance
00:22:18.881 [TestNG-test=Chrome Tests-1] INFO  com.test.automation.driver.DriverFactory - Quit driver instance
00:22:21.236 [TestNG-test=Chrome Tests-2] INFO  com.test.automation.driver.DriverFactory - Created new chrome driver instance
00:22:22.294 [TestNG-test=Chrome Tests-2] INFO  com.test.automation.tests.BaseTest - Started test with URL...: https://askomdch.com/
00:22:22.770 [TestNG-test=Chrome Tests-2] INFO  com.test.automation.actions.WebActions - Clicked element: By.xpath: //div[@class="main-navigation ast-inline-flex"]//ul[@id="ast-hf-menu-1"]//li//a[text() = 'Home']
00:22:22.991 [TestNG-test=Chrome Tests-2] INFO  com.test.automation.actions.WebActions - Clicked 'Add to Cart' button for product: Denim Blue Jeans
00:22:23.662 [TestNG-test=Chrome Tests-2] INFO  com.test.automation.driver.DriverFactory - Quit driver instance
00:22:27.087 [TestNG-test=Firefox Tests-2] INFO  com.test.automation.driver.DriverFactory - Created new chrome driver instance
00:22:27.527 [TestNG-test=Firefox Tests-1] INFO  com.test.automation.driver.DriverFactory - Created new chrome driver instance
00:22:28.930 [TestNG-test=Firefox Tests-2] INFO  com.test.automation.tests.BaseTest - Started test with URL...: https://askomdch.com/
00:22:29.120 [TestNG-test=Firefox Tests-1] INFO  com.test.automation.tests.BaseTest - Started test with URL...: https://askomdch.com/
00:22:29.168 [TestNG-test=Firefox Tests-1] INFO  com.test.automation.utils.CredentialsLoader - Retrieved Username... : rayroshn@gmail.com
00:22:29.169 [TestNG-test=Firefox Tests-1] INFO  com.test.automation.utils.CredentialsLoader - Retrieved Password... : JFRoaW5haXIzMjE=
00:22:29.173 [TestNG-test=Firefox Tests-1] INFO  com.test.automation.tests.LoginTest - loader.getUsername() = rayroshn@gmail.com
00:22:29.537 [TestNG-test=Firefox Tests-2] INFO  com.test.automation.actions.WebActions - Clicked element: By.xpath: //div[@class="main-navigation ast-inline-flex"]//ul[@id="ast-hf-menu-1"]//li//a[text() = 'Home']
00:22:30.027 [TestNG-test=Firefox Tests-2] INFO  com.test.automation.actions.WebActions - Clicked 'Add to Cart' button for product: Denim Blue Jeans
00:22:30.593 [TestNG-test=Firefox Tests-1] INFO  com.test.automation.actions.WebActions - Clicked element: By.xpath: //li[@id='menu-item-1237']//a[@class='menu-link'][normalize-space()='Account']
00:22:32.479 [TestNG-test=Firefox Tests-1] INFO  com.test.automation.actions.WebActions - Clicked element: By.xpath: //button[normalize-space()='Log in']
00:22:32.574 [TestNG-test=Firefox Tests-1] INFO  com.test.automation.actions.WebActions - Retrieved text: Logout
00:22:32.792 [TestNG-test=Firefox Tests-2] INFO  com.test.automation.driver.DriverFactory - Quit driver instance
00:22:33.619 [TestNG-test=Firefox Tests-1] INFO  com.test.automation.driver.DriverFactory - Quit driver instance
00:22:35.149 [TestNG-test=Firefox Tests-2] INFO  com.test.automation.driver.DriverFactory - Created new chrome driver instance
00:22:36.262 [TestNG-test=Firefox Tests-2] INFO  com.test.automation.tests.BaseTest - Started test with URL...: https://askomdch.com/
00:22:36.700 [TestNG-test=Firefox Tests-2] INFO  com.test.automation.actions.WebActions - Clicked element: By.xpath: //div[@class="main-navigation ast-inline-flex"]//ul[@id="ast-hf-menu-1"]//li//a[text() = 'Home']
00:22:36.900 [TestNG-test=Firefox Tests-2] INFO  com.test.automation.actions.WebActions - Clicked 'Add to Cart' button for product: Denim Blue Jeans
00:22:37.459 [TestNG-test=Firefox Tests-2] INFO  com.test.automation.driver.DriverFactory - Quit driver instance
00:23:17.203 [TestNG-test=Firefox Tests-1] INFO  com.test.automation.driver.DriverFactory - Created new chrome driver instance
00:23:18.168 [TestNG-test=Chrome Tests-2] INFO  com.test.automation.driver.DriverFactory - Created new chrome driver instance
00:23:18.186 [TestNG-test=Firefox Tests-2] INFO  com.test.automation.driver.DriverFactory - Created new chrome driver instance
00:23:18.203 [TestNG-test=Chrome Tests-1] INFO  com.test.automation.driver.DriverFactory - Created new chrome driver instance
00:23:20.628 [TestNG-test=Firefox Tests-1] INFO  com.test.automation.tests.BaseTest - Started test with URL...: https://askomdch.com/
00:23:21.536 [TestNG-test=Firefox Tests-2] INFO  com.test.automation.tests.BaseTest - Started test with URL...: https://askomdch.com/
00:23:21.569 [TestNG-test=Chrome Tests-2] INFO  com.test.automation.tests.BaseTest - Started test with URL...: https://askomdch.com/
00:23:22.220 [TestNG-test=Chrome Tests-1] INFO  com.test.automation.tests.BaseTest - Started test with URL...: https://askomdch.com/
00:23:23.968 [TestNG-test=Firefox Tests-1] INFO  com.test.automation.utils.CredentialsLoader - Retrieved Username... : rayroshn@gmail.com
00:23:23.968 [TestNG-test=Firefox Tests-1] INFO  com.test.automation.utils.CredentialsLoader - Retrieved Password... : JFRoaW5haXIzMjE=
00:23:23.968 [TestNG-test=Firefox Tests-1] INFO  com.test.automation.tests.LoginTest - loader.getUsername() = rayroshn@gmail.com
00:23:23.983 [TestNG-test=Chrome Tests-1] INFO  com.test.automation.utils.CredentialsLoader - Retrieved Username... : rayroshn@gmail.com
00:23:23.996 [TestNG-test=Chrome Tests-1] INFO  com.test.automation.utils.CredentialsLoader - Retrieved Password... : JFRoaW5haXIzMjE=
00:23:23.996 [TestNG-test=Chrome Tests-1] INFO  com.test.automation.tests.LoginTest - loader.getUsername() = rayroshn@gmail.com
00:23:25.244 [TestNG-test=Chrome Tests-2] INFO  com.test.automation.actions.WebActions - Clicked element: By.xpath: //div[@class="main-navigation ast-inline-flex"]//ul[@id="ast-hf-menu-1"]//li//a[text() = 'Home']
00:23:25.580 [TestNG-test=Firefox Tests-1] INFO  com.test.automation.actions.WebActions - Clicked element: By.xpath: //li[@id='menu-item-1237']//a[@class='menu-link'][normalize-space()='Account']
00:23:25.854 [TestNG-test=Firefox Tests-2] INFO  com.test.automation.actions.WebActions - Clicked element: By.xpath: //div[@class="main-navigation ast-inline-flex"]//ul[@id="ast-hf-menu-1"]//li//a[text() = 'Home']
00:23:26.323 [TestNG-test=Chrome Tests-2] INFO  com.test.automation.actions.WebActions - Clicked 'Add to Cart' button for product: Denim Blue Jeans
00:23:26.923 [TestNG-test=Firefox Tests-2] INFO  com.test.automation.actions.WebActions - Clicked 'Add to Cart' button for product: Denim Blue Jeans
00:23:27.523 [TestNG-test=Chrome Tests-1] INFO  com.test.automation.actions.WebActions - Clicked element: By.xpath: //li[@id='menu-item-1237']//a[@class='menu-link'][normalize-space()='Account']
00:23:28.382 [TestNG-test=Firefox Tests-1] INFO  com.test.automation.actions.WebActions - Clicked element: By.xpath: //button[normalize-space()='Log in']
00:23:28.566 [TestNG-test=Firefox Tests-1] INFO  com.test.automation.actions.WebActions - Retrieved text: Logout
00:23:29.551 [TestNG-test=Chrome Tests-1] INFO  com.test.automation.actions.WebActions - Clicked element: By.xpath: //button[normalize-space()='Log in']
00:23:29.671 [TestNG-test=Chrome Tests-1] INFO  com.test.automation.actions.WebActions - Retrieved text: Logout
00:23:30.726 [TestNG-test=Firefox Tests-1] INFO  com.test.automation.driver.DriverFactory - Quit driver instance
00:23:30.773 [TestNG-test=Chrome Tests-1] INFO  com.test.automation.driver.DriverFactory - Quit driver instance
00:23:31.054 [TestNG-test=Firefox Tests-2] INFO  com.test.automation.driver.DriverFactory - Quit driver instance
00:23:31.158 [TestNG-test=Chrome Tests-2] INFO  com.test.automation.driver.DriverFactory - Quit driver instance
00:23:34.732 [TestNG-test=Firefox Tests-2] INFO  com.test.automation.driver.DriverFactory - Created new chrome driver instance
00:23:35.151 [TestNG-test=Firefox Tests-2] INFO  com.test.automation.tests.BaseTest - Started test with URL...: https://askomdch.com/
00:23:35.224 [TestNG-test=Chrome Tests-2] INFO  com.test.automation.driver.DriverFactory - Created new chrome driver instance
00:23:35.768 [TestNG-test=Chrome Tests-2] INFO  com.test.automation.tests.BaseTest - Started test with URL...: https://askomdch.com/
00:23:36.876 [TestNG-test=Firefox Tests-2] INFO  com.test.automation.actions.WebActions - Clicked element: By.xpath: //div[@class="main-navigation ast-inline-flex"]//ul[@id="ast-hf-menu-1"]//li//a[text() = 'Home']
00:23:37.241 [TestNG-test=Firefox Tests-2] INFO  com.test.automation.actions.WebActions - Clicked 'Add to Cart' button for product: Denim Blue Jeans
00:23:37.603 [TestNG-test=Chrome Tests-2] INFO  com.test.automation.actions.WebActions - Clicked element: By.xpath: //div[@class="main-navigation ast-inline-flex"]//ul[@id="ast-hf-menu-1"]//li//a[text() = 'Home']
00:23:37.873 [TestNG-test=Chrome Tests-2] INFO  com.test.automation.actions.WebActions - Clicked 'Add to Cart' button for product: Denim Blue Jeans
00:23:40.190 [TestNG-test=Chrome Tests-2] INFO  com.test.automation.driver.DriverFactory - Quit driver instance
00:23:40.330 [TestNG-test=Firefox Tests-2] INFO  com.test.automation.driver.DriverFactory - Quit driver instance
00:29:42.162 [TestNG-test=Chrome Tests-1] INFO  com.test.automation.driver.DriverFactory - Created new chrome driver instance
00:29:42.182 [TestNG-test=Chrome Tests-2] INFO  com.test.automation.driver.DriverFactory - Created new chrome driver instance
00:29:44.525 [TestNG-test=Chrome Tests-2] INFO  com.test.automation.tests.BaseTest - Started test with URL...: https://askomdch.com/
00:29:45.479 [TestNG-test=Chrome Tests-1] INFO  com.test.automation.tests.BaseTest - Started test with URL...: https://askomdch.com/
00:29:50.492 [TestNG-test=Chrome Tests-2] INFO  com.test.automation.utils.CredentialsLoader - Retrieved Username... : rayroshn@gmail.com
00:29:50.492 [TestNG-test=Chrome Tests-2] INFO  com.test.automation.utils.CredentialsLoader - Retrieved Password... : JFRoaW5haXIzMjE=
00:29:50.492 [TestNG-test=Chrome Tests-2] INFO  com.test.automation.tests.LoginTest - loader.getUsername() = rayroshn@gmail.com
00:29:51.763 [TestNG-test=Chrome Tests-1] INFO  com.test.automation.actions.WebActions - Clicked element: By.xpath: //div[@class="main-navigation ast-inline-flex"]//ul[@id="ast-hf-menu-1"]//li//a[text() = 'Home']
00:29:52.398 [TestNG-test=Chrome Tests-2] INFO  com.test.automation.actions.WebActions - Clicked element: By.xpath: //li[@id='menu-item-1237']//a[@class='menu-link'][normalize-space()='Account']
00:29:52.526 [TestNG-test=Chrome Tests-1] INFO  com.test.automation.actions.WebActions - Clicked 'Add to Cart' button for product: Denim Blue Jeans
00:29:54.386 [TestNG-test=Chrome Tests-1] INFO  com.test.automation.driver.DriverFactory - Quit driver instance
00:29:54.759 [TestNG-test=Chrome Tests-2] INFO  com.test.automation.actions.WebActions - Clicked element: By.xpath: //button[normalize-space()='Log in']
00:29:54.895 [TestNG-test=Chrome Tests-2] INFO  com.test.automation.actions.WebActions - Retrieved text: Logout
00:29:56.989 [TestNG-test=Chrome Tests-1] INFO  com.test.automation.driver.DriverFactory - Created new chrome driver instance
00:29:57.220 [TestNG-test=Chrome Tests-2] INFO  com.test.automation.driver.DriverFactory - Quit driver instance
00:29:57.912 [TestNG-test=Chrome Tests-1] INFO  com.test.automation.tests.BaseTest - Started test with URL...: https://askomdch.com/
00:29:58.273 [TestNG-test=Chrome Tests-1] INFO  com.test.automation.actions.WebActions - Clicked element: By.xpath: //div[@class="main-navigation ast-inline-flex"]//ul[@id="ast-hf-menu-1"]//li//a[text() = 'Home']
00:29:58.458 [TestNG-test=Chrome Tests-1] INFO  com.test.automation.actions.WebActions - Clicked 'Add to Cart' button for product: Denim Blue Jeans
00:29:58.807 [TestNG-test=Chrome Tests-1] INFO  com.test.automation.driver.DriverFactory - Quit driver instance
00:32:11.993 [TestNG-test=Chrome Tests-2] INFO  com.test.automation.driver.DriverFactory - Created new chrome driver instance
00:32:12.207 [TestNG-test=Chrome Tests-1] INFO  com.test.automation.driver.DriverFactory - Created new chrome driver instance
00:32:13.905 [TestNG-test=Chrome Tests-1] INFO  com.test.automation.tests.BaseTest - Started test with URL...: https://askomdch.com/
00:32:13.933 [TestNG-test=Chrome Tests-2] INFO  com.test.automation.tests.BaseTest - Started test with URL...: https://askomdch.com/
00:32:15.817 [TestNG-test=Chrome Tests-1] INFO  com.test.automation.actions.WebActions - Clicked element: By.xpath: //div[@class="main-navigation ast-inline-flex"]//ul[@id="ast-hf-menu-1"]//li//a[text() = 'Home']
00:32:16.367 [TestNG-test=Chrome Tests-2] INFO  com.test.automation.utils.CredentialsLoader - Retrieved Username... : rayroshn@gmail.com
00:32:16.367 [TestNG-test=Chrome Tests-2] INFO  com.test.automation.utils.CredentialsLoader - Retrieved Password... : JFRoaW5haXIzMjE=
00:32:16.379 [TestNG-test=Chrome Tests-1] INFO  com.test.automation.actions.WebActions - Clicked 'Add to Cart' button for product: Denim Blue Jeans
00:32:16.454 [TestNG-test=Chrome Tests-2] INFO  com.test.automation.tests.LoginTest - loader.getUsername() = rayroshn@gmail.com
00:32:18.275 [TestNG-test=Chrome Tests-2] INFO  com.test.automation.actions.WebActions - Clicked element: By.xpath: //li[@id='menu-item-1237']//a[@class='menu-link'][normalize-space()='Account']
00:32:18.711 [TestNG-test=Chrome Tests-1] INFO  com.test.automation.driver.DriverFactory - Quit driver instance
00:32:20.454 [TestNG-test=Chrome Tests-2] INFO  com.test.automation.actions.WebActions - Clicked element: By.xpath: //button[normalize-space()='Log in']
00:32:20.892 [TestNG-test=Chrome Tests-1] INFO  com.test.automation.driver.DriverFactory - Created new chrome driver instance
00:32:20.908 [TestNG-test=Chrome Tests-2] INFO  com.test.automation.actions.WebActions - Retrieved text: Logout
00:32:22.222 [TestNG-test=Chrome Tests-1] INFO  com.test.automation.tests.BaseTest - Started test with URL...: https://askomdch.com/
00:32:22.703 [TestNG-test=Chrome Tests-1] INFO  com.test.automation.actions.WebActions - Clicked element: By.xpath: //div[@class="main-navigation ast-inline-flex"]//ul[@id="ast-hf-menu-1"]//li//a[text() = 'Home']
00:32:22.893 [TestNG-test=Chrome Tests-1] INFO  com.test.automation.actions.WebActions - Clicked 'Add to Cart' button for product: Denim Blue Jeans
00:32:23.277 [TestNG-test=Chrome Tests-1] INFO  com.test.automation.driver.DriverFactory - Quit driver instance
00:32:24.417 [TestNG-test=Chrome Tests-2] INFO  com.test.automation.driver.DriverFactory - Quit driver instance
00:39:58.633 [TestNG-test=Chrome Tests-2] INFO  com.test.automation.driver.DriverFactory - Created new chrome driver instance
00:39:58.903 [TestNG-test=Chrome Tests-1] INFO  com.test.automation.driver.DriverFactory - Created new chrome driver instance
00:40:01.230 [TestNG-test=Chrome Tests-1] INFO  com.test.automation.tests.BaseTest - Started test with URL...: https://askomdch.com/
00:40:02.364 [TestNG-test=Chrome Tests-2] INFO  com.test.automation.tests.BaseTest - Started test with URL...: https://askomdch.com/
00:40:03.597 [TestNG-test=Chrome Tests-1] INFO  com.test.automation.actions.WebActions - Clicked element: By.xpath: //div[@class="main-navigation ast-inline-flex"]//ul[@id="ast-hf-menu-1"]//li//a[text() = 'Home']
00:40:04.271 [TestNG-test=Chrome Tests-2] INFO  com.test.automation.utils.CredentialsLoader - Retrieved Username... : rayroshn@gmail.com
00:40:04.271 [TestNG-test=Chrome Tests-2] INFO  com.test.automation.utils.CredentialsLoader - Retrieved Password... : JFRoaW5haXIzMjE=
00:40:04.271 [TestNG-test=Chrome Tests-2] INFO  com.test.automation.tests.LoginTest - loader.getUsername() = rayroshn@gmail.com
00:40:04.670 [TestNG-test=Chrome Tests-1] INFO  com.test.automation.actions.WebActions - Clicked 'Add to Cart' button for product: Denim Blue Jeans
00:40:05.561 [TestNG-test=Chrome Tests-1] INFO  com.test.automation.driver.DriverFactory - Quit driver instance
00:40:05.987 [TestNG-test=Chrome Tests-2] INFO  com.test.automation.actions.WebActions - Clicked element: By.xpath: //li[@id='menu-item-1237']//a[@class='menu-link'][normalize-space()='Account']
00:40:07.870 [TestNG-test=Chrome Tests-1] INFO  com.test.automation.driver.DriverFactory - Created new chrome driver instance
00:40:08.381 [TestNG-test=Chrome Tests-2] INFO  com.test.automation.actions.WebActions - Clicked element: By.xpath: //button[normalize-space()='Log in']
00:40:08.987 [TestNG-test=Chrome Tests-2] INFO  com.test.automation.actions.WebActions - Retrieved text: Logout
00:40:09.356 [TestNG-test=Chrome Tests-1] INFO  com.test.automation.tests.BaseTest - Started test with URL...: https://askomdch.com/
00:40:09.887 [TestNG-test=Chrome Tests-1] INFO  com.test.automation.actions.WebActions - Clicked element: By.xpath: //div[@class="main-navigation ast-inline-flex"]//ul[@id="ast-hf-menu-1"]//li//a[text() = 'Home']
00:40:10.018 [TestNG-test=Chrome Tests-2] INFO  com.test.automation.driver.DriverFactory - Quit driver instance
00:40:10.098 [TestNG-test=Chrome Tests-1] INFO  com.test.automation.actions.WebActions - Clicked 'Add to Cart' button for product: Denim Blue Jeans
00:40:10.436 [TestNG-test=Chrome Tests-1] INFO  com.test.automation.driver.DriverFactory - Quit driver instance
00:41:48.628 [TestNG-test=Chrome Tests-1] INFO  com.test.automation.driver.DriverFactory - Created new chrome driver instance
00:41:49.241 [TestNG-test=Chrome Tests-2] INFO  com.test.automation.driver.DriverFactory - Created new chrome driver instance
00:41:49.306 [TestNG-test=Chrome Tests-3] INFO  com.test.automation.driver.DriverFactory - Created new chrome driver instance
00:41:50.496 [TestNG-test=Chrome Tests-1] INFO  com.test.automation.tests.BaseTest - Started test with URL...: https://askomdch.com/
00:41:52.141 [TestNG-test=Chrome Tests-2] INFO  com.test.automation.tests.BaseTest - Started test with URL...: https://askomdch.com/
00:41:52.458 [TestNG-test=Chrome Tests-3] INFO  com.test.automation.tests.BaseTest - Started test with URL...: https://askomdch.com/
00:41:54.163 [TestNG-test=Chrome Tests-3] INFO  com.test.automation.utils.CredentialsLoader - Retrieved Username... : rayroshn@gmail.com
00:41:54.163 [TestNG-test=Chrome Tests-3] INFO  com.test.automation.utils.CredentialsLoader - Retrieved Password... : JFRoaW5haXIzMjE=
00:41:54.179 [TestNG-test=Chrome Tests-3] INFO  com.test.automation.tests.LoginTest - loader.getUsername() = rayroshn@gmail.com
00:41:54.790 [TestNG-test=Chrome Tests-1] INFO  com.test.automation.actions.WebActions - Clicked element: By.xpath: //div[@class="main-navigation ast-inline-flex"]//ul[@id="ast-hf-menu-1"]//li//a[text() = 'Home']
00:41:54.841 [TestNG-test=Chrome Tests-2] ERROR com.test.automation.actions.WebActions - Failed to click element: By.xpath: //div[@class="main-navigation ast-inline-flex"]//ul[@id="ast-hf-menu-1"]//li//a[text() = 'Home']
org.openqa.selenium.StaleElementReferenceException: stale element reference: stale element not found
  (Session info: chrome=130.0.6723.70)
For documentation on this error, please visit: https://www.selenium.dev/documentation/webdriver/troubleshooting/errors#stale-element-reference-exception
Build info: version: '4.21.0', revision: '79ed462ef4'
System info: os.name: 'Windows 10', os.arch: 'amd64', os.version: '10.0', java.version: '17.0.9'
Driver info: org.openqa.selenium.chrome.ChromeDriver
Command: [6fa7af21c7ad35dc0cf37d60f3c93e44, clickElement {id=f.106F01245992A7C537B69A97D547E801.d.FFF5D653A015B41F079675A32D2CBD49.e.15}]
Capabilities {acceptInsecureCerts: false, browserName: chrome, browserVersion: 130.0.6723.70, chrome: {chromedriverVersion: 130.0.6723.91 (53ac07678369..., userDataDir: C:\Users\Lenovo\AppData\Loc...}, fedcm:accounts: true, goog:chromeOptions: {debuggerAddress: localhost:50774}, networkConnectionEnabled: false, pageLoadStrategy: normal, platformName: windows, proxy: Proxy(), se:cdp: ws://localhost:50774/devtoo..., se:cdpVersion: 130.0.6723.70, setWindowRect: true, strictFileInteractability: false, timeouts: {implicit: 0, pageLoad: 300000, script: 30000}, unhandledPromptBehavior: dismiss and notify, webauthn:extension:credBlob: true, webauthn:extension:largeBlob: true, webauthn:extension:minPinLength: true, webauthn:extension:prf: true, webauthn:virtualAuthenticators: true}
Element: [[ChromeDriver: chrome on windows (6fa7af21c7ad35dc0cf37d60f3c93e44)] -> xpath: //div[@class="main-navigation ast-inline-flex"]//ul[@id="ast-hf-menu-1"]//li//a[text() = 'Home']]
Session ID: 6fa7af21c7ad35dc0cf37d60f3c93e44
	at java.base/jdk.internal.reflect.NativeConstructorAccessorImpl.newInstance0(Native Method) ~[?:?]
	at java.base/jdk.internal.reflect.NativeConstructorAccessorImpl.newInstance(NativeConstructorAccessorImpl.java:77) ~[?:?]
	at java.base/jdk.internal.reflect.DelegatingConstructorAccessorImpl.newInstance(DelegatingConstructorAccessorImpl.java:45) ~[?:?]
	at java.base/java.lang.reflect.Constructor.newInstanceWithCaller(Constructor.java:499) ~[?:?]
	at java.base/java.lang.reflect.Constructor.newInstance(Constructor.java:480) ~[?:?]
	at org.openqa.selenium.remote.ErrorCodec.decode(ErrorCodec.java:167) ~[selenium-remote-driver-4.21.0.jar:?]
	at org.openqa.selenium.remote.codec.w3c.W3CHttpResponseCodec.decode(W3CHttpResponseCodec.java:138) ~[selenium-remote-driver-4.21.0.jar:?]
	at org.openqa.selenium.remote.codec.w3c.W3CHttpResponseCodec.decode(W3CHttpResponseCodec.java:50) ~[selenium-remote-driver-4.21.0.jar:?]
	at org.openqa.selenium.remote.HttpCommandExecutor.execute(HttpCommandExecutor.java:190) ~[selenium-remote-driver-4.21.0.jar:?]
	at org.openqa.selenium.remote.service.DriverCommandExecutor.invokeExecute(DriverCommandExecutor.java:216) ~[selenium-remote-driver-4.21.0.jar:?]
	at org.openqa.selenium.remote.service.DriverCommandExecutor.execute(DriverCommandExecutor.java:174) ~[selenium-remote-driver-4.21.0.jar:?]
	at org.openqa.selenium.remote.RemoteWebDriver.execute(RemoteWebDriver.java:518) ~[selenium-remote-driver-4.21.0.jar:?]
	at org.openqa.selenium.remote.RemoteWebElement.execute(RemoteWebElement.java:223) ~[selenium-remote-driver-4.21.0.jar:?]
	at org.openqa.selenium.remote.RemoteWebElement.click(RemoteWebElement.java:76) ~[selenium-remote-driver-4.21.0.jar:?]
	at com.test.automation.actions.WebActions.click(WebActions.java:33) [classes/:?]
	at com.test.automation.pages.HomePage.addProductToCart(HomePage.java:19) [classes/:?]
	at com.test.automation.tests.HomePageTest.addProductTCart1(HomePageTest.java:26) [test-classes/:?]
	at java.base/jdk.internal.reflect.NativeMethodAccessorImpl.invoke0(Native Method) ~[?:?]
	at java.base/jdk.internal.reflect.NativeMethodAccessorImpl.invoke(NativeMethodAccessorImpl.java:77) ~[?:?]
	at java.base/jdk.internal.reflect.DelegatingMethodAccessorImpl.invoke(DelegatingMethodAccessorImpl.java:43) ~[?:?]
	at java.base/java.lang.reflect.Method.invoke(Method.java:568) ~[?:?]
	at org.testng.internal.invokers.MethodInvocationHelper.invokeMethod(MethodInvocationHelper.java:139) [testng-7.8.0.jar:7.8.0]
	at org.testng.internal.invokers.TestInvoker.invokeMethod(TestInvoker.java:664) [testng-7.8.0.jar:7.8.0]
	at org.testng.internal.invokers.TestInvoker.invokeTestMethod(TestInvoker.java:227) [testng-7.8.0.jar:7.8.0]
	at org.testng.internal.invokers.MethodRunner.runInSequence(MethodRunner.java:50) [testng-7.8.0.jar:7.8.0]
	at org.testng.internal.invokers.TestInvoker$MethodInvocationAgent.invoke(TestInvoker.java:957) [testng-7.8.0.jar:7.8.0]
	at org.testng.internal.invokers.TestInvoker.invokeTestMethods(TestInvoker.java:200) [testng-7.8.0.jar:7.8.0]
	at org.testng.internal.invokers.TestMethodWorker.invokeTestMethods(TestMethodWorker.java:148) [testng-7.8.0.jar:7.8.0]
	at org.testng.internal.invokers.TestMethodWorker.run(TestMethodWorker.java:128) [testng-7.8.0.jar:7.8.0]
	at java.base/java.util.concurrent.ThreadPoolExecutor.runWorker(ThreadPoolExecutor.java:1136) [?:?]
	at java.base/java.util.concurrent.ThreadPoolExecutor$Worker.run(ThreadPoolExecutor.java:635) [?:?]
	at java.base/java.lang.Thread.run(Thread.java:842) [?:?]
00:41:56.097 [TestNG-test=Chrome Tests-3] INFO  com.test.automation.actions.WebActions - Clicked element: By.xpath: //li[@id='menu-item-1237']//a[@class='menu-link'][normalize-space()='Account']
00:41:57.100 [TestNG-test=Chrome Tests-2] INFO  com.test.automation.driver.DriverFactory - Quit driver instance
00:41:57.880 [TestNG-test=Chrome Tests-3] INFO  com.test.automation.actions.WebActions - Clicked element: By.xpath: //button[normalize-space()='Log in']
00:41:57.980 [TestNG-test=Chrome Tests-3] INFO  com.test.automation.actions.WebActions - Retrieved text: Logout
00:41:58.276 [TestNG-test=Chrome Tests-3] INFO  com.test.automation.driver.DriverFactory - Quit driver instance
00:59:41.579 [TestNG-test=Chrome Tests-2] INFO  com.test.automation.driver.DriverFactory - Created new chrome driver instance
00:59:44.103 [TestNG-test=Chrome Tests-1] INFO  com.test.automation.driver.DriverFactory - Created new chrome driver instance
00:59:44.248 [TestNG-test=Chrome Tests-2] INFO  com.test.automation.tests.BaseTest - Started test with URL...: https://askomdch.com/
00:59:46.386 [TestNG-test=Chrome Tests-1] INFO  com.test.automation.tests.BaseTest - Started test with URL...: https://askomdch.com/
00:59:47.207 [TestNG-test=Chrome Tests-2] INFO  com.test.automation.utils.CredentialsLoader - Retrieved Username... : rayroshn@gmail.com
00:59:47.207 [TestNG-test=Chrome Tests-2] INFO  com.test.automation.utils.CredentialsLoader - Retrieved Password... : JFRoaW5haXIzMjE=
00:59:47.220 [TestNG-test=Chrome Tests-2] INFO  com.test.automation.tests.LoginTest - loader.getUsername() = rayroshn@gmail.com
00:59:48.002 [TestNG-test=Chrome Tests-1] INFO  com.test.automation.actions.WebActions - Clicked element: By.xpath: //div[@class="main-navigation ast-inline-flex"]//ul[@id="ast-hf-menu-1"]//li//a[text() = 'Home']
00:59:48.280 [TestNG-test=Chrome Tests-1] INFO  com.test.automation.actions.WebActions - Clicked 'Add to Cart' button for product: Denim Blue Jeans
00:59:49.006 [TestNG-test=Chrome Tests-2] INFO  com.test.automation.actions.WebActions - Clicked element: By.xpath: //li[@id='menu-item-1237']//a[@class='menu-link'][normalize-space()='Account']
00:59:49.715 [TestNG-test=Chrome Tests-1] INFO  com.test.automation.driver.DriverFactory - Quit driver instance
00:59:50.777 [TestNG-test=Chrome Tests-2] INFO  com.test.automation.actions.WebActions - Clicked element: By.xpath: //button[normalize-space()='Log in']
00:59:51.016 [TestNG-test=Chrome Tests-2] INFO  com.test.automation.actions.WebActions - Retrieved text: Logout
00:59:52.265 [TestNG-test=Chrome Tests-1] INFO  com.test.automation.driver.DriverFactory - Created new chrome driver instance
00:59:52.857 [TestNG-test=Chrome Tests-2] INFO  com.test.automation.driver.DriverFactory - Quit driver instance
00:59:53.302 [TestNG-test=Chrome Tests-1] INFO  com.test.automation.tests.BaseTest - Started test with URL...: https://askomdch.com/
00:59:53.645 [TestNG-test=Chrome Tests-1] INFO  com.test.automation.actions.WebActions - Clicked element: By.xpath: //div[@class="main-navigation ast-inline-flex"]//ul[@id="ast-hf-menu-1"]//li//a[text() = 'Home']
00:59:53.843 [TestNG-test=Chrome Tests-1] INFO  com.test.automation.actions.WebActions - Clicked 'Add to Cart' button for product: Denim Blue Jeans
00:59:54.165 [TestNG-test=Chrome Tests-1] INFO  com.test.automation.driver.DriverFactory - Quit driver instance
01:02:13.296 [TestNG-test=Chrome Tests-1] INFO  com.test.automation.driver.DriverFactory - Created new chrome driver instance
01:02:13.738 [TestNG-test=Chrome Tests-2] INFO  com.test.automation.driver.DriverFactory - Created new chrome driver instance
01:02:13.762 [TestNG-test=Chrome Tests-3] INFO  com.test.automation.driver.DriverFactory - Created new chrome driver instance
01:02:14.179 [TestNG-test=Chrome Tests-1] INFO  com.test.automation.tests.BaseTest - Started test with URL...: https://askomdch.com/
01:02:17.788 [TestNG-test=Chrome Tests-3] INFO  com.test.automation.tests.BaseTest - Started test with URL...: https://askomdch.com/
01:02:17.832 [TestNG-test=Chrome Tests-2] INFO  com.test.automation.tests.BaseTest - Started test with URL...: https://askomdch.com/
01:02:18.772 [TestNG-test=Chrome Tests-3] INFO  com.test.automation.utils.CredentialsLoader - Retrieved Username... : rayroshn@gmail.com
01:02:18.772 [TestNG-test=Chrome Tests-1] INFO  com.test.automation.utils.CredentialsLoader - Retrieved Username... : rayroshn@gmail.com
01:02:18.772 [TestNG-test=Chrome Tests-3] INFO  com.test.automation.utils.CredentialsLoader - Retrieved Password... : JFRoaW5haXIzMjE=
01:02:18.772 [TestNG-test=Chrome Tests-1] INFO  com.test.automation.utils.CredentialsLoader - Retrieved Password... : JFRoaW5haXIzMjE=
01:02:18.776 [TestNG-test=Chrome Tests-1] INFO  com.test.automation.tests.LoginTest - loader.getUsername() = rayroshn@gmail.com
01:02:18.776 [TestNG-test=Chrome Tests-3] INFO  com.test.automation.tests.LoginTestNew - loader.getUsername() = rayroshn@gmail.com
01:02:19.541 [TestNG-test=Chrome Tests-2] INFO  com.test.automation.actions.WebActions - Clicked element: By.xpath: //div[@class="main-navigation ast-inline-flex"]//ul[@id="ast-hf-menu-1"]//li//a[text() = 'Home']
01:02:19.905 [TestNG-test=Chrome Tests-2] INFO  com.test.automation.actions.WebActions - Clicked 'Add to Cart' button for product: Denim Blue Jeans
01:02:20.727 [TestNG-test=Chrome Tests-3] INFO  com.test.automation.actions.WebActions - Clicked element: By.xpath: //li[@id='menu-item-1237']//a[@class='menu-link'][normalize-space()='Account']
01:02:20.882 [TestNG-test=Chrome Tests-1] INFO  com.test.automation.actions.WebActions - Clicked element: By.xpath: //li[@id='menu-item-1237']//a[@class='menu-link'][normalize-space()='Account']
01:02:22.423 [TestNG-test=Chrome Tests-2] INFO  com.test.automation.driver.DriverFactory - Quit driver instance
01:02:23.137 [TestNG-test=Chrome Tests-1] INFO  com.test.automation.actions.WebActions - Clicked element: By.xpath: //button[normalize-space()='Log in']
01:02:23.251 [TestNG-test=Chrome Tests-3] INFO  com.test.automation.actions.WebActions - Clicked element: By.xpath: //button[normalize-space()='Log in']
01:02:23.320 [TestNG-test=Chrome Tests-1] INFO  com.test.automation.actions.WebActions - Retrieved text: Logout
01:02:23.484 [TestNG-test=Chrome Tests-3] INFO  com.test.automation.actions.WebActions - Retrieved text: Logout
01:02:25.060 [TestNG-test=Chrome Tests-2] INFO  com.test.automation.driver.DriverFactory - Created new chrome driver instance
01:02:26.312 [TestNG-test=Chrome Tests-2] INFO  com.test.automation.tests.BaseTest - Started test with URL...: https://askomdch.com/
01:02:26.960 [TestNG-test=Chrome Tests-2] INFO  com.test.automation.actions.WebActions - Clicked element: By.xpath: //div[@class="main-navigation ast-inline-flex"]//ul[@id="ast-hf-menu-1"]//li//a[text() = 'Home']
01:02:27.240 [TestNG-test=Chrome Tests-2] INFO  com.test.automation.actions.WebActions - Clicked 'Add to Cart' button for product: Denim Blue Jeans
01:02:27.873 [TestNG-test=Chrome Tests-1] INFO  com.test.automation.driver.DriverFactory - Quit driver instance
01:02:27.889 [TestNG-test=Chrome Tests-3] INFO  com.test.automation.driver.DriverFactory - Quit driver instance
01:02:27.950 [TestNG-test=Chrome Tests-2] INFO  com.test.automation.driver.DriverFactory - Quit driver instance
01:04:37.152 [TestNG-test=Chrome Tests-3] INFO  com.test.automation.driver.DriverFactory - Created new chrome driver instance
01:04:37.646 [TestNG-test=Chrome Tests-4] INFO  com.test.automation.driver.DriverFactory - Created new chrome driver instance
01:04:37.654 [TestNG-test=Chrome Tests-1] INFO  com.test.automation.driver.DriverFactory - Created new chrome driver instance
01:04:38.218 [TestNG-test=Chrome Tests-2] INFO  com.test.automation.driver.DriverFactory - Created new chrome driver instance
01:04:39.320 [TestNG-test=Chrome Tests-3] INFO  com.test.automation.tests.BaseTest - Started test with URL...: https://askomdch.com/
01:04:40.118 [TestNG-test=Chrome Tests-1] INFO  com.test.automation.tests.BaseTest - Started test with URL...: https://askomdch.com/
01:04:40.471 [TestNG-test=Chrome Tests-4] INFO  com.test.automation.tests.BaseTest - Started test with URL...: https://askomdch.com/
01:04:41.859 [TestNG-test=Chrome Tests-2] INFO  com.test.automation.tests.BaseTest - Started test with URL...: https://askomdch.com/
01:04:42.740 [TestNG-test=Chrome Tests-3] INFO  com.test.automation.actions.WebActions - Clicked element: By.xpath: //div[@class="main-navigation ast-inline-flex"]//ul[@id="ast-hf-menu-1"]//li//a[text() = 'Home']
01:04:43.779 [TestNG-test=Chrome Tests-4] INFO  com.test.automation.utils.CredentialsLoader - Retrieved Username... : rayroshn@gmail.com
01:04:43.782 [TestNG-test=Chrome Tests-4] INFO  com.test.automation.utils.CredentialsLoader - Retrieved Password... : JFRoaW5haXIzMjE=
01:04:43.784 [TestNG-test=Chrome Tests-1] INFO  com.test.automation.utils.CredentialsLoader - Retrieved Username... : rayroshn@gmail.com
01:04:43.784 [TestNG-test=Chrome Tests-1] INFO  com.test.automation.utils.CredentialsLoader - Retrieved Password... : JFRoaW5haXIzMjE=
01:04:43.788 [TestNG-test=Chrome Tests-1] INFO  com.test.automation.tests.LoginTest - loader.getUsername() = rayroshn@gmail.com
01:04:43.866 [TestNG-test=Chrome Tests-3] INFO  com.test.automation.actions.WebActions - Clicked 'Add to Cart' button for product: Denim Blue Jeans
01:04:43.895 [TestNG-test=Chrome Tests-4] INFO  com.test.automation.tests.LoginTestNew - loader.getUsername() = rayroshn@gmail.com
01:04:45.478 [TestNG-test=Chrome Tests-2] INFO  com.test.automation.actions.WebActions - Clicked element: By.xpath: //div[@class="main-navigation ast-inline-flex"]//ul[@id="ast-hf-menu-1"]//li//a[text() = 'Home']
01:04:45.853 [TestNG-test=Chrome Tests-1] INFO  com.test.automation.actions.WebActions - Clicked element: By.xpath: //li[@id='menu-item-1237']//a[@class='menu-link'][normalize-space()='Account']
01:04:45.942 [TestNG-test=Chrome Tests-4] INFO  com.test.automation.actions.WebActions - Clicked element: By.xpath: //li[@id='menu-item-1237']//a[@class='menu-link'][normalize-space()='Account']
01:04:46.280 [TestNG-test=Chrome Tests-2] INFO  com.test.automation.actions.WebActions - Clicked 'Add to Cart' button for product: Denim Blue Jeans
01:04:48.415 [TestNG-test=Chrome Tests-4] INFO  com.test.automation.actions.WebActions - Clicked element: By.xpath: //button[normalize-space()='Log in']
01:04:48.456 [TestNG-test=Chrome Tests-1] INFO  com.test.automation.actions.WebActions - Clicked element: By.xpath: //button[normalize-space()='Log in']
01:04:48.542 [TestNG-test=Chrome Tests-4] INFO  com.test.automation.actions.WebActions - Retrieved text: Logout
01:04:49.488 [TestNG-test=Chrome Tests-1] INFO  com.test.automation.actions.WebActions - Retrieved text: Logout
01:04:50.392 [TestNG-test=Chrome Tests-3] INFO  com.test.automation.driver.DriverFactory - Quit driver instance
01:04:50.505 [TestNG-test=Chrome Tests-4] INFO  com.test.automation.driver.DriverFactory - Quit driver instance
01:04:50.864 [TestNG-test=Chrome Tests-2] INFO  com.test.automation.driver.DriverFactory - Quit driver instance
01:04:51.314 [TestNG-test=Chrome Tests-1] INFO  com.test.automation.driver.DriverFactory - Quit driver instance
01:04:53.340 [TestNG-test=Chrome Tests-3] INFO  com.test.automation.driver.DriverFactory - Created new chrome driver instance
01:04:54.159 [TestNG-test=Chrome Tests-3] INFO  com.test.automation.tests.BaseTest - Started test with URL...: https://askomdch.com/
01:04:54.367 [TestNG-test=Chrome Tests-2] INFO  com.test.automation.driver.DriverFactory - Created new chrome driver instance
01:04:55.724 [TestNG-test=Chrome Tests-2] INFO  com.test.automation.tests.BaseTest - Started test with URL...: https://askomdch.com/
01:04:56.131 [TestNG-test=Chrome Tests-3] INFO  com.test.automation.actions.WebActions - Clicked element: By.xpath: //div[@class="main-navigation ast-inline-flex"]//ul[@id="ast-hf-menu-1"]//li//a[text() = 'Home']
01:04:56.332 [TestNG-test=Chrome Tests-2] INFO  com.test.automation.actions.WebActions - Clicked element: By.xpath: //div[@class="main-navigation ast-inline-flex"]//ul[@id="ast-hf-menu-1"]//li//a[text() = 'Home']
01:04:56.624 [TestNG-test=Chrome Tests-3] INFO  com.test.automation.actions.WebActions - Clicked 'Add to Cart' button for product: Denim Blue Jeans
01:04:56.845 [TestNG-test=Chrome Tests-2] INFO  com.test.automation.actions.WebActions - Clicked 'Add to Cart' button for product: Denim Blue Jeans
01:04:57.694 [TestNG-test=Chrome Tests-2] INFO  com.test.automation.driver.DriverFactory - Quit driver instance
01:04:57.747 [TestNG-test=Chrome Tests-3] INFO  com.test.automation.driver.DriverFactory - Quit driver instance
01:06:35.224 [TestNG-test=Chrome Tests-4] INFO  com.test.automation.driver.DriverFactory - Created new chrome driver instance
01:06:35.224 [TestNG-test=Chrome Tests-3] INFO  com.test.automation.driver.DriverFactory - Created new chrome driver instance
01:06:35.224 [TestNG-test=Chrome Tests-2] INFO  com.test.automation.driver.DriverFactory - Created new chrome driver instance
01:06:35.235 [TestNG-test=Chrome Tests-1] INFO  com.test.automation.driver.DriverFactory - Created new chrome driver instance
01:06:38.441 [TestNG-test=Chrome Tests-1] INFO  com.test.automation.tests.BaseTest - Started test with URL...: https://askomdch.com/
01:06:38.526 [TestNG-test=Chrome Tests-2] INFO  com.test.automation.tests.BaseTest - Started test with URL...: https://askomdch.com/
01:06:38.606 [TestNG-test=Chrome Tests-4] INFO  com.test.automation.tests.BaseTest - Started test with URL...: https://askomdch.com/
01:06:38.680 [TestNG-test=Chrome Tests-3] INFO  com.test.automation.tests.BaseTest - Started test with URL...: https://askomdch.com/
01:06:42.876 [TestNG-test=Chrome Tests-3] INFO  com.test.automation.actions.WebActions - Clicked element: By.xpath: //div[@class="main-navigation ast-inline-flex"]//ul[@id="ast-hf-menu-1"]//li//a[text() = 'Home']
01:06:42.922 [TestNG-test=Chrome Tests-1] INFO  com.test.automation.utils.CredentialsLoader - Retrieved Username... : rayroshn@gmail.com
01:06:42.923 [TestNG-test=Chrome Tests-1] INFO  com.test.automation.utils.CredentialsLoader - Retrieved Password... : JFRoaW5haXIzMjE=
01:06:42.927 [TestNG-test=Chrome Tests-4] INFO  com.test.automation.utils.CredentialsLoader - Retrieved Username... : rayroshn@gmail.com
01:06:42.940 [TestNG-test=Chrome Tests-1] INFO  com.test.automation.tests.LoginTest - loader.getUsername() = rayroshn@gmail.com
01:06:42.930 [TestNG-test=Chrome Tests-4] INFO  com.test.automation.utils.CredentialsLoader - Retrieved Password... : JFRoaW5haXIzMjE=
01:06:42.943 [TestNG-test=Chrome Tests-4] INFO  com.test.automation.tests.LoginTestNew - loader.getUsername() = rayroshn@gmail.com
01:06:44.441 [TestNG-test=Chrome Tests-2] INFO  com.test.automation.actions.WebActions - Clicked element: By.xpath: //div[@class="main-navigation ast-inline-flex"]//ul[@id="ast-hf-menu-1"]//li//a[text() = 'Home']
01:06:45.388 [TestNG-test=Chrome Tests-3] INFO  com.test.automation.actions.WebActions - Clicked 'Add to Cart' button for product: Denim Blue Jeans
01:06:45.799 [TestNG-test=Chrome Tests-1] INFO  com.test.automation.actions.WebActions - Clicked element: By.xpath: //li[@id='menu-item-1237']//a[@class='menu-link'][normalize-space()='Account']
01:06:45.800 [TestNG-test=Chrome Tests-4] INFO  com.test.automation.actions.WebActions - Clicked element: By.xpath: //li[@id='menu-item-1237']//a[@class='menu-link'][normalize-space()='Account']
01:06:46.192 [TestNG-test=Chrome Tests-2] INFO  com.test.automation.actions.WebActions - Clicked 'Add to Cart' button for product: Denim Blue Jeans
01:06:48.467 [TestNG-test=Chrome Tests-1] INFO  com.test.automation.actions.WebActions - Clicked element: By.xpath: //button[normalize-space()='Log in']
01:06:48.628 [TestNG-test=Chrome Tests-1] INFO  com.test.automation.actions.WebActions - Retrieved text: Logout
01:06:48.912 [TestNG-test=Chrome Tests-4] INFO  com.test.automation.actions.WebActions - Clicked element: By.xpath: //button[normalize-space()='Log in']
01:06:49.014 [TestNG-test=Chrome Tests-4] INFO  com.test.automation.actions.WebActions - Retrieved text: Logout
01:06:49.641 [TestNG-test=Chrome Tests-2] INFO  com.test.automation.driver.DriverFactory - Quit driver instance
01:06:49.779 [TestNG-test=Chrome Tests-3] INFO  com.test.automation.driver.DriverFactory - Quit driver instance
01:06:50.473 [TestNG-test=Chrome Tests-1] INFO  com.test.automation.driver.DriverFactory - Quit driver instance
01:06:50.473 [TestNG-test=Chrome Tests-4] INFO  com.test.automation.driver.DriverFactory - Quit driver instance
01:06:52.774 [TestNG-test=Chrome Tests-2] INFO  com.test.automation.driver.DriverFactory - Created new chrome driver instance
01:06:53.225 [TestNG-test=Chrome Tests-3] INFO  com.test.automation.driver.DriverFactory - Created new chrome driver instance
01:06:54.299 [TestNG-test=Chrome Tests-2] INFO  com.test.automation.tests.BaseTest - Started test with URL...: https://askomdch.com/
01:06:54.533 [TestNG-test=Chrome Tests-3] INFO  com.test.automation.tests.BaseTest - Started test with URL...: https://askomdch.com/
01:06:54.984 [TestNG-test=Chrome Tests-2] INFO  com.test.automation.actions.WebActions - Clicked element: By.xpath: //div[@class="main-navigation ast-inline-flex"]//ul[@id="ast-hf-menu-1"]//li//a[text() = 'Home']
01:06:55.317 [TestNG-test=Chrome Tests-3] INFO  com.test.automation.actions.WebActions - Clicked element: By.xpath: //div[@class="main-navigation ast-inline-flex"]//ul[@id="ast-hf-menu-1"]//li//a[text() = 'Home']
01:06:55.489 [TestNG-test=Chrome Tests-2] INFO  com.test.automation.actions.WebActions - Clicked 'Add to Cart' button for product: Denim Blue Jeans
01:06:55.800 [TestNG-test=Chrome Tests-3] INFO  com.test.automation.actions.WebActions - Clicked 'Add to Cart' button for product: Denim Blue Jeans
01:06:56.535 [TestNG-test=Chrome Tests-3] INFO  com.test.automation.driver.DriverFactory - Quit driver instance
01:06:56.582 [TestNG-test=Chrome Tests-2] INFO  com.test.automation.driver.DriverFactory - Quit driver instance
01:12:06.588 [TestNG-test=Chrome Tests-2] INFO  com.test.automation.driver.DriverFactory - Created new chrome driver instance
01:12:06.674 [TestNG-test=Chrome Tests-4] INFO  com.test.automation.driver.DriverFactory - Created new chrome driver instance
01:12:07.443 [TestNG-test=Chrome Tests-3] INFO  com.test.automation.driver.DriverFactory - Created new chrome driver instance
01:12:09.178 [TestNG-test=Chrome Tests-2] INFO  com.test.automation.tests.BaseTest - Started test with URL...: https://askomdch.com/
01:12:09.794 [TestNG-test=Chrome Tests-4] INFO  com.test.automation.tests.BaseTest - Started test with URL...: https://askomdch.com/
01:12:10.237 [TestNG-test=Chrome Tests-3] INFO  com.test.automation.tests.BaseTest - Started test with URL...: https://askomdch.com/
01:12:14.198 [TestNG-test=Chrome Tests-4] INFO  com.test.automation.utils.CredentialsLoader - Retrieved Username... : rayroshn@gmail.com
01:12:14.198 [TestNG-test=Chrome Tests-4] INFO  com.test.automation.utils.CredentialsLoader - Retrieved Password... : JFRoaW5haXIzMjE=
01:12:14.205 [TestNG-test=Chrome Tests-4] INFO  com.test.automation.tests.LoginTestNew - loader.getUsername() = rayroshn@gmail.com
01:12:14.210 [TestNG-test=Chrome Tests-1] INFO  com.test.automation.driver.DriverFactory - Created new chrome driver instance
01:12:15.416 [TestNG-test=Chrome Tests-2] INFO  com.test.automation.actions.WebActions - Clicked element: By.xpath: //div[@class="main-navigation ast-inline-flex"]//ul[@id="ast-hf-menu-1"]//li//a[text() = 'Home']
01:12:15.448 [TestNG-test=Chrome Tests-3] INFO  com.test.automation.actions.WebActions - Clicked element: By.xpath: //div[@class="main-navigation ast-inline-flex"]//ul[@id="ast-hf-menu-1"]//li//a[text() = 'Home']
01:12:16.280 [TestNG-test=Chrome Tests-1] INFO  com.test.automation.tests.BaseTest - Started test with URL...: https://askomdch.com/
01:12:16.308 [TestNG-test=Chrome Tests-1] INFO  com.test.automation.utils.CredentialsLoader - Retrieved Username... : rayroshn@gmail.com
01:12:16.309 [TestNG-test=Chrome Tests-1] INFO  com.test.automation.utils.CredentialsLoader - Retrieved Password... : JFRoaW5haXIzMjE=
01:12:16.310 [TestNG-test=Chrome Tests-1] INFO  com.test.automation.tests.LoginTest - loader.getUsername() = rayroshn@gmail.com
01:12:16.482 [TestNG-test=Chrome Tests-2] INFO  com.test.automation.actions.WebActions - Clicked 'Add to Cart' button for product: Denim Blue Jeans
01:12:16.967 [TestNG-test=Chrome Tests-3] INFO  com.test.automation.actions.WebActions - Clicked 'Add to Cart' button for product: Denim Blue Jeans
01:12:18.216 [TestNG-test=Chrome Tests-1] INFO  com.test.automation.actions.WebActions - Clicked element: By.xpath: //li[@id='menu-item-1237']//a[@class='menu-link'][normalize-space()='Account']
01:12:18.993 [TestNG-test=Chrome Tests-4] INFO  com.test.automation.actions.WebActions - Clicked element: By.xpath: //li[@id='menu-item-1237']//a[@class='menu-link'][normalize-space()='Account']
01:12:21.063 [TestNG-test=Chrome Tests-1] INFO  com.test.automation.actions.WebActions - Clicked element: By.xpath: //button[normalize-space()='Log in']
01:12:21.208 [TestNG-test=Chrome Tests-1] INFO  com.test.automation.actions.WebActions - Retrieved text: Logout
01:12:21.523 [TestNG-test=Chrome Tests-4] INFO  com.test.automation.actions.WebActions - Clicked element: By.xpath: //button[normalize-space()='Log in']
01:12:21.665 [TestNG-test=Chrome Tests-4] INFO  com.test.automation.actions.WebActions - Retrieved text: Logout
01:12:22.225 [TestNG-test=Chrome Tests-1] INFO  com.test.automation.driver.DriverFactory - Quit driver instance
01:12:22.442 [TestNG-test=Chrome Tests-3] INFO  com.test.automation.driver.DriverFactory - Quit driver instance
01:12:22.506 [TestNG-test=Chrome Tests-2] INFO  com.test.automation.driver.DriverFactory - Quit driver instance
01:12:23.065 [TestNG-test=Chrome Tests-4] INFO  com.test.automation.driver.DriverFactory - Quit driver instance
01:12:25.830 [TestNG-test=Chrome Tests-2] INFO  com.test.automation.driver.DriverFactory - Created new chrome driver instance
01:12:26.322 [TestNG-test=Chrome Tests-3] INFO  com.test.automation.driver.DriverFactory - Created new chrome driver instance
01:12:27.135 [TestNG-test=Chrome Tests-2] INFO  com.test.automation.tests.BaseTest - Started test with URL...: https://askomdch.com/
01:12:27.690 [TestNG-test=Chrome Tests-3] INFO  com.test.automation.tests.BaseTest - Started test with URL...: https://askomdch.com/
01:12:27.963 [TestNG-test=Chrome Tests-2] INFO  com.test.automation.actions.WebActions - Clicked element: By.xpath: //div[@class="main-navigation ast-inline-flex"]//ul[@id="ast-hf-menu-1"]//li//a[text() = 'Home']
01:12:28.301 [TestNG-test=Chrome Tests-2] INFO  com.test.automation.actions.WebActions - Clicked 'Add to Cart' button for product: Denim Blue Jeans
01:12:28.596 [TestNG-test=Chrome Tests-3] INFO  com.test.automation.actions.WebActions - Clicked element: By.xpath: //div[@class="main-navigation ast-inline-flex"]//ul[@id="ast-hf-menu-1"]//li//a[text() = 'Home']
01:12:28.845 [TestNG-test=Chrome Tests-3] INFO  com.test.automation.actions.WebActions - Clicked 'Add to Cart' button for product: Denim Blue Jeans
01:12:29.604 [TestNG-test=Chrome Tests-3] INFO  com.test.automation.driver.DriverFactory - Quit driver instance
01:12:29.635 [TestNG-test=Chrome Tests-2] INFO  com.test.automation.driver.DriverFactory - Quit driver instance
01:12:32.769 [TestNG-test=Firefox Tests-2] INFO  com.test.automation.driver.DriverFactory - Created new chrome driver instance
01:12:33.236 [TestNG-test=Firefox Tests-1] INFO  com.test.automation.driver.DriverFactory - Created new chrome driver instance
01:12:33.972 [TestNG-test=Firefox Tests-2] INFO  com.test.automation.tests.BaseTest - Started test with URL...: https://askomdch.com/
01:12:34.842 [TestNG-test=Firefox Tests-1] INFO  com.test.automation.tests.BaseTest - Started test with URL...: https://askomdch.com/
01:12:34.869 [TestNG-test=Firefox Tests-1] INFO  com.test.automation.utils.CredentialsLoader - Retrieved Username... : rayroshn@gmail.com
01:12:34.871 [TestNG-test=Firefox Tests-1] INFO  com.test.automation.utils.CredentialsLoader - Retrieved Password... : JFRoaW5haXIzMjE=
01:12:34.871 [TestNG-test=Firefox Tests-1] INFO  com.test.automation.tests.LoginTest - loader.getUsername() = rayroshn@gmail.com
01:12:35.035 [TestNG-test=Firefox Tests-2] INFO  com.test.automation.actions.WebActions - Clicked element: By.xpath: //div[@class="main-navigation ast-inline-flex"]//ul[@id="ast-hf-menu-1"]//li//a[text() = 'Home']
01:12:35.317 [TestNG-test=Firefox Tests-2] INFO  com.test.automation.actions.WebActions - Clicked 'Add to Cart' button for product: Denim Blue Jeans
01:12:36.164 [TestNG-test=Firefox Tests-2] INFO  com.test.automation.driver.DriverFactory - Quit driver instance
01:12:36.336 [TestNG-test=Firefox Tests-1] INFO  com.test.automation.actions.WebActions - Clicked element: By.xpath: //li[@id='menu-item-1237']//a[@class='menu-link'][normalize-space()='Account']
01:12:38.517 [TestNG-test=Firefox Tests-1] INFO  com.test.automation.actions.WebActions - Clicked element: By.xpath: //button[normalize-space()='Log in']
01:12:38.776 [TestNG-test=Firefox Tests-2] INFO  com.test.automation.driver.DriverFactory - Created new chrome driver instance
01:12:38.859 [TestNG-test=Firefox Tests-1] INFO  com.test.automation.actions.WebActions - Retrieved text: Logout
01:12:39.892 [TestNG-test=Firefox Tests-2] INFO  com.test.automation.tests.BaseTest - Started test with URL...: https://askomdch.com/
01:12:40.256 [TestNG-test=Firefox Tests-1] INFO  com.test.automation.driver.DriverFactory - Quit driver instance
01:12:40.374 [TestNG-test=Firefox Tests-2] INFO  com.test.automation.actions.WebActions - Clicked element: By.xpath: //div[@class="main-navigation ast-inline-flex"]//ul[@id="ast-hf-menu-1"]//li//a[text() = 'Home']
01:12:40.573 [TestNG-test=Firefox Tests-2] INFO  com.test.automation.actions.WebActions - Clicked 'Add to Cart' button for product: Denim Blue Jeans
01:12:41.046 [TestNG-test=Firefox Tests-2] INFO  com.test.automation.driver.DriverFactory - Quit driver instance
01:31:46.329 [TestNG-test=Chrome Tests-1] INFO  com.test.automation.driver.DriverFactory - Created new chrome driver instance
01:31:48.363 [TestNG-test=Chrome Tests-3] INFO  com.test.automation.driver.DriverFactory - Created new chrome driver instance
01:31:48.365 [TestNG-test=Chrome Tests-2] INFO  com.test.automation.driver.DriverFactory - Created new chrome driver instance
01:31:48.615 [TestNG-test=Chrome Tests-1] INFO  com.test.automation.tests.BaseTest - Started test with URL...: https://askomdch.com/
01:31:50.061 [TestNG-test=Chrome Tests-4] INFO  com.test.automation.driver.DriverFactory - Created new chrome driver instance
01:31:50.397 [TestNG-test=Chrome Tests-3] INFO  com.test.automation.tests.BaseTest - Started test with URL...: https://askomdch.com/
01:31:50.644 [TestNG-test=Chrome Tests-2] INFO  com.test.automation.tests.BaseTest - Started test with URL...: https://askomdch.com/
01:31:53.230 [TestNG-test=Chrome Tests-1] INFO  com.test.automation.utils.CredentialsLoader - Retrieved Username... : rayroshn@gmail.com
01:31:53.231 [TestNG-test=Chrome Tests-1] INFO  com.test.automation.utils.CredentialsLoader - Retrieved Password... : JFRoaW5haXIzMjE=
01:31:53.234 [TestNG-test=Chrome Tests-1] INFO  com.test.automation.tests.LoginTest - loader.getUsername() = rayroshn@gmail.com
01:31:53.287 [TestNG-test=Chrome Tests-4] INFO  com.test.automation.tests.BaseTest - Started test with URL...: https://askomdch.com/
01:31:53.300 [TestNG-test=Chrome Tests-4] INFO  com.test.automation.utils.CredentialsLoader - Retrieved Username... : rayroshn@gmail.com
01:31:53.300 [TestNG-test=Chrome Tests-4] INFO  com.test.automation.utils.CredentialsLoader - Retrieved Password... : JFRoaW5haXIzMjE=
01:31:53.300 [TestNG-test=Chrome Tests-4] INFO  com.test.automation.tests.LoginTestNew - loader.getUsername() = rayroshn@gmail.com
01:31:54.510 [TestNG-test=Chrome Tests-2] INFO  com.test.automation.actions.WebActions - Clicked element: By.xpath: //div[@class="main-navigation ast-inline-flex"]//ul[@id="ast-hf-menu-1"]//li//a[text() = 'Home']
01:31:54.881 [TestNG-test=Chrome Tests-4] INFO  com.test.automation.actions.WebActions - Clicked element: By.xpath: //li[@id='menu-item-1237']//a[@class='menu-link'][normalize-space()='Account']
01:31:55.000 [TestNG-test=Chrome Tests-1] INFO  com.test.automation.actions.WebActions - Clicked element: By.xpath: //li[@id='menu-item-1237']//a[@class='menu-link'][normalize-space()='Account']
01:31:55.272 [TestNG-test=Chrome Tests-2] INFO  com.test.automation.actions.WebActions - Clicked 'Add to Cart' button for product: Denim Blue Jeans
01:31:56.176 [TestNG-test=Chrome Tests-3] INFO  com.test.automation.actions.WebActions - Clicked element: By.xpath: //div[@class="main-navigation ast-inline-flex"]//ul[@id="ast-hf-menu-1"]//li//a[text() = 'Home']
01:31:57.090 [TestNG-test=Chrome Tests-3] INFO  com.test.automation.actions.WebActions - Clicked 'Add to Cart' button for product: Denim Blue Jeans
01:31:58.027 [TestNG-test=Chrome Tests-4] INFO  com.test.automation.actions.WebActions - Clicked element: By.xpath: //button[normalize-space()='Log in']
01:31:58.140 [TestNG-test=Chrome Tests-4] INFO  com.test.automation.actions.WebActions - Retrieved text: Logout
01:31:58.630 [TestNG-test=Chrome Tests-1] INFO  com.test.automation.actions.WebActions - Clicked element: By.xpath: //button[normalize-space()='Log in']
01:31:58.768 [TestNG-test=Chrome Tests-1] INFO  com.test.automation.actions.WebActions - Retrieved text: Logout
01:31:59.217 [TestNG-test=Chrome Tests-3] INFO  com.test.automation.driver.DriverFactory - Quit driver instance
01:31:59.387 [TestNG-test=Chrome Tests-2] INFO  com.test.automation.driver.DriverFactory - Quit driver instance
01:31:59.652 [TestNG-test=Chrome Tests-1] INFO  com.test.automation.driver.DriverFactory - Quit driver instance
01:31:59.926 [TestNG-test=Chrome Tests-4] INFO  com.test.automation.driver.DriverFactory - Quit driver instance
01:32:02.204 [TestNG-test=Chrome Tests-2] INFO  com.test.automation.driver.DriverFactory - Created new chrome driver instance
01:32:02.534 [TestNG-test=Chrome Tests-3] INFO  com.test.automation.driver.DriverFactory - Created new chrome driver instance
01:32:04.220 [TestNG-test=Chrome Tests-2] INFO  com.test.automation.tests.BaseTest - Started test with URL...: https://askomdch.com/
01:32:04.693 [TestNG-test=Chrome Tests-3] INFO  com.test.automation.tests.BaseTest - Started test with URL...: https://askomdch.com/
01:32:04.904 [TestNG-test=Chrome Tests-2] INFO  com.test.automation.actions.WebActions - Clicked element: By.xpath: //div[@class="main-navigation ast-inline-flex"]//ul[@id="ast-hf-menu-1"]//li//a[text() = 'Home']
01:32:05.209 [TestNG-test=Chrome Tests-2] INFO  com.test.automation.actions.WebActions - Clicked 'Add to Cart' button for product: Denim Blue Jeans
01:32:05.677 [TestNG-test=Chrome Tests-3] INFO  com.test.automation.actions.WebActions - Clicked element: By.xpath: //div[@class="main-navigation ast-inline-flex"]//ul[@id="ast-hf-menu-1"]//li//a[text() = 'Home']
01:32:05.874 [TestNG-test=Chrome Tests-3] INFO  com.test.automation.actions.WebActions - Clicked 'Add to Cart' button for product: Denim Blue Jeans
01:32:06.695 [TestNG-test=Chrome Tests-2] INFO  com.test.automation.driver.DriverFactory - Quit driver instance
01:32:06.793 [TestNG-test=Chrome Tests-3] INFO  com.test.automation.driver.DriverFactory - Quit driver instance
01:32:10.308 [TestNG-test=Firefox Tests-1] INFO  com.test.automation.driver.DriverFactory - Created new chrome driver instance
01:32:10.401 [TestNG-test=Firefox Tests-2] INFO  com.test.automation.driver.DriverFactory - Created new chrome driver instance
01:32:10.831 [TestNG-test=Firefox Tests-1] INFO  com.test.automation.tests.BaseTest - Started test with URL...: https://askomdch.com/
01:32:10.857 [TestNG-test=Firefox Tests-1] INFO  com.test.automation.utils.CredentialsLoader - Retrieved Username... : rayroshn@gmail.com
01:32:10.857 [TestNG-test=Firefox Tests-1] INFO  com.test.automation.utils.CredentialsLoader - Retrieved Password... : JFRoaW5haXIzMjE=
01:32:10.858 [TestNG-test=Firefox Tests-1] INFO  com.test.automation.tests.LoginTest - loader.getUsername() = rayroshn@gmail.com
01:32:12.075 [TestNG-test=Firefox Tests-2] INFO  com.test.automation.tests.BaseTest - Started test with URL...: https://askomdch.com/
01:32:12.666 [TestNG-test=Firefox Tests-2] INFO  com.test.automation.actions.WebActions - Clicked element: By.xpath: //div[@class="main-navigation ast-inline-flex"]//ul[@id="ast-hf-menu-1"]//li//a[text() = 'Home']
01:32:13.115 [TestNG-test=Firefox Tests-2] INFO  com.test.automation.actions.WebActions - Clicked 'Add to Cart' button for product: Denim Blue Jeans
01:32:13.189 [TestNG-test=Firefox Tests-1] INFO  com.test.automation.actions.WebActions - Clicked element: By.xpath: //li[@id='menu-item-1237']//a[@class='menu-link'][normalize-space()='Account']
01:32:13.815 [TestNG-test=Firefox Tests-2] INFO  com.test.automation.driver.DriverFactory - Quit driver instance
01:32:15.860 [TestNG-test=Firefox Tests-1] INFO  com.test.automation.actions.WebActions - Clicked element: By.xpath: //button[normalize-space()='Log in']
01:32:16.054 [TestNG-test=Firefox Tests-1] INFO  com.test.automation.actions.WebActions - Retrieved text: Logout
01:32:16.054 [TestNG-test=Firefox Tests-2] INFO  com.test.automation.driver.DriverFactory - Created new chrome driver instance
01:32:17.090 [TestNG-test=Firefox Tests-2] INFO  com.test.automation.tests.BaseTest - Started test with URL...: https://askomdch.com/
01:32:17.607 [TestNG-test=Firefox Tests-2] INFO  com.test.automation.actions.WebActions - Clicked element: By.xpath: //div[@class="main-navigation ast-inline-flex"]//ul[@id="ast-hf-menu-1"]//li//a[text() = 'Home']
01:32:17.707 [TestNG-test=Firefox Tests-1] INFO  com.test.automation.driver.DriverFactory - Quit driver instance
01:32:17.840 [TestNG-test=Firefox Tests-2] INFO  com.test.automation.actions.WebActions - Clicked 'Add to Cart' button for product: Denim Blue Jeans
01:32:18.359 [TestNG-test=Firefox Tests-2] INFO  com.test.automation.driver.DriverFactory - Quit driver instance
03:41:01.243 [TestNG-test=Chrome Tests-4] INFO  com.test.automation.driver.DriverFactory - Created new chrome driver instance
03:41:01.801 [TestNG-test=Chrome Tests-1] INFO  com.test.automation.driver.DriverFactory - Created new chrome driver instance
03:41:01.821 [TestNG-test=Chrome Tests-3] INFO  com.test.automation.driver.DriverFactory - Created new chrome driver instance
03:41:01.861 [TestNG-test=Chrome Tests-2] INFO  com.test.automation.driver.DriverFactory - Created new chrome driver instance
03:41:03.244 [TestNG-test=Chrome Tests-3] INFO  com.test.automation.tests.BaseTest - Started test with URL...: https://askomdch.com/
03:41:06.645 [TestNG-test=Chrome Tests-1] INFO  com.test.automation.tests.BaseTest - Started test with URL...: https://askomdch.com/
03:41:06.739 [TestNG-test=Chrome Tests-4] INFO  com.test.automation.tests.BaseTest - Started test with URL...: https://askomdch.com/
03:41:06.909 [TestNG-test=Chrome Tests-2] INFO  com.test.automation.tests.BaseTest - Started test with URL...: https://askomdch.com/
03:41:09.153 [TestNG-test=Chrome Tests-4] INFO  com.test.automation.utils.CredentialsLoader - Retrieved Username... : rayroshn@gmail.com
03:41:09.154 [TestNG-test=Chrome Tests-4] INFO  com.test.automation.utils.CredentialsLoader - Retrieved Password... : JFRoaW5haXIzMjE=
03:41:09.156 [TestNG-test=Chrome Tests-1] INFO  com.test.automation.utils.CredentialsLoader - Retrieved Username... : rayroshn@gmail.com
03:41:09.157 [TestNG-test=Chrome Tests-1] INFO  com.test.automation.utils.CredentialsLoader - Retrieved Password... : JFRoaW5haXIzMjE=
03:41:09.160 [TestNG-test=Chrome Tests-1] INFO  com.test.automation.tests.LoginTest - loader.getUsername() = rayroshn@gmail.com
03:41:09.160 [TestNG-test=Chrome Tests-4] INFO  com.test.automation.tests.LoginTestNew - loader.getUsername() = rayroshn@gmail.com
03:41:11.013 [TestNG-test=Chrome Tests-1] INFO  com.test.automation.actions.WebActions - Clicked element: By.xpath: //li[@id='menu-item-1237']//a[@class='menu-link'][normalize-space()='Account']
03:41:11.584 [TestNG-test=Chrome Tests-4] INFO  com.test.automation.actions.WebActions - Clicked element: By.xpath: //li[@id='menu-item-1237']//a[@class='menu-link'][normalize-space()='Account']
03:41:12.316 [TestNG-test=Chrome Tests-3] INFO  com.test.automation.actions.WebActions - Clicked element: By.xpath: //div[@class="main-navigation ast-inline-flex"]//ul[@id="ast-hf-menu-1"]//li//a[text() = 'Home']
03:41:12.919 [TestNG-test=Chrome Tests-3] INFO  com.test.automation.actions.WebActions - Clicked 'Add to Cart' button for product: Denim Blue Jeans
03:41:13.979 [TestNG-test=Chrome Tests-2] INFO  com.test.automation.actions.WebActions - Clicked element: By.xpath: //div[@class="main-navigation ast-inline-flex"]//ul[@id="ast-hf-menu-1"]//li//a[text() = 'Home']
03:41:14.422 [TestNG-test=Chrome Tests-2] INFO  com.test.automation.actions.WebActions - Clicked 'Add to Cart' button for product: Denim Blue Jeans
03:41:14.770 [TestNG-test=Chrome Tests-1] INFO  com.test.automation.actions.WebActions - Clicked element: By.xpath: //button[normalize-space()='Log in']
03:41:14.915 [TestNG-test=Chrome Tests-1] INFO  com.test.automation.actions.WebActions - Retrieved text: Logout
03:41:15.278 [TestNG-test=Chrome Tests-4] INFO  com.test.automation.actions.WebActions - Clicked element: By.xpath: //button[normalize-space()='Log in']
03:41:15.438 [TestNG-test=Chrome Tests-4] INFO  com.test.automation.actions.WebActions - Retrieved text: Logout
03:41:15.934 [TestNG-test=Chrome Tests-4] INFO  com.test.automation.driver.DriverFactory - Quit driver instance
03:41:16.014 [TestNG-test=Chrome Tests-3] INFO  com.test.automation.driver.DriverFactory - Quit driver instance
03:41:16.186 [TestNG-test=Chrome Tests-1] INFO  com.test.automation.driver.DriverFactory - Quit driver instance
03:41:16.264 [TestNG-test=Chrome Tests-2] INFO  com.test.automation.driver.DriverFactory - Quit driver instance
03:41:19.704 [TestNG-test=Chrome Tests-3] INFO  com.test.automation.driver.DriverFactory - Created new chrome driver instance
03:41:20.108 [TestNG-test=Chrome Tests-2] INFO  com.test.automation.driver.DriverFactory - Created new chrome driver instance
03:41:20.288 [TestNG-test=Chrome Tests-3] INFO  com.test.automation.tests.BaseTest - Started test with URL...: https://askomdch.com/
03:41:21.475 [TestNG-test=Chrome Tests-2] INFO  com.test.automation.tests.BaseTest - Started test with URL...: https://askomdch.com/
03:41:22.052 [TestNG-test=Chrome Tests-3] INFO  com.test.automation.actions.WebActions - Clicked element: By.xpath: //div[@class="main-navigation ast-inline-flex"]//ul[@id="ast-hf-menu-1"]//li//a[text() = 'Home']
03:41:22.356 [TestNG-test=Chrome Tests-2] INFO  com.test.automation.actions.WebActions - Clicked element: By.xpath: //div[@class="main-navigation ast-inline-flex"]//ul[@id="ast-hf-menu-1"]//li//a[text() = 'Home']
03:41:22.384 [TestNG-test=Chrome Tests-3] INFO  com.test.automation.actions.WebActions - Clicked 'Add to Cart' button for product: Denim Blue Jeans
03:41:22.782 [TestNG-test=Chrome Tests-2] INFO  com.test.automation.actions.WebActions - Clicked 'Add to Cart' button for product: Denim Blue Jeans
03:41:23.399 [TestNG-test=Chrome Tests-3] INFO  com.test.automation.driver.DriverFactory - Quit driver instance
03:41:23.477 [TestNG-test=Chrome Tests-2] INFO  com.test.automation.driver.DriverFactory - Quit driver instance
03:41:26.919 [TestNG-test=Firefox Tests-1] INFO  com.test.automation.driver.DriverFactory - Created new chrome driver instance
03:41:27.071 [TestNG-test=Firefox Tests-2] INFO  com.test.automation.driver.DriverFactory - Created new chrome driver instance
03:41:27.561 [TestNG-test=Firefox Tests-2] INFO  com.test.automation.tests.BaseTest - Started test with URL...: https://askomdch.com/
03:41:28.937 [TestNG-test=Firefox Tests-1] INFO  com.test.automation.tests.BaseTest - Started test with URL...: https://askomdch.com/
03:41:28.957 [TestNG-test=Firefox Tests-1] INFO  com.test.automation.utils.CredentialsLoader - Retrieved Username... : rayroshn@gmail.com
03:41:28.958 [TestNG-test=Firefox Tests-1] INFO  com.test.automation.utils.CredentialsLoader - Retrieved Password... : JFRoaW5haXIzMjE=
03:41:28.958 [TestNG-test=Firefox Tests-1] INFO  com.test.automation.tests.LoginTest - loader.getUsername() = rayroshn@gmail.com
03:41:29.445 [TestNG-test=Firefox Tests-2] INFO  com.test.automation.actions.WebActions - Clicked element: By.xpath: //div[@class="main-navigation ast-inline-flex"]//ul[@id="ast-hf-menu-1"]//li//a[text() = 'Home']
03:41:29.691 [TestNG-test=Firefox Tests-2] INFO  com.test.automation.actions.WebActions - Clicked 'Add to Cart' button for product: Denim Blue Jeans
03:41:30.045 [TestNG-test=Firefox Tests-2] INFO  com.test.automation.driver.DriverFactory - Quit driver instance
03:41:30.452 [TestNG-test=Firefox Tests-1] INFO  com.test.automation.actions.WebActions - Clicked element: By.xpath: //li[@id='menu-item-1237']//a[@class='menu-link'][normalize-space()='Account']
03:41:32.305 [TestNG-test=Firefox Tests-2] INFO  com.test.automation.driver.DriverFactory - Created new chrome driver instance
03:41:32.518 [TestNG-test=Firefox Tests-1] INFO  com.test.automation.actions.WebActions - Clicked element: By.xpath: //button[normalize-space()='Log in']
03:41:32.596 [TestNG-test=Firefox Tests-1] INFO  com.test.automation.actions.WebActions - Retrieved text: Logout
03:41:32.762 [TestNG-test=Firefox Tests-2] INFO  com.test.automation.tests.BaseTest - Started test with URL...: https://askomdch.com/
03:41:33.637 [TestNG-test=Firefox Tests-1] INFO  com.test.automation.driver.DriverFactory - Quit driver instance
03:41:33.764 [TestNG-test=Firefox Tests-2] INFO  com.test.automation.actions.WebActions - Clicked element: By.xpath: //div[@class="main-navigation ast-inline-flex"]//ul[@id="ast-hf-menu-1"]//li//a[text() = 'Home']
03:41:33.958 [TestNG-test=Firefox Tests-2] INFO  com.test.automation.actions.WebActions - Clicked 'Add to Cart' button for product: Denim Blue Jeans
03:41:34.320 [TestNG-test=Firefox Tests-2] INFO  com.test.automation.driver.DriverFactory - Quit driver instance
